<?xml version="1.0" encoding="UTF-8"?>
<testsuite xmlns:xsi="http://www.w3.org/2001/XMLSchema-instance" xsi:noNamespaceSchemaLocation="https://maven.apache.org/surefire/maven-surefire-plugin/xsd/surefire-test-report-3.0.xsd" version="3.0" name="com.MyBackEnd.BackendApplicationTests" time="18.442" tests="1" errors="0" skipped="0" failures="0">
  <properties>
[...]
</properties>
  <testcase name="contextLoads" classname="com.MyBackEnd.BackendApplicationTests" time="0.937">
    <system-out><![CDATA[10:37:56.238 [main] INFO org.springframework.test.context.support.AnnotationConfigContextLoaderUtils -- Could not detect default configuration classes for test class [com.MyBackEnd.BackendApplicationTests]: BackendApplicationTests does not declare any static, non-private, non-final, nested classes annotated with @Configuration.
10:37:56.544 [main] INFO org.springframework.boot.test.context.SpringBootTestContextBootstrapper -- Found @SpringBootConfiguration com.MyBackEnd.BackendApplication for test class com.MyBackEnd.BackendApplicationTests

  .   ____          _            __ _ _
 /\\ / ___'_ __ _ _(_)_ __  __ _ \ \ \ \
( ( )\___ | '_ | '_| | '_ \/ _` | \ \ \ \
 \\/  ___)| |_)| | | | | || (_| |  ) ) ) )
  '  |____| .__|_| |_|_| |_\__, | / / / /
 =========|_|==============|___/=/_/_/_/

 :: Spring Boot ::                (v3.3.5)

2024-12-14T10:37:57.519+01:00  INFO 9844 --- [backend] [           main] com.MyBackEnd.BackendApplicationTests    : Starting BackendApplicationTests using Java 21.0.2 with PID 9844 (started by hp in C:\Users\hp\Desktop\coding_programing\W1W_backend_SpringBoot)
2024-12-14T10:37:57.523+01:00  INFO 9844 --- [backend] [           main] com.MyBackEnd.BackendApplicationTests    : No active profile set, falling back to 1 default profile: "default"
2024-12-14T10:37:57.525+01:00 DEBUG 9844 --- [backend] [           main] o.s.boot.SpringApplication               : Loading source class com.MyBackEnd.BackendApplication
2024-12-14T10:37:57.588+01:00 DEBUG 9844 --- [backend] [           main] o.s.w.c.s.GenericWebApplicationContext   : Refreshing org.springframework.web.context.support.GenericWebApplicationContext@1c807b1d
2024-12-14T10:37:57.623+01:00 DEBUG 9844 --- [backend] [           main] o.s.b.f.s.DefaultListableBeanFactory     : Creating shared instance of singleton bean 'org.springframework.context.annotation.internalConfigurationAnnotationProcessor'
2024-12-14T10:37:57.647+01:00 DEBUG 9844 --- [backend] [           main] o.s.b.f.s.DefaultListableBeanFactory     : Creating shared instance of singleton bean 'org.springframework.boot.autoconfigure.internalCachingMetadataReaderFactory'
2024-12-14T10:37:57.754+01:00 DEBUG 9844 --- [backend] [           main] o.s.c.a.ClassPathBeanDefinitionScanner   : Identified candidate component class: file [C:\Users\hp\Desktop\coding_programing\W1W_backend_SpringBoot\target\classes\com\MyBackEnd\config\filters\JWTAuthFilter.class]
2024-12-14T10:37:57.768+01:00 DEBUG 9844 --- [backend] [           main] o.s.c.a.ClassPathBeanDefinitionScanner   : Identified candidate component class: file [C:\Users\hp\Desktop\coding_programing\W1W_backend_SpringBoot\target\classes\com\MyBackEnd\config\security\SecurityConfig.class]
2024-12-14T10:37:57.787+01:00 DEBUG 9844 --- [backend] [           main] o.s.c.a.ClassPathBeanDefinitionScanner   : Identified candidate component class: file [C:\Users\hp\Desktop\coding_programing\W1W_backend_SpringBoot\target\classes\com\MyBackEnd\controllers\AuthController.class]
2024-12-14T10:37:57.796+01:00 DEBUG 9844 --- [backend] [           main] o.s.c.a.ClassPathBeanDefinitionScanner   : Identified candidate component class: file [C:\Users\hp\Desktop\coding_programing\W1W_backend_SpringBoot\target\classes\com\MyBackEnd\controllers\ContributorsController.class]
2024-12-14T10:37:57.799+01:00 DEBUG 9844 --- [backend] [           main] o.s.c.a.ClassPathBeanDefinitionScanner   : Identified candidate component class: file [C:\Users\hp\Desktop\coding_programing\W1W_backend_SpringBoot\target\classes\com\MyBackEnd\controllers\IndexController.class]
2024-12-14T10:37:57.803+01:00 DEBUG 9844 --- [backend] [           main] o.s.c.a.ClassPathBeanDefinitionScanner   : Identified candidate component class: file [C:\Users\hp\Desktop\coding_programing\W1W_backend_SpringBoot\target\classes\com\MyBackEnd\controllers\ProjectController.class]
2024-12-14T10:37:57.804+01:00 DEBUG 9844 --- [backend] [           main] o.s.c.a.ClassPathBeanDefinitionScanner   : Identified candidate component class: file [C:\Users\hp\Desktop\coding_programing\W1W_backend_SpringBoot\target\classes\com\MyBackEnd\controllers\TaskAssignmentController.class]
2024-12-14T10:37:57.806+01:00 DEBUG 9844 --- [backend] [           main] o.s.c.a.ClassPathBeanDefinitionScanner   : Identified candidate component class: file [C:\Users\hp\Desktop\coding_programing\W1W_backend_SpringBoot\target\classes\com\MyBackEnd\controllers\TaskController.class]
2024-12-14T10:37:57.809+01:00 DEBUG 9844 --- [backend] [           main] o.s.c.a.ClassPathBeanDefinitionScanner   : Identified candidate component class: file [C:\Users\hp\Desktop\coding_programing\W1W_backend_SpringBoot\target\classes\com\MyBackEnd\helpers\ExtractUserIDFromTokenHelper.class]
2024-12-14T10:37:57.822+01:00 DEBUG 9844 --- [backend] [           main] o.s.c.a.ClassPathBeanDefinitionScanner   : Ignored because not a concrete top-level class: file [C:\Users\hp\Desktop\coding_programing\W1W_backend_SpringBoot\target\classes\com\MyBackEnd\repository\ProjectRepository.class]
2024-12-14T10:37:57.824+01:00 DEBUG 9844 --- [backend] [           main] o.s.c.a.ClassPathBeanDefinitionScanner   : Ignored because not a concrete top-level class: file [C:\Users\hp\Desktop\coding_programing\W1W_backend_SpringBoot\target\classes\com\MyBackEnd\repository\TaskAssignmentRepository.class]
2024-12-14T10:37:57.825+01:00 DEBUG 9844 --- [backend] [           main] o.s.c.a.ClassPathBeanDefinitionScanner   : Ignored because not a concrete top-level class: file [C:\Users\hp\Desktop\coding_programing\W1W_backend_SpringBoot\target\classes\com\MyBackEnd\repository\TaskRepository.class]
2024-12-14T10:37:57.826+01:00 DEBUG 9844 --- [backend] [           main] o.s.c.a.ClassPathBeanDefinitionScanner   : Ignored because not a concrete top-level class: file [C:\Users\hp\Desktop\coding_programing\W1W_backend_SpringBoot\target\classes\com\MyBackEnd\repository\UserProjectRoleRepository.class]
2024-12-14T10:37:57.828+01:00 DEBUG 9844 --- [backend] [           main] o.s.c.a.ClassPathBeanDefinitionScanner   : Ignored because not a concrete top-level class: file [C:\Users\hp\Desktop\coding_programing\W1W_backend_SpringBoot\target\classes\com\MyBackEnd\repository\UserRepository.class]
2024-12-14T10:37:57.831+01:00 DEBUG 9844 --- [backend] [           main] o.s.c.a.ClassPathBeanDefinitionScanner   : Identified candidate component class: file [C:\Users\hp\Desktop\coding_programing\W1W_backend_SpringBoot\target\classes\com\MyBackEnd\services\auth\MyCustomUserDetailsService.class]
2024-12-14T10:37:57.832+01:00 DEBUG 9844 --- [backend] [           main] o.s.c.a.ClassPathBeanDefinitionScanner   : Identified candidate component class: file [C:\Users\hp\Desktop\coding_programing\W1W_backend_SpringBoot\target\classes\com\MyBackEnd\services\auth\UserService.class]
2024-12-14T10:37:57.833+01:00 DEBUG 9844 --- [backend] [           main] o.s.c.a.ClassPathBeanDefinitionScanner   : Identified candidate component class: file [C:\Users\hp\Desktop\coding_programing\W1W_backend_SpringBoot\target\classes\com\MyBackEnd\services\ContributorsService.class]
2024-12-14T10:37:57.833+01:00 DEBUG 9844 --- [backend] [           main] o.s.c.a.ClassPathBeanDefinitionScanner   : Identified candidate component class: file [C:\Users\hp\Desktop\coding_programing\W1W_backend_SpringBoot\target\classes\com\MyBackEnd\services\JwtTokenServices.class]
2024-12-14T10:37:57.836+01:00 DEBUG 9844 --- [backend] [           main] o.s.c.a.ClassPathBeanDefinitionScanner   : Identified candidate component class: file [C:\Users\hp\Desktop\coding_programing\W1W_backend_SpringBoot\target\classes\com\MyBackEnd\services\ProjectService.class]
2024-12-14T10:37:57.837+01:00 DEBUG 9844 --- [backend] [           main] o.s.c.a.ClassPathBeanDefinitionScanner   : Identified candidate component class: file [C:\Users\hp\Desktop\coding_programing\W1W_backend_SpringBoot\target\classes\com\MyBackEnd\services\TaskAssignmentService.class]
2024-12-14T10:37:57.838+01:00 DEBUG 9844 --- [backend] [           main] o.s.c.a.ClassPathBeanDefinitionScanner   : Identified candidate component class: file [C:\Users\hp\Desktop\coding_programing\W1W_backend_SpringBoot\target\classes\com\MyBackEnd\services\TaskService.class]
2024-12-14T10:37:59.353+01:00  INFO 9844 --- [backend] [           main] .s.d.r.c.RepositoryConfigurationDelegate : Bootstrapping Spring Data JPA repositories in DEFAULT mode.
2024-12-14T10:37:59.365+01:00 DEBUG 9844 --- [backend] [           main] o.s.b.f.s.DefaultListableBeanFactory     : Creating shared instance of singleton bean 'org.springframework.boot.autoconfigure.AutoConfigurationPackages'
2024-12-14T10:37:59.377+01:00 DEBUG 9844 --- [backend] [           main] o.s.b.a.AutoConfigurationPackages        : @EnableAutoConfiguration was declared on a class in the package 'com.MyBackEnd'. Automatic @Repository and @Entity scanning is enabled.
2024-12-14T10:37:59.379+01:00 DEBUG 9844 --- [backend] [           main] .s.d.r.c.RepositoryConfigurationDelegate : Scanning for JPA repositories in packages com.MyBackEnd.
2024-12-14T10:37:59.404+01:00 DEBUG 9844 --- [backend] [           main] o.s.d.r.c.RepositoryComponentProvider    : Identified candidate component class: file [C:\Users\hp\Desktop\coding_programing\W1W_backend_SpringBoot\target\classes\com\MyBackEnd\repository\ProjectRepository.class]
2024-12-14T10:37:59.405+01:00 DEBUG 9844 --- [backend] [           main] o.s.d.r.c.RepositoryComponentProvider    : Identified candidate component class: file [C:\Users\hp\Desktop\coding_programing\W1W_backend_SpringBoot\target\classes\com\MyBackEnd\repository\TaskAssignmentRepository.class]
2024-12-14T10:37:59.406+01:00 DEBUG 9844 --- [backend] [           main] o.s.d.r.c.RepositoryComponentProvider    : Identified candidate component class: file [C:\Users\hp\Desktop\coding_programing\W1W_backend_SpringBoot\target\classes\com\MyBackEnd\repository\TaskRepository.class]
2024-12-14T10:37:59.407+01:00 DEBUG 9844 --- [backend] [           main] o.s.d.r.c.RepositoryComponentProvider    : Identified candidate component class: file [C:\Users\hp\Desktop\coding_programing\W1W_backend_SpringBoot\target\classes\com\MyBackEnd\repository\UserProjectRoleRepository.class]
2024-12-14T10:37:59.407+01:00 DEBUG 9844 --- [backend] [           main] o.s.d.r.c.RepositoryComponentProvider    : Identified candidate component class: file [C:\Users\hp\Desktop\coding_programing\W1W_backend_SpringBoot\target\classes\com\MyBackEnd\repository\UserRepository.class]
2024-12-14T10:37:59.485+01:00  INFO 9844 --- [backend] [           main] .s.d.r.c.RepositoryConfigurationDelegate : Finished Spring Data repository scanning in 103 ms. Found 5 JPA repository interfaces.
2024-12-14T10:37:59.699+01:00 DEBUG 9844 --- [backend] [           main] o.s.b.f.s.DefaultListableBeanFactory     : Creating shared instance of singleton bean 'springSecurityHandlerMappingIntrospectorBeanDefinitionRegistryPostProcessor'
2024-12-14T10:37:59.902+01:00 DEBUG 9844 --- [backend] [           main] o.s.b.f.s.DefaultListableBeanFactory     : Creating shared instance of singleton bean 'propertySourcesPlaceholderConfigurer'
2024-12-14T10:37:59.910+01:00 DEBUG 9844 --- [backend] [           main] o.s.b.f.s.DefaultListableBeanFactory     : Creating shared instance of singleton bean 'org.springframework.boot.test.mock.mockito.MockitoPostProcessor'
2024-12-14T10:37:59.913+01:00 DEBUG 9844 --- [backend] [           main] o.s.b.f.s.DefaultListableBeanFactory     : Creating shared instance of singleton bean 'emBeanDefinitionRegistrarPostProcessor'
2024-12-14T10:37:59.913+01:00 DEBUG 9844 --- [backend] [           main] o.s.b.f.s.DefaultListableBeanFactory     : Creating shared instance of singleton bean 'org.springframework.boot.sql.init.dependency.DatabaseInitializationDependencyConfigurer$DependsOnDatabaseInitializationPostProcessor'
2024-12-14T10:38:00.036+01:00 DEBUG 9844 --- [backend] [           main] o.s.b.f.s.DefaultListableBeanFactory     : Creating shared instance of singleton bean 'org.springframework.context.event.internalEventListenerProcessor'
2024-12-14T10:38:00.042+01:00 DEBUG 9844 --- [backend] [           main] o.s.b.f.s.DefaultListableBeanFactory     : Creating shared instance of singleton bean 'conversionServicePostProcessor'
2024-12-14T10:38:00.072+01:00 DEBUG 9844 --- [backend] [           main] o.s.b.f.s.DefaultListableBeanFactory     : Creating shared instance of singleton bean 'preserveErrorControllerTargetClassPostProcessor'
2024-12-14T10:38:00.074+01:00 DEBUG 9844 --- [backend] [           main] o.s.b.f.s.DefaultListableBeanFactory     : Creating shared instance of singleton bean 'org.springframework.context.event.internalEventListenerFactory'
2024-12-14T10:38:00.074+01:00 DEBUG 9844 --- [backend] [           main] o.s.b.f.s.DefaultListableBeanFactory     : Creating shared instance of singleton bean 'org.springframework.transaction.config.internalTransactionalEventListenerFactory'
2024-12-14T10:38:00.081+01:00 DEBUG 9844 --- [backend] [           main] o.s.b.f.s.DefaultListableBeanFactory     : Creating shared instance of singleton bean 'org.springframework.boot.test.mock.mockito.MockitoPostProcessor$SpyPostProcessor'
2024-12-14T10:38:00.083+01:00 DEBUG 9844 --- [backend] [           main] o.s.b.f.s.DefaultListableBeanFactory     : Creating shared instance of singleton bean 'org.springframework.context.annotation.internalAutowiredAnnotationProcessor'
2024-12-14T10:38:00.087+01:00 DEBUG 9844 --- [backend] [           main] o.s.b.f.s.DefaultListableBeanFactory     : Creating shared instance of singleton bean 'org.springframework.context.annotation.internalCommonAnnotationProcessor'
2024-12-14T10:38:00.103+01:00 DEBUG 9844 --- [backend] [           main] o.s.b.f.s.DefaultListableBeanFactory     : Creating shared instance of singleton bean 'org.springframework.context.annotation.internalPersistenceAnnotationProcessor'
2024-12-14T10:38:00.105+01:00 DEBUG 9844 --- [backend] [           main] o.s.b.f.s.DefaultListableBeanFactory     : Creating shared instance of singleton bean 'org.springframework.boot.context.properties.ConfigurationPropertiesBindingPostProcessor'
2024-12-14T10:38:00.106+01:00 DEBUG 9844 --- [backend] [           main] o.s.b.f.s.DefaultListableBeanFactory     : Creating shared instance of singleton bean 'org.springframework.boot.context.internalConfigurationPropertiesBinder'
2024-12-14T10:38:00.112+01:00 DEBUG 9844 --- [backend] [           main] o.s.b.f.s.DefaultListableBeanFactory     : Creating shared instance of singleton bean 'jdbcConnectionDetailsHikariBeanPostProcessor'
2024-12-14T10:38:00.119+01:00 DEBUG 9844 --- [backend] [           main] o.s.b.f.s.DefaultListableBeanFactory     : Creating shared instance of singleton bean 'org.springframework.aop.config.internalAutoProxyCreator'
2024-12-14T10:38:00.169+01:00 DEBUG 9844 --- [backend] [           main] o.s.b.f.s.DefaultListableBeanFactory     : Creating shared instance of singleton bean 'persistenceExceptionTranslationPostProcessor'
2024-12-14T10:38:00.198+01:00 DEBUG 9844 --- [backend] [           main] o.s.b.f.s.DefaultListableBeanFactory     : Autowiring by type from bean name 'persistenceExceptionTranslationPostProcessor' via factory method to bean named 'environment'
2024-12-14T10:38:00.216+01:00 DEBUG 9844 --- [backend] [           main] o.s.b.f.s.DefaultListableBeanFactory     : Creating shared instance of singleton bean 'webServerFactoryCustomizerBeanPostProcessor'
2024-12-14T10:38:00.220+01:00 DEBUG 9844 --- [backend] [           main] o.s.b.f.s.DefaultListableBeanFactory     : Creating shared instance of singleton bean 'errorPageRegistrarBeanPostProcessor'
2024-12-14T10:38:00.224+01:00 DEBUG 9844 --- [backend] [           main] o.s.b.f.s.DefaultListableBeanFactory     : Creating shared instance of singleton bean 'projectingArgumentResolverBeanPostProcessor'
2024-12-14T10:38:00.234+01:00 DEBUG 9844 --- [backend] [           main] o.s.b.f.s.DefaultListableBeanFactory     : Creating shared instance of singleton bean 'org.springframework.transaction.config.internalTransactionAdvisor'
2024-12-14T10:38:00.235+01:00 DEBUG 9844 --- [backend] [           main] o.s.b.f.s.DefaultListableBeanFactory     : Creating shared instance of singleton bean 'org.springframework.transaction.annotation.ProxyTransactionManagementConfiguration'
2024-12-14T10:38:00.280+01:00 DEBUG 9844 --- [backend] [           main] o.s.b.f.s.DefaultListableBeanFactory     : Creating shared instance of singleton bean 'transactionAttributeSource'
2024-12-14T10:38:00.285+01:00 DEBUG 9844 --- [backend] [           main] o.s.b.f.s.DefaultListableBeanFactory     : Creating shared instance of singleton bean 'transactionInterceptor'
2024-12-14T10:38:00.287+01:00 DEBUG 9844 --- [backend] [           main] o.s.b.f.s.DefaultListableBeanFactory     : Autowiring by type from bean name 'transactionInterceptor' via factory method to bean named 'transactionAttributeSource'
2024-12-14T10:38:00.315+01:00 DEBUG 9844 --- [backend] [           main] o.s.b.f.s.DefaultListableBeanFactory     : Autowiring by type from bean name 'org.springframework.transaction.config.internalTransactionAdvisor' via factory method to bean named 'transactionAttributeSource'
2024-12-14T10:38:00.315+01:00 DEBUG 9844 --- [backend] [           main] o.s.b.f.s.DefaultListableBeanFactory     : Autowiring by type from bean name 'org.springframework.transaction.config.internalTransactionAdvisor' via factory method to bean named 'transactionInterceptor'
2024-12-14T10:38:00.431+01:00 DEBUG 9844 --- [backend] [           main] o.s.u.c.s.UiApplicationContextUtils      : Unable to locate ThemeSource with name 'themeSource': using default [org.springframework.ui.context.support.ResourceBundleThemeSource@2e463f4]
2024-12-14T10:38:00.434+01:00 DEBUG 9844 --- [backend] [           main] o.s.b.f.s.DefaultListableBeanFactory     : Creating shared instance of singleton bean 'dataSourceScriptDatabaseInitializer'
2024-12-14T10:38:00.435+01:00 DEBUG 9844 --- [backend] [           main] o.s.b.f.s.DefaultListableBeanFactory     : Creating shared instance of singleton bean 'org.springframework.boot.autoconfigure.sql.init.DataSourceInitializationConfiguration'
2024-12-14T10:38:00.443+01:00 DEBUG 9844 --- [backend] [           main] o.s.b.f.s.DefaultListableBeanFactory     : Creating shared instance of singleton bean 'dataSource'
2024-12-14T10:38:00.444+01:00 DEBUG 9844 --- [backend] [           main] o.s.b.f.s.DefaultListableBeanFactory     : Creating shared instance of singleton bean 'org.springframework.boot.autoconfigure.jdbc.DataSourceConfiguration$Hikari'
2024-12-14T10:38:00.448+01:00 DEBUG 9844 --- [backend] [           main] o.s.b.f.s.DefaultListableBeanFactory     : Creating shared instance of singleton bean 'spring.datasource-org.springframework.boot.autoconfigure.jdbc.DataSourceProperties'
2024-12-14T10:38:00.451+01:00 DEBUG 9844 --- [backend] [           main] o.s.b.f.s.DefaultListableBeanFactory     : Creating shared instance of singleton bean 'org.springframework.boot.context.properties.BoundConfigurationProperties'
2024-12-14T10:38:00.551+01:00 DEBUG 9844 --- [backend] [           main] o.s.b.f.s.DefaultListableBeanFactory     : Creating shared instance of singleton bean 'jdbcConnectionDetails'
2024-12-14T10:38:00.551+01:00 DEBUG 9844 --- [backend] [           main] o.s.b.f.s.DefaultListableBeanFactory     : Creating shared instance of singleton bean 'org.springframework.boot.autoconfigure.jdbc.DataSourceAutoConfiguration$PooledDataSourceConfiguration'
2024-12-14T10:38:00.553+01:00 DEBUG 9844 --- [backend] [           main] o.s.b.f.s.DefaultListableBeanFactory     : Autowiring by type from bean name 'jdbcConnectionDetails' via factory method to bean named 'spring.datasource-org.springframework.boot.autoconfigure.jdbc.DataSourceProperties'
2024-12-14T10:38:00.560+01:00 DEBUG 9844 --- [backend] [           main] o.s.b.f.s.DefaultListableBeanFactory     : Autowiring by type from bean name 'dataSource' via factory method to bean named 'spring.datasource-org.springframework.boot.autoconfigure.jdbc.DataSourceProperties'
2024-12-14T10:38:00.560+01:00 DEBUG 9844 --- [backend] [           main] o.s.b.f.s.DefaultListableBeanFactory     : Autowiring by type from bean name 'dataSource' via factory method to bean named 'jdbcConnectionDetails'
2024-12-14T10:38:00.661+01:00 DEBUG 9844 --- [backend] [           main] o.s.b.f.s.DefaultListableBeanFactory     : Creating shared instance of singleton bean 'spring.sql.init-org.springframework.boot.autoconfigure.sql.init.SqlInitializationProperties'
2024-12-14T10:38:00.679+01:00 DEBUG 9844 --- [backend] [           main] o.s.b.f.s.DefaultListableBeanFactory     : Autowiring by type from bean name 'dataSourceScriptDatabaseInitializer' via factory method to bean named 'dataSource'
2024-12-14T10:38:00.680+01:00 DEBUG 9844 --- [backend] [           main] o.s.b.f.s.DefaultListableBeanFactory     : Autowiring by type from bean name 'dataSourceScriptDatabaseInitializer' via factory method to bean named 'spring.sql.init-org.springframework.boot.autoconfigure.sql.init.SqlInitializationProperties'
2024-12-14T10:38:00.702+01:00 DEBUG 9844 --- [backend] [           main] o.s.b.f.s.DefaultListableBeanFactory     : Creating shared instance of singleton bean 'entityManagerFactory'
2024-12-14T10:38:00.708+01:00 DEBUG 9844 --- [backend] [           main] o.s.b.f.s.DefaultListableBeanFactory     : Creating shared instance of singleton bean 'org.springframework.boot.autoconfigure.orm.jpa.HibernateJpaConfiguration'
2024-12-14T10:38:00.712+01:00 DEBUG 9844 --- [backend] [           main] o.s.b.f.s.DefaultListableBeanFactory     : Creating shared instance of singleton bean 'spring.jpa-org.springframework.boot.autoconfigure.orm.jpa.JpaProperties'
2024-12-14T10:38:00.744+01:00 DEBUG 9844 --- [backend] [           main] o.s.b.f.s.DefaultListableBeanFactory     : Creating shared instance of singleton bean 'spring.jpa.hibernate-org.springframework.boot.autoconfigure.orm.jpa.HibernateProperties'
2024-12-14T10:38:00.763+01:00 DEBUG 9844 --- [backend] [           main] o.s.b.f.s.DefaultListableBeanFactory     : Autowiring by type from bean name 'org.springframework.boot.autoconfigure.orm.jpa.HibernateJpaConfiguration' via constructor to bean named 'dataSource'
2024-12-14T10:38:00.763+01:00 DEBUG 9844 --- [backend] [           main] o.s.b.f.s.DefaultListableBeanFactory     : Autowiring by type from bean name 'org.springframework.boot.autoconfigure.orm.jpa.HibernateJpaConfiguration' via constructor to bean named 'spring.jpa-org.springframework.boot.autoconfigure.orm.jpa.JpaProperties'
2024-12-14T10:38:00.765+01:00 DEBUG 9844 --- [backend] [           main] o.s.b.f.s.DefaultListableBeanFactory     : Autowiring by type from bean name 'org.springframework.boot.autoconfigure.orm.jpa.HibernateJpaConfiguration' via constructor to bean named 'org.springframework.beans.factory.support.DefaultListableBeanFactory@6a9287b1'
2024-12-14T10:38:00.766+01:00 DEBUG 9844 --- [backend] [           main] o.s.b.f.s.DefaultListableBeanFactory     : Autowiring by type from bean name 'org.springframework.boot.autoconfigure.orm.jpa.HibernateJpaConfiguration' via constructor to bean named 'spring.jpa.hibernate-org.springframework.boot.autoconfigure.orm.jpa.HibernateProperties'
2024-12-14T10:38:00.783+01:00 DEBUG 9844 --- [backend] [           main] o.s.b.f.s.DefaultListableBeanFactory     : Creating shared instance of singleton bean 'hikariPoolDataSourceMetadataProvider'
2024-12-14T10:38:00.783+01:00 DEBUG 9844 --- [backend] [           main] o.s.b.f.s.DefaultListableBeanFactory     : Creating shared instance of singleton bean 'org.springframework.boot.autoconfigure.jdbc.metadata.DataSourcePoolMetadataProvidersConfiguration$HikariPoolDataSourceMetadataProviderConfiguration'
2024-12-14T10:38:00.810+01:00 DEBUG 9844 --- [backend] [           main] o.s.b.f.s.DefaultListableBeanFactory     : Creating shared instance of singleton bean 'entityManagerFactoryBuilder'
2024-12-14T10:38:00.812+01:00 DEBUG 9844 --- [backend] [           main] o.s.b.f.s.DefaultListableBeanFactory     : Creating shared instance of singleton bean 'jpaVendorAdapter'
2024-12-14T10:38:00.859+01:00 DEBUG 9844 --- [backend] [           main] o.s.b.f.s.DefaultListableBeanFactory     : Autowiring by type from bean name 'entityManagerFactoryBuilder' via factory method to bean named 'jpaVendorAdapter'
2024-12-14T10:38:00.881+01:00 DEBUG 9844 --- [backend] [           main] o.s.b.f.s.DefaultListableBeanFactory     : Creating shared instance of singleton bean 'persistenceManagedTypes'
2024-12-14T10:38:00.886+01:00 DEBUG 9844 --- [backend] [           main] o.s.b.f.s.DefaultListableBeanFactory     : Autowiring by type from bean name 'persistenceManagedTypes' via factory method to bean named 'org.springframework.beans.factory.support.DefaultListableBeanFactory@6a9287b1'
2024-12-14T10:38:00.887+01:00 DEBUG 9844 --- [backend] [           main] o.s.b.f.s.DefaultListableBeanFactory     : Autowiring by type from bean name 'persistenceManagedTypes' via factory method to bean named 'org.springframework.web.context.support.GenericWebApplicationContext@1c807b1d'
2024-12-14T10:38:00.936+01:00 DEBUG 9844 --- [backend] [           main] o.s.b.f.s.DefaultListableBeanFactory     : Autowiring by type from bean name 'entityManagerFactory' via factory method to bean named 'entityManagerFactoryBuilder'
2024-12-14T10:38:00.938+01:00 DEBUG 9844 --- [backend] [           main] o.s.b.f.s.DefaultListableBeanFactory     : Autowiring by type from bean name 'entityManagerFactory' via factory method to bean named 'persistenceManagedTypes'
2024-12-14T10:38:01.027+01:00 DEBUG 9844 --- [backend] [           main] j.LocalContainerEntityManagerFactoryBean : Building JPA container EntityManagerFactory for persistence unit 'default'
2024-12-14T10:38:01.126+01:00  INFO 9844 --- [backend] [           main] o.hibernate.jpa.internal.util.LogHelper  : HHH000204: Processing PersistenceUnitInfo [name: default]
2024-12-14T10:38:01.316+01:00  INFO 9844 --- [backend] [           main] org.hibernate.Version                    : HHH000412: Hibernate ORM core version 6.5.3.Final
2024-12-14T10:38:01.389+01:00  INFO 9844 --- [backend] [           main] o.h.c.internal.RegionFactoryInitiator    : HHH000026: Second-level cache disabled
2024-12-14T10:38:02.400+01:00  INFO 9844 --- [backend] [           main] o.s.o.j.p.SpringPersistenceUnitInfo      : No LoadTimeWeaver setup: ignoring JPA class transformer
2024-12-14T10:38:02.517+01:00  INFO 9844 --- [backend] [           main] com.zaxxer.hikari.HikariDataSource       : HikariPool-1 - Starting...
2024-12-14T10:38:04.320+01:00  INFO 9844 --- [backend] [           main] com.zaxxer.hikari.pool.HikariPool        : HikariPool-1 - Added connection org.postgresql.jdbc.PgConnection@3c27f72
2024-12-14T10:38:04.323+01:00  INFO 9844 --- [backend] [           main] com.zaxxer.hikari.HikariDataSource       : HikariPool-1 - Start completed.
2024-12-14T10:38:04.518+01:00  WARN 9844 --- [backend] [           main] org.hibernate.orm.deprecation            : HHH90000025: PostgreSQLDialect does not need to be specified explicitly using 'hibernate.dialect' (remove the property setting and it will be selected by default)
2024-12-14T10:38:06.877+01:00  INFO 9844 --- [backend] [           main] o.h.e.t.j.p.i.JtaPlatformInitiator       : HHH000489: No JTA platform available (set 'hibernate.transaction.jta.platform' to enable JTA platform integration)
2024-12-14T10:38:07.528+01:00  WARN 9844 --- [backend] [           main] o.h.t.s.i.ExceptionHandlerLoggedImpl     : GenerationTarget encountered exception accepting command : Error executing DDL "alter table if exists users alter column color set data type integer" via JDBC [ERROR: integer out of range]

org.hibernate.tool.schema.spi.CommandAcceptanceException: Error executing DDL "alter table if exists users alter column color set data type integer" via JDBC [ERROR: integer out of range]
	at org.hibernate.tool.schema.internal.exec.GenerationTargetToDatabase.accept(GenerationTargetToDatabase.java:94) ~[hibernate-core-6.5.3.Final.jar:6.5.3.Final]
	at org.hibernate.tool.schema.internal.AbstractSchemaMigrator.applySqlString(AbstractSchemaMigrator.java:583) ~[hibernate-core-6.5.3.Final.jar:6.5.3.Final]
	at org.hibernate.tool.schema.internal.AbstractSchemaMigrator.applySqlStrings(AbstractSchemaMigrator.java:523) ~[hibernate-core-6.5.3.Final.jar:6.5.3.Final]
	at org.hibernate.tool.schema.internal.AbstractSchemaMigrator.migrateTable(AbstractSchemaMigrator.java:341) ~[hibernate-core-6.5.3.Final.jar:6.5.3.Final]
	at org.hibernate.tool.schema.internal.GroupedSchemaMigratorImpl.performTablesMigration(GroupedSchemaMigratorImpl.java:84) ~[hibernate-core-6.5.3.Final.jar:6.5.3.Final]
	at org.hibernate.tool.schema.internal.AbstractSchemaMigrator.performMigration(AbstractSchemaMigrator.java:240) ~[hibernate-core-6.5.3.Final.jar:6.5.3.Final]
	at org.hibernate.tool.schema.internal.AbstractSchemaMigrator.doMigration(AbstractSchemaMigrator.java:119) ~[hibernate-core-6.5.3.Final.jar:6.5.3.Final]
	at org.hibernate.tool.schema.spi.SchemaManagementToolCoordinator.performDatabaseAction(SchemaManagementToolCoordinator.java:280) ~[hibernate-core-6.5.3.Final.jar:6.5.3.Final]
	at org.hibernate.tool.schema.spi.SchemaManagementToolCoordinator.lambda$process$5(SchemaManagementToolCoordinator.java:144) ~[hibernate-core-6.5.3.Final.jar:6.5.3.Final]
	at java.base/java.util.HashMap.forEach(HashMap.java:1429) ~[na:na]
	at org.hibernate.tool.schema.spi.SchemaManagementToolCoordinator.process(SchemaManagementToolCoordinator.java:141) ~[hibernate-core-6.5.3.Final.jar:6.5.3.Final]
	at org.hibernate.boot.internal.SessionFactoryObserverForSchemaExport.sessionFactoryCreated(SessionFactoryObserverForSchemaExport.java:37) ~[hibernate-core-6.5.3.Final.jar:6.5.3.Final]
	at org.hibernate.internal.SessionFactoryObserverChain.sessionFactoryCreated(SessionFactoryObserverChain.java:35) ~[hibernate-core-6.5.3.Final.jar:6.5.3.Final]
	at org.hibernate.internal.SessionFactoryImpl.<init>(SessionFactoryImpl.java:322) ~[hibernate-core-6.5.3.Final.jar:6.5.3.Final]
	at org.hibernate.boot.internal.SessionFactoryBuilderImpl.build(SessionFactoryBuilderImpl.java:457) ~[hibernate-core-6.5.3.Final.jar:6.5.3.Final]
	at org.hibernate.jpa.boot.internal.EntityManagerFactoryBuilderImpl.build(EntityManagerFactoryBuilderImpl.java:1506) ~[hibernate-core-6.5.3.Final.jar:6.5.3.Final]
	at org.springframework.orm.jpa.vendor.SpringHibernateJpaPersistenceProvider.createContainerEntityManagerFactory(SpringHibernateJpaPersistenceProvider.java:75) ~[spring-orm-6.1.14.jar:6.1.14]
	at org.springframework.orm.jpa.LocalContainerEntityManagerFactoryBean.createNativeEntityManagerFactory(LocalContainerEntityManagerFactoryBean.java:390) ~[spring-orm-6.1.14.jar:6.1.14]
	at org.springframework.orm.jpa.AbstractEntityManagerFactoryBean.buildNativeEntityManagerFactory(AbstractEntityManagerFactoryBean.java:409) ~[spring-orm-6.1.14.jar:6.1.14]
	at org.springframework.orm.jpa.AbstractEntityManagerFactoryBean.afterPropertiesSet(AbstractEntityManagerFactoryBean.java:396) ~[spring-orm-6.1.14.jar:6.1.14]
	at org.springframework.orm.jpa.LocalContainerEntityManagerFactoryBean.afterPropertiesSet(LocalContainerEntityManagerFactoryBean.java:366) ~[spring-orm-6.1.14.jar:6.1.14]
	at org.springframework.beans.factory.support.AbstractAutowireCapableBeanFactory.invokeInitMethods(AbstractAutowireCapableBeanFactory.java:1853) ~[spring-beans-6.1.14.jar:6.1.14]
	at org.springframework.beans.factory.support.AbstractAutowireCapableBeanFactory.initializeBean(AbstractAutowireCapableBeanFactory.java:1802) ~[spring-beans-6.1.14.jar:6.1.14]
	at org.springframework.beans.factory.support.AbstractAutowireCapableBeanFactory.doCreateBean(AbstractAutowireCapableBeanFactory.java:600) ~[spring-beans-6.1.14.jar:6.1.14]
	at org.springframework.beans.factory.support.AbstractAutowireCapableBeanFactory.createBean(AbstractAutowireCapableBeanFactory.java:522) ~[spring-beans-6.1.14.jar:6.1.14]
	at org.springframework.beans.factory.support.AbstractBeanFactory.lambda$doGetBean$0(AbstractBeanFactory.java:337) ~[spring-beans-6.1.14.jar:6.1.14]
	at org.springframework.beans.factory.support.DefaultSingletonBeanRegistry.getSingleton(DefaultSingletonBeanRegistry.java:234) ~[spring-beans-6.1.14.jar:6.1.14]
	at org.springframework.beans.factory.support.AbstractBeanFactory.doGetBean(AbstractBeanFactory.java:335) ~[spring-beans-6.1.14.jar:6.1.14]
	at org.springframework.beans.factory.support.AbstractBeanFactory.getBean(AbstractBeanFactory.java:205) ~[spring-beans-6.1.14.jar:6.1.14]
	at org.springframework.context.support.AbstractApplicationContext.finishBeanFactoryInitialization(AbstractApplicationContext.java:954) ~[spring-context-6.1.14.jar:6.1.14]
	at org.springframework.context.support.AbstractApplicationContext.refresh(AbstractApplicationContext.java:625) ~[spring-context-6.1.14.jar:6.1.14]
	at org.springframework.boot.SpringApplication.refresh(SpringApplication.java:754) ~[spring-boot-3.3.5.jar:3.3.5]
	at org.springframework.boot.SpringApplication.refreshContext(SpringApplication.java:456) ~[spring-boot-3.3.5.jar:3.3.5]
	at org.springframework.boot.SpringApplication.run(SpringApplication.java:335) ~[spring-boot-3.3.5.jar:3.3.5]
	at org.springframework.boot.test.context.SpringBootContextLoader.lambda$loadContext$3(SpringBootContextLoader.java:137) ~[spring-boot-test-3.3.5.jar:3.3.5]
	at org.springframework.util.function.ThrowingSupplier.get(ThrowingSupplier.java:58) ~[spring-core-6.1.14.jar:6.1.14]
	at org.springframework.util.function.ThrowingSupplier.get(ThrowingSupplier.java:46) ~[spring-core-6.1.14.jar:6.1.14]
	at org.springframework.boot.SpringApplication.withHook(SpringApplication.java:1463) ~[spring-boot-3.3.5.jar:3.3.5]
	at org.springframework.boot.test.context.SpringBootContextLoader$ContextLoaderHook.run(SpringBootContextLoader.java:553) ~[spring-boot-test-3.3.5.jar:3.3.5]
	at org.springframework.boot.test.context.SpringBootContextLoader.loadContext(SpringBootContextLoader.java:137) ~[spring-boot-test-3.3.5.jar:3.3.5]
	at org.springframework.boot.test.context.SpringBootContextLoader.loadContext(SpringBootContextLoader.java:108) ~[spring-boot-test-3.3.5.jar:3.3.5]
	at org.springframework.test.context.cache.DefaultCacheAwareContextLoaderDelegate.loadContextInternal(DefaultCacheAwareContextLoaderDelegate.java:225) ~[spring-test-6.1.14.jar:6.1.14]
	at org.springframework.test.context.cache.DefaultCacheAwareContextLoaderDelegate.loadContext(DefaultCacheAwareContextLoaderDelegate.java:152) ~[spring-test-6.1.14.jar:6.1.14]
	at org.springframework.test.context.support.DefaultTestContext.getApplicationContext(DefaultTestContext.java:130) ~[spring-test-6.1.14.jar:6.1.14]
	at org.springframework.test.context.web.ServletTestExecutionListener.setUpRequestContextIfNecessary(ServletTestExecutionListener.java:191) ~[spring-test-6.1.14.jar:6.1.14]
	at org.springframework.test.context.web.ServletTestExecutionListener.prepareTestInstance(ServletTestExecutionListener.java:130) ~[spring-test-6.1.14.jar:6.1.14]
	at org.springframework.test.context.TestContextManager.prepareTestInstance(TestContextManager.java:260) ~[spring-test-6.1.14.jar:6.1.14]
	at org.springframework.test.context.junit.jupiter.SpringExtension.postProcessTestInstance(SpringExtension.java:163) ~[spring-test-6.1.14.jar:6.1.14]
	at org.junit.jupiter.engine.descriptor.ClassBasedTestDescriptor.lambda$invokeTestInstancePostProcessors$10(ClassBasedTestDescriptor.java:378) ~[junit-jupiter-engine-5.10.5.jar:5.10.5]
	at org.junit.jupiter.engine.descriptor.ClassBasedTestDescriptor.executeAndMaskThrowable(ClassBasedTestDescriptor.java:383) ~[junit-jupiter-engine-5.10.5.jar:5.10.5]
	at org.junit.jupiter.engine.descriptor.ClassBasedTestDescriptor.lambda$invokeTestInstancePostProcessors$11(ClassBasedTestDescriptor.java:378) ~[junit-jupiter-engine-5.10.5.jar:5.10.5]
	at java.base/java.util.stream.ReferencePipeline$3$1.accept(ReferencePipeline.java:197) ~[na:na]
	at java.base/java.util.stream.ReferencePipeline$2$1.accept(ReferencePipeline.java:179) ~[na:na]
	at java.base/java.util.ArrayList$ArrayListSpliterator.forEachRemaining(ArrayList.java:1708) ~[na:na]
	at java.base/java.util.stream.AbstractPipeline.copyInto(AbstractPipeline.java:509) ~[na:na]
	at java.base/java.util.stream.AbstractPipeline.wrapAndCopyInto(AbstractPipeline.java:499) ~[na:na]
	at java.base/java.util.stream.StreamSpliterators$WrappingSpliterator.forEachRemaining(StreamSpliterators.java:310) ~[na:na]
	at java.base/java.util.stream.Streams$ConcatSpliterator.forEachRemaining(Streams.java:735) ~[na:na]
	at java.base/java.util.stream.Streams$ConcatSpliterator.forEachRemaining(Streams.java:734) ~[na:na]
	at java.base/java.util.stream.ReferencePipeline$Head.forEach(ReferencePipeline.java:762) ~[na:na]
	at org.junit.jupiter.engine.descriptor.ClassBasedTestDescriptor.invokeTestInstancePostProcessors(ClassBasedTestDescriptor.java:377) ~[junit-jupiter-engine-5.10.5.jar:5.10.5]
	at org.junit.jupiter.engine.descriptor.ClassBasedTestDescriptor.lambda$instantiateAndPostProcessTestInstance$6(ClassBasedTestDescriptor.java:290) ~[junit-jupiter-engine-5.10.5.jar:5.10.5]
	at org.junit.platform.engine.support.hierarchical.ThrowableCollector.execute(ThrowableCollector.java:73) ~[junit-platform-engine-1.10.5.jar:1.10.5]
	at org.junit.jupiter.engine.descriptor.ClassBasedTestDescriptor.instantiateAndPostProcessTestInstance(ClassBasedTestDescriptor.java:289) ~[junit-jupiter-engine-5.10.5.jar:5.10.5]
	at org.junit.jupiter.engine.descriptor.ClassBasedTestDescriptor.lambda$testInstancesProvider$4(ClassBasedTestDescriptor.java:279) ~[junit-jupiter-engine-5.10.5.jar:5.10.5]
	at java.base/java.util.Optional.orElseGet(Optional.java:364) ~[na:na]
	at org.junit.jupiter.engine.descriptor.ClassBasedTestDescriptor.lambda$testInstancesProvider$5(ClassBasedTestDescriptor.java:278) ~[junit-jupiter-engine-5.10.5.jar:5.10.5]
	at org.junit.jupiter.engine.execution.TestInstancesProvider.getTestInstances(TestInstancesProvider.java:31) ~[junit-jupiter-engine-5.10.5.jar:5.10.5]
	at org.junit.jupiter.engine.descriptor.TestMethodTestDescriptor.lambda$prepare$0(TestMethodTestDescriptor.java:106) ~[junit-jupiter-engine-5.10.5.jar:5.10.5]
	at org.junit.platform.engine.support.hierarchical.ThrowableCollector.execute(ThrowableCollector.java:73) ~[junit-platform-engine-1.10.5.jar:1.10.5]
	at org.junit.jupiter.engine.descriptor.TestMethodTestDescriptor.prepare(TestMethodTestDescriptor.java:105) ~[junit-jupiter-engine-5.10.5.jar:5.10.5]
	at org.junit.jupiter.engine.descriptor.TestMethodTestDescriptor.prepare(TestMethodTestDescriptor.java:69) ~[junit-jupiter-engine-5.10.5.jar:5.10.5]
	at org.junit.platform.engine.support.hierarchical.NodeTestTask.lambda$prepare$2(NodeTestTask.java:128) ~[junit-platform-engine-1.10.5.jar:1.10.5]
	at org.junit.platform.engine.support.hierarchical.ThrowableCollector.execute(ThrowableCollector.java:73) ~[junit-platform-engine-1.10.5.jar:1.10.5]
	at org.junit.platform.engine.support.hierarchical.NodeTestTask.prepare(NodeTestTask.java:128) ~[junit-platform-engine-1.10.5.jar:1.10.5]
	at org.junit.platform.engine.support.hierarchical.NodeTestTask.execute(NodeTestTask.java:95) ~[junit-platform-engine-1.10.5.jar:1.10.5]
	at java.base/java.util.ArrayList.forEach(ArrayList.java:1596) ~[na:na]
	at org.junit.platform.engine.support.hierarchical.SameThreadHierarchicalTestExecutorService.invokeAll(SameThreadHierarchicalTestExecutorService.java:41) ~[junit-platform-engine-1.10.5.jar:1.10.5]
	at org.junit.platform.engine.support.hierarchical.NodeTestTask.lambda$executeRecursively$6(NodeTestTask.java:160) ~[junit-platform-engine-1.10.5.jar:1.10.5]
	at org.junit.platform.engine.support.hierarchical.ThrowableCollector.execute(ThrowableCollector.java:73) ~[junit-platform-engine-1.10.5.jar:1.10.5]
	at org.junit.platform.engine.support.hierarchical.NodeTestTask.lambda$executeRecursively$8(NodeTestTask.java:146) ~[junit-platform-engine-1.10.5.jar:1.10.5]
	at org.junit.platform.engine.support.hierarchical.Node.around(Node.java:137) ~[junit-platform-engine-1.10.5.jar:1.10.5]
	at org.junit.platform.engine.support.hierarchical.NodeTestTask.lambda$executeRecursively$9(NodeTestTask.java:144) ~[junit-platform-engine-1.10.5.jar:1.10.5]
	at org.junit.platform.engine.support.hierarchical.ThrowableCollector.execute(ThrowableCollector.java:73) ~[junit-platform-engine-1.10.5.jar:1.10.5]
	at org.junit.platform.engine.support.hierarchical.NodeTestTask.executeRecursively(NodeTestTask.java:143) ~[junit-platform-engine-1.10.5.jar:1.10.5]
	at org.junit.platform.engine.support.hierarchical.NodeTestTask.execute(NodeTestTask.java:100) ~[junit-platform-engine-1.10.5.jar:1.10.5]
	at java.base/java.util.ArrayList.forEach(ArrayList.java:1596) ~[na:na]
	at org.junit.platform.engine.support.hierarchical.SameThreadHierarchicalTestExecutorService.invokeAll(SameThreadHierarchicalTestExecutorService.java:41) ~[junit-platform-engine-1.10.5.jar:1.10.5]
	at org.junit.platform.engine.support.hierarchical.NodeTestTask.lambda$executeRecursively$6(NodeTestTask.java:160) ~[junit-platform-engine-1.10.5.jar:1.10.5]
	at org.junit.platform.engine.support.hierarchical.ThrowableCollector.execute(ThrowableCollector.java:73) ~[junit-platform-engine-1.10.5.jar:1.10.5]
	at org.junit.platform.engine.support.hierarchical.NodeTestTask.lambda$executeRecursively$8(NodeTestTask.java:146) ~[junit-platform-engine-1.10.5.jar:1.10.5]
	at org.junit.platform.engine.support.hierarchical.Node.around(Node.java:137) ~[junit-platform-engine-1.10.5.jar:1.10.5]
	at org.junit.platform.engine.support.hierarchical.NodeTestTask.lambda$executeRecursively$9(NodeTestTask.java:144) ~[junit-platform-engine-1.10.5.jar:1.10.5]
	at org.junit.platform.engine.support.hierarchical.ThrowableCollector.execute(ThrowableCollector.java:73) ~[junit-platform-engine-1.10.5.jar:1.10.5]
	at org.junit.platform.engine.support.hierarchical.NodeTestTask.executeRecursively(NodeTestTask.java:143) ~[junit-platform-engine-1.10.5.jar:1.10.5]
	at org.junit.platform.engine.support.hierarchical.NodeTestTask.execute(NodeTestTask.java:100) ~[junit-platform-engine-1.10.5.jar:1.10.5]
	at org.junit.platform.engine.support.hierarchical.SameThreadHierarchicalTestExecutorService.submit(SameThreadHierarchicalTestExecutorService.java:35) ~[junit-platform-engine-1.10.5.jar:1.10.5]
	at org.junit.platform.engine.support.hierarchical.HierarchicalTestExecutor.execute(HierarchicalTestExecutor.java:57) ~[junit-platform-engine-1.10.5.jar:1.10.5]
	at org.junit.platform.engine.support.hierarchical.HierarchicalTestEngine.execute(HierarchicalTestEngine.java:54) ~[junit-platform-engine-1.10.5.jar:1.10.5]
	at org.junit.platform.launcher.core.EngineExecutionOrchestrator.execute(EngineExecutionOrchestrator.java:198) ~[junit-platform-launcher-1.10.5.jar:1.10.5]
	at org.junit.platform.launcher.core.EngineExecutionOrchestrator.execute(EngineExecutionOrchestrator.java:169) ~[junit-platform-launcher-1.10.5.jar:1.10.5]
	at org.junit.platform.launcher.core.EngineExecutionOrchestrator.execute(EngineExecutionOrchestrator.java:93) ~[junit-platform-launcher-1.10.5.jar:1.10.5]
	at org.junit.platform.launcher.core.EngineExecutionOrchestrator.lambda$execute$0(EngineExecutionOrchestrator.java:58) ~[junit-platform-launcher-1.10.5.jar:1.10.5]
	at org.junit.platform.launcher.core.EngineExecutionOrchestrator.withInterceptedStreams(EngineExecutionOrchestrator.java:141) ~[junit-platform-launcher-1.10.5.jar:1.10.5]
	at org.junit.platform.launcher.core.EngineExecutionOrchestrator.execute(EngineExecutionOrchestrator.java:57) ~[junit-platform-launcher-1.10.5.jar:1.10.5]
	at org.junit.platform.launcher.core.DefaultLauncher.execute(DefaultLauncher.java:103) ~[junit-platform-launcher-1.10.5.jar:1.10.5]
	at org.junit.platform.launcher.core.DefaultLauncher.execute(DefaultLauncher.java:85) ~[junit-platform-launcher-1.10.5.jar:1.10.5]
	at org.junit.platform.launcher.core.DelegatingLauncher.execute(DelegatingLauncher.java:47) ~[junit-platform-launcher-1.10.5.jar:1.10.5]
	at org.apache.maven.surefire.junitplatform.LazyLauncher.execute(LazyLauncher.java:56) ~[surefire-junit-platform-3.2.5.jar:3.2.5]
	at org.apache.maven.surefire.junitplatform.JUnitPlatformProvider.execute(JUnitPlatformProvider.java:184) ~[surefire-junit-platform-3.2.5.jar:3.2.5]
	at org.apache.maven.surefire.junitplatform.JUnitPlatformProvider.invokeAllTests(JUnitPlatformProvider.java:148) ~[surefire-junit-platform-3.2.5.jar:3.2.5]
	at org.apache.maven.surefire.junitplatform.JUnitPlatformProvider.invoke(JUnitPlatformProvider.java:122) ~[surefire-junit-platform-3.2.5.jar:3.2.5]
	at org.apache.maven.surefire.booter.ForkedBooter.runSuitesInProcess(ForkedBooter.java:385) ~[surefire-booter-3.2.5.jar:3.2.5]
	at org.apache.maven.surefire.booter.ForkedBooter.execute(ForkedBooter.java:162) ~[surefire-booter-3.2.5.jar:3.2.5]
	at org.apache.maven.surefire.booter.ForkedBooter.run(ForkedBooter.java:507) ~[surefire-booter-3.2.5.jar:3.2.5]
	at org.apache.maven.surefire.booter.ForkedBooter.main(ForkedBooter.java:495) ~[surefire-booter-3.2.5.jar:3.2.5]
Caused by: org.postgresql.util.PSQLException: ERROR: integer out of range
	at org.postgresql.core.v3.QueryExecutorImpl.receiveErrorResponse(QueryExecutorImpl.java:2733) ~[postgresql-42.7.4.jar:42.7.4]
	at org.postgresql.core.v3.QueryExecutorImpl.processResults(QueryExecutorImpl.java:2420) ~[postgresql-42.7.4.jar:42.7.4]
	at org.postgresql.core.v3.QueryExecutorImpl.execute(QueryExecutorImpl.java:372) ~[postgresql-42.7.4.jar:42.7.4]
	at org.postgresql.jdbc.PgStatement.executeInternal(PgStatement.java:517) ~[postgresql-42.7.4.jar:42.7.4]
	at org.postgresql.jdbc.PgStatement.execute(PgStatement.java:434) ~[postgresql-42.7.4.jar:42.7.4]
	at org.postgresql.jdbc.PgStatement.executeWithFlags(PgStatement.java:356) ~[postgresql-42.7.4.jar:42.7.4]
	at org.postgresql.jdbc.PgStatement.executeCachedSql(PgStatement.java:341) ~[postgresql-42.7.4.jar:42.7.4]
	at org.postgresql.jdbc.PgStatement.executeWithFlags(PgStatement.java:317) ~[postgresql-42.7.4.jar:42.7.4]
	at org.postgresql.jdbc.PgStatement.execute(PgStatement.java:312) ~[postgresql-42.7.4.jar:42.7.4]
	at com.zaxxer.hikari.pool.ProxyStatement.execute(ProxyStatement.java:94) ~[HikariCP-5.1.0.jar:na]
	at com.zaxxer.hikari.pool.HikariProxyStatement.execute(HikariProxyStatement.java) ~[HikariCP-5.1.0.jar:na]
	at org.hibernate.tool.schema.internal.exec.GenerationTargetToDatabase.accept(GenerationTargetToDatabase.java:80) ~[hibernate-core-6.5.3.Final.jar:6.5.3.Final]
	... 115 common frames omitted

2024-12-14T10:38:09.626+01:00  INFO 9844 --- [backend] [           main] j.LocalContainerEntityManagerFactoryBean : Initialized JPA EntityManagerFactory for persistence unit 'default'
2024-12-14T10:38:09.641+01:00 DEBUG 9844 --- [backend] [           main] o.s.b.f.s.DefaultListableBeanFactory     : Creating shared instance of singleton bean 'backendApplication'
2024-12-14T10:38:09.646+01:00 DEBUG 9844 --- [backend] [           main] o.s.b.f.s.DefaultListableBeanFactory     : Creating shared instance of singleton bean 'JWTAuthFilter'
2024-12-14T10:38:09.657+01:00 DEBUG 9844 --- [backend] [           main] o.s.b.f.s.DefaultListableBeanFactory     : Creating shared instance of singleton bean 'jwtTokenServices'
2024-12-14T10:38:09.665+01:00 DEBUG 9844 --- [backend] [           main] o.s.b.f.s.DefaultListableBeanFactory     : Creating shared instance of singleton bean 'myCustomUserDetailsService'
2024-12-14T10:38:09.667+01:00 DEBUG 9844 --- [backend] [           main] o.s.b.f.s.DefaultListableBeanFactory     : Creating shared instance of singleton bean 'userService'
2024-12-14T10:38:09.669+01:00 DEBUG 9844 --- [backend] [           main] o.s.b.f.s.DefaultListableBeanFactory     : Creating shared instance of singleton bean 'userRepository'
2024-12-14T10:38:09.683+01:00 DEBUG 9844 --- [backend] [           main] o.s.b.f.s.DefaultListableBeanFactory     : Creating shared instance of singleton bean 'jpa.named-queries#1'
2024-12-14T10:38:09.689+01:00 DEBUG 9844 --- [backend] [           main] o.s.b.f.s.DefaultListableBeanFactory     : Creating shared instance of singleton bean 'jpa.UserRepository.fragments#0'
2024-12-14T10:38:09.696+01:00 DEBUG 9844 --- [backend] [           main] o.s.b.f.s.DefaultListableBeanFactory     : Creating shared instance of singleton bean 'jpaSharedEM_entityManagerFactory'
2024-12-14T10:38:09.754+01:00 DEBUG 9844 --- [backend] [           main] o.s.b.f.s.DefaultListableBeanFactory     : Creating shared instance of singleton bean 'jpaMappingContext'
2024-12-14T10:38:09.755+01:00 DEBUG 9844 --- [backend] [           main] .c.JpaMetamodelMappingContextFactoryBean : Initializing JpaMetamodelMappingContext…
2024-12-14T10:38:09.784+01:00 DEBUG 9844 --- [backend] [           main] .c.JpaMetamodelMappingContextFactoryBean : Finished initializing JpaMetamodelMappingContext
2024-12-14T10:38:09.827+01:00 DEBUG 9844 --- [backend] [           main] tor$SharedEntityManagerInvocationHandler : Creating new EntityManager for shared EntityManager invocation
2024-12-14T10:38:09.933+01:00 DEBUG 9844 --- [backend] [           main] tor$SharedEntityManagerInvocationHandler : Creating new EntityManager for shared EntityManager invocation
2024-12-14T10:38:10.087+01:00 DEBUG 9844 --- [backend] [           main] o.s.d.r.c.s.RepositoryFactorySupport     : Initializing repository instance for com.MyBackEnd.repository.UserRepository…
2024-12-14T10:38:10.141+01:00 DEBUG 9844 --- [backend] [           main] tor$SharedEntityManagerInvocationHandler : Creating new EntityManager for shared EntityManager invocation
2024-12-14T10:38:10.260+01:00 DEBUG 9844 --- [backend] [           main] o.s.d.jpa.repository.query.NamedQuery    : Looking up named query User.findByEmail
2024-12-14T10:38:10.271+01:00 DEBUG 9844 --- [backend] [           main] o.s.d.jpa.repository.query.NamedQuery    : Did not find named query User.findByEmail
2024-12-14T10:38:10.276+01:00 DEBUG 9844 --- [backend] [           main] tor$SharedEntityManagerInvocationHandler : Creating new EntityManager for shared EntityManager invocation
2024-12-14T10:38:10.423+01:00 DEBUG 9844 --- [backend] [           main] o.s.d.jpa.repository.query.NamedQuery    : Looking up named query User.existsByEmail
2024-12-14T10:38:10.424+01:00 DEBUG 9844 --- [backend] [           main] o.s.d.jpa.repository.query.NamedQuery    : Did not find named query User.existsByEmail
2024-12-14T10:38:10.425+01:00 DEBUG 9844 --- [backend] [           main] tor$SharedEntityManagerInvocationHandler : Creating new EntityManager for shared EntityManager invocation
2024-12-14T10:38:10.444+01:00 DEBUG 9844 --- [backend] [           main] o.s.d.r.c.s.RepositoryFactorySupport     : Finished creation of repository instance for com.MyBackEnd.repository.UserRepository.
2024-12-14T10:38:10.454+01:00 DEBUG 9844 --- [backend] [           main] o.s.b.f.s.DefaultListableBeanFactory     : Creating shared instance of singleton bean 'securityConfig'
2024-12-14T10:38:10.458+01:00 DEBUG 9844 --- [backend] [           main] o.s.b.f.s.DefaultListableBeanFactory     : Creating shared instance of singleton bean 'authController'
2024-12-14T10:38:10.473+01:00 DEBUG 9844 --- [backend] [           main] o.s.b.f.s.DefaultListableBeanFactory     : Creating shared instance of singleton bean 'passwordEncoder'
2024-12-14T10:38:10.477+01:00 DEBUG 9844 --- [backend] [           main] o.s.b.f.s.DefaultListableBeanFactory     : Creating shared instance of singleton bean 'authenticationManager'
2024-12-14T10:38:10.478+01:00 DEBUG 9844 --- [backend] [           main] o.s.b.f.s.DefaultListableBeanFactory     : Creating shared instance of singleton bean 'org.springframework.security.config.annotation.authentication.configuration.AuthenticationConfiguration'
2024-12-14T10:38:10.482+01:00 DEBUG 9844 --- [backend] [           main] o.s.b.f.s.DefaultListableBeanFactory     : Creating shared instance of singleton bean 'enableGlobalAuthenticationAutowiredConfigurer'
2024-12-14T10:38:10.483+01:00 DEBUG 9844 --- [backend] [           main] o.s.b.f.s.DefaultListableBeanFactory     : Autowiring by type from bean name 'enableGlobalAuthenticationAutowiredConfigurer' via factory method to bean named 'org.springframework.web.context.support.GenericWebApplicationContext@1c807b1d'
2024-12-14T10:38:10.485+01:00 DEBUG 9844 --- [backend] [           main] o.s.b.f.s.DefaultListableBeanFactory     : Creating shared instance of singleton bean 'initializeUserDetailsBeanManagerConfigurer'
2024-12-14T10:38:10.486+01:00 DEBUG 9844 --- [backend] [           main] o.s.b.f.s.DefaultListableBeanFactory     : Autowiring by type from bean name 'initializeUserDetailsBeanManagerConfigurer' via factory method to bean named 'org.springframework.web.context.support.GenericWebApplicationContext@1c807b1d'
2024-12-14T10:38:10.488+01:00 DEBUG 9844 --- [backend] [           main] o.s.b.f.s.DefaultListableBeanFactory     : Creating shared instance of singleton bean 'initializeAuthenticationProviderBeanManagerConfigurer'
2024-12-14T10:38:10.488+01:00 DEBUG 9844 --- [backend] [           main] o.s.b.f.s.DefaultListableBeanFactory     : Autowiring by type from bean name 'initializeAuthenticationProviderBeanManagerConfigurer' via factory method to bean named 'org.springframework.web.context.support.GenericWebApplicationContext@1c807b1d'
2024-12-14T10:38:10.492+01:00 DEBUG 9844 --- [backend] [           main] o.s.b.f.s.DefaultListableBeanFactory     : Creating shared instance of singleton bean 'objectPostProcessor'
2024-12-14T10:38:10.492+01:00 DEBUG 9844 --- [backend] [           main] o.s.b.f.s.DefaultListableBeanFactory     : Creating shared instance of singleton bean 'org.springframework.security.config.annotation.configuration.ObjectPostProcessorConfiguration'
2024-12-14T10:38:10.493+01:00 DEBUG 9844 --- [backend] [           main] o.s.b.f.s.DefaultListableBeanFactory     : Autowiring by type from bean name 'objectPostProcessor' via factory method to bean named 'org.springframework.beans.factory.support.DefaultListableBeanFactory@6a9287b1'
2024-12-14T10:38:10.499+01:00 DEBUG 9844 --- [backend] [           main] o.s.b.f.s.DefaultListableBeanFactory     : Autowiring by type from bean name 'authenticationManager' via factory method to bean named 'org.springframework.security.config.annotation.authentication.configuration.AuthenticationConfiguration'
2024-12-14T10:38:10.500+01:00 DEBUG 9844 --- [backend] [           main] o.s.b.f.s.DefaultListableBeanFactory     : Creating shared instance of singleton bean 'authenticationManagerBuilder'
2024-12-14T10:38:10.501+01:00 DEBUG 9844 --- [backend] [           main] o.s.b.f.s.DefaultListableBeanFactory     : Autowiring by type from bean name 'authenticationManagerBuilder' via factory method to bean named 'objectPostProcessor'
2024-12-14T10:38:10.501+01:00 DEBUG 9844 --- [backend] [           main] o.s.b.f.s.DefaultListableBeanFactory     : Autowiring by type from bean name 'authenticationManagerBuilder' via factory method to bean named 'org.springframework.web.context.support.GenericWebApplicationContext@1c807b1d'
2024-12-14T10:38:10.505+01:00 DEBUG 9844 --- [backend] [           main] o.s.b.f.s.DefaultListableBeanFactory     : Creating shared instance of singleton bean 'authenticationEventPublisher'
2024-12-14T10:38:10.505+01:00 DEBUG 9844 --- [backend] [           main] o.s.b.f.s.DefaultListableBeanFactory     : Creating shared instance of singleton bean 'org.springframework.boot.autoconfigure.security.servlet.SecurityAutoConfiguration'
2024-12-14T10:38:10.507+01:00 DEBUG 9844 --- [backend] [           main] o.s.b.f.s.DefaultListableBeanFactory     : Autowiring by type from bean name 'authenticationEventPublisher' via factory method to bean named 'org.springframework.web.context.support.GenericWebApplicationContext@1c807b1d'
2024-12-14T10:38:10.534+01:00 DEBUG 9844 --- [backend] [           main] o.s.b.f.s.DefaultListableBeanFactory     : Creating shared instance of singleton bean 'authenticationProvider'
2024-12-14T10:38:10.577+01:00  INFO 9844 --- [backend] [           main] eAuthenticationProviderManagerConfigurer : Global AuthenticationManager configured with AuthenticationProvider bean with name authenticationProvider
2024-12-14T10:38:10.584+01:00  WARN 9844 --- [backend] [           main] r$InitializeUserDetailsManagerConfigurer : Global AuthenticationManager configured with an AuthenticationProvider bean. UserDetailsService beans will not be used for username/password login. Consider removing the AuthenticationProvider bean. Alternatively, consider using the UserDetailsService in a manually instantiated DaoAuthenticationProvider.
2024-12-14T10:38:10.590+01:00 DEBUG 9844 --- [backend] [           main] o.s.b.f.s.DefaultListableBeanFactory     : Creating shared instance of singleton bean 'contributorsController'
2024-12-14T10:38:10.599+01:00 DEBUG 9844 --- [backend] [           main] o.s.b.f.s.DefaultListableBeanFactory     : Creating shared instance of singleton bean 'contributorsService'
2024-12-14T10:38:10.602+01:00 DEBUG 9844 --- [backend] [           main] o.s.b.f.s.DefaultListableBeanFactory     : Creating shared instance of singleton bean 'userProjectRoleRepository'
2024-12-14T10:38:10.604+01:00 DEBUG 9844 --- [backend] [           main] o.s.b.f.s.DefaultListableBeanFactory     : Creating shared instance of singleton bean 'jpa.named-queries#3'
2024-12-14T10:38:10.606+01:00 DEBUG 9844 --- [backend] [           main] o.s.b.f.s.DefaultListableBeanFactory     : Creating shared instance of singleton bean 'jpa.UserProjectRoleRepository.fragments#0'
2024-12-14T10:38:10.608+01:00 DEBUG 9844 --- [backend] [           main] tor$SharedEntityManagerInvocationHandler : Creating new EntityManager for shared EntityManager invocation
2024-12-14T10:38:10.643+01:00 DEBUG 9844 --- [backend] [           main] o.s.d.r.c.s.RepositoryFactorySupport     : Initializing repository instance for com.MyBackEnd.repository.UserProjectRoleRepository…
2024-12-14T10:38:10.644+01:00 DEBUG 9844 --- [backend] [           main] tor$SharedEntityManagerInvocationHandler : Creating new EntityManager for shared EntityManager invocation
2024-12-14T10:38:10.651+01:00 DEBUG 9844 --- [backend] [           main] o.s.d.jpa.repository.query.NamedQuery    : Looking up named query UserProjectRole.findByUser
2024-12-14T10:38:10.651+01:00 DEBUG 9844 --- [backend] [           main] o.s.d.jpa.repository.query.NamedQuery    : Did not find named query UserProjectRole.findByUser
2024-12-14T10:38:10.652+01:00 DEBUG 9844 --- [backend] [           main] tor$SharedEntityManagerInvocationHandler : Creating new EntityManager for shared EntityManager invocation
2024-12-14T10:38:10.656+01:00 DEBUG 9844 --- [backend] [           main] o.s.d.jpa.repository.query.NamedQuery    : Looking up named query UserProjectRole.findByProject
2024-12-14T10:38:10.657+01:00 DEBUG 9844 --- [backend] [           main] o.s.d.jpa.repository.query.NamedQuery    : Did not find named query UserProjectRole.findByProject
2024-12-14T10:38:10.657+01:00 DEBUG 9844 --- [backend] [           main] tor$SharedEntityManagerInvocationHandler : Creating new EntityManager for shared EntityManager invocation
2024-12-14T10:38:10.660+01:00 DEBUG 9844 --- [backend] [           main] o.s.d.jpa.repository.query.NamedQuery    : Looking up named query UserProjectRole.findByUserAndProject
2024-12-14T10:38:10.661+01:00 DEBUG 9844 --- [backend] [           main] o.s.d.jpa.repository.query.NamedQuery    : Did not find named query UserProjectRole.findByUserAndProject
2024-12-14T10:38:10.663+01:00 DEBUG 9844 --- [backend] [           main] tor$SharedEntityManagerInvocationHandler : Creating new EntityManager for shared EntityManager invocation
2024-12-14T10:38:10.675+01:00 DEBUG 9844 --- [backend] [           main] o.s.d.r.c.s.RepositoryFactorySupport     : Finished creation of repository instance for com.MyBackEnd.repository.UserProjectRoleRepository.
2024-12-14T10:38:10.677+01:00 DEBUG 9844 --- [backend] [           main] o.s.b.f.s.DefaultListableBeanFactory     : Creating shared instance of singleton bean 'projectRepository'
2024-12-14T10:38:10.680+01:00 DEBUG 9844 --- [backend] [           main] o.s.b.f.s.DefaultListableBeanFactory     : Creating shared instance of singleton bean 'jpa.named-queries#4'
2024-12-14T10:38:10.682+01:00 DEBUG 9844 --- [backend] [           main] o.s.b.f.s.DefaultListableBeanFactory     : Creating shared instance of singleton bean 'jpa.ProjectRepository.fragments#0'
2024-12-14T10:38:10.684+01:00 DEBUG 9844 --- [backend] [           main] tor$SharedEntityManagerInvocationHandler : Creating new EntityManager for shared EntityManager invocation
2024-12-14T10:38:10.684+01:00 DEBUG 9844 --- [backend] [           main] o.s.d.r.c.s.RepositoryFactorySupport     : Initializing repository instance for com.MyBackEnd.repository.ProjectRepository…
2024-12-14T10:38:10.685+01:00 DEBUG 9844 --- [backend] [           main] tor$SharedEntityManagerInvocationHandler : Creating new EntityManager for shared EntityManager invocation
2024-12-14T10:38:10.690+01:00 DEBUG 9844 --- [backend] [           main] o.s.d.jpa.repository.query.NamedQuery    : Looking up named query Project.countByCreatorId
2024-12-14T10:38:10.692+01:00 DEBUG 9844 --- [backend] [           main] o.s.d.jpa.repository.query.NamedQuery    : Did not find named query Project.countByCreatorId
2024-12-14T10:38:10.692+01:00 DEBUG 9844 --- [backend] [           main] tor$SharedEntityManagerInvocationHandler : Creating new EntityManager for shared EntityManager invocation
2024-12-14T10:38:10.697+01:00 DEBUG 9844 --- [backend] [           main] o.s.d.jpa.repository.query.NamedQuery    : Looking up named query Project.findByStatusAndCreatorId
2024-12-14T10:38:10.699+01:00 DEBUG 9844 --- [backend] [           main] o.s.d.jpa.repository.query.NamedQuery    : Did not find named query Project.findByStatusAndCreatorId
2024-12-14T10:38:10.699+01:00 DEBUG 9844 --- [backend] [           main] tor$SharedEntityManagerInvocationHandler : Creating new EntityManager for shared EntityManager invocation
2024-12-14T10:38:10.701+01:00 DEBUG 9844 --- [backend] [           main] o.s.d.jpa.repository.query.NamedQuery    : Looking up named query Project.findByCreatorIdOrderByCreatedAtDesc
2024-12-14T10:38:10.701+01:00 DEBUG 9844 --- [backend] [           main] o.s.d.jpa.repository.query.NamedQuery    : Did not find named query Project.findByCreatorIdOrderByCreatedAtDesc
2024-12-14T10:38:10.701+01:00 DEBUG 9844 --- [backend] [           main] tor$SharedEntityManagerInvocationHandler : Creating new EntityManager for shared EntityManager invocation
2024-12-14T10:38:10.709+01:00 DEBUG 9844 --- [backend] [           main] o.s.d.jpa.repository.query.NamedQuery    : Looking up named query Project.existsByIdAndCreatorId
2024-12-14T10:38:10.710+01:00 DEBUG 9844 --- [backend] [           main] o.s.d.jpa.repository.query.NamedQuery    : Did not find named query Project.existsByIdAndCreatorId
2024-12-14T10:38:10.711+01:00 DEBUG 9844 --- [backend] [           main] tor$SharedEntityManagerInvocationHandler : Creating new EntityManager for shared EntityManager invocation
2024-12-14T10:38:10.715+01:00 DEBUG 9844 --- [backend] [           main] o.s.d.jpa.repository.query.NamedQuery    : Looking up named query Project.deleteByIdAndCreatorId
2024-12-14T10:38:10.715+01:00 DEBUG 9844 --- [backend] [           main] o.s.d.jpa.repository.query.NamedQuery    : Did not find named query Project.deleteByIdAndCreatorId
2024-12-14T10:38:10.715+01:00 DEBUG 9844 --- [backend] [           main] tor$SharedEntityManagerInvocationHandler : Creating new EntityManager for shared EntityManager invocation
2024-12-14T10:38:10.718+01:00 DEBUG 9844 --- [backend] [           main] o.s.d.jpa.repository.query.NamedQuery    : Looking up named query Project.findByCreatorId
2024-12-14T10:38:10.719+01:00 DEBUG 9844 --- [backend] [           main] o.s.d.jpa.repository.query.NamedQuery    : Did not find named query Project.findByCreatorId
2024-12-14T10:38:10.719+01:00 DEBUG 9844 --- [backend] [           main] tor$SharedEntityManagerInvocationHandler : Creating new EntityManager for shared EntityManager invocation
2024-12-14T10:38:10.747+01:00  INFO 9844 --- [backend] [           main] o.s.d.j.r.query.QueryEnhancerFactory     : Hibernate is in classpath; If applicable, HQL parser will be used.
2024-12-14T10:38:10.751+01:00 DEBUG 9844 --- [backend] [           main] o.s.d.jpa.repository.query.NamedQuery    : Did not find named query Project.findProjectByIdAndUserId.count
2024-12-14T10:38:10.752+01:00 DEBUG 9844 --- [backend] [           main] tor$SharedEntityManagerInvocationHandler : Creating new EntityManager for shared EntityManager invocation
2024-12-14T10:38:10.756+01:00 DEBUG 9844 --- [backend] [           main] o.s.d.jpa.repository.query.NamedQuery    : Looking up named query Project.findByTitleContainingIgnoreCaseAndCreatorId
2024-12-14T10:38:10.756+01:00 DEBUG 9844 --- [backend] [           main] o.s.d.jpa.repository.query.NamedQuery    : Did not find named query Project.findByTitleContainingIgnoreCaseAndCreatorId
2024-12-14T10:38:10.757+01:00 DEBUG 9844 --- [backend] [           main] tor$SharedEntityManagerInvocationHandler : Creating new EntityManager for shared EntityManager invocation
2024-12-14T10:38:10.768+01:00 DEBUG 9844 --- [backend] [           main] o.s.d.r.c.s.RepositoryFactorySupport     : Finished creation of repository instance for com.MyBackEnd.repository.ProjectRepository.
2024-12-14T10:38:10.770+01:00 DEBUG 9844 --- [backend] [           main] o.s.b.f.s.DefaultListableBeanFactory     : Autowiring by type from bean name 'contributorsService' via constructor to bean named 'userProjectRoleRepository'
2024-12-14T10:38:10.770+01:00 DEBUG 9844 --- [backend] [           main] o.s.b.f.s.DefaultListableBeanFactory     : Autowiring by type from bean name 'contributorsService' via constructor to bean named 'userRepository'
2024-12-14T10:38:10.770+01:00 DEBUG 9844 --- [backend] [           main] o.s.b.f.s.DefaultListableBeanFactory     : Autowiring by type from bean name 'contributorsService' via constructor to bean named 'projectRepository'
2024-12-14T10:38:10.775+01:00 DEBUG 9844 --- [backend] [           main] o.s.b.f.s.DefaultListableBeanFactory     : Creating shared instance of singleton bean 'indexController'
2024-12-14T10:38:10.777+01:00 DEBUG 9844 --- [backend] [           main] o.s.b.f.s.DefaultListableBeanFactory     : Creating shared instance of singleton bean 'projectController'
2024-12-14T10:38:10.783+01:00 DEBUG 9844 --- [backend] [           main] o.s.b.f.s.DefaultListableBeanFactory     : Creating shared instance of singleton bean 'projectService'
2024-12-14T10:38:10.784+01:00 DEBUG 9844 --- [backend] [           main] o.s.b.f.s.DefaultListableBeanFactory     : Autowiring by type from bean name 'projectService' via constructor to bean named 'projectRepository'
2024-12-14T10:38:10.784+01:00 DEBUG 9844 --- [backend] [           main] o.s.b.f.s.DefaultListableBeanFactory     : Autowiring by type from bean name 'projectService' via constructor to bean named 'userProjectRoleRepository'
2024-12-14T10:38:10.784+01:00 DEBUG 9844 --- [backend] [           main] o.s.b.f.s.DefaultListableBeanFactory     : Autowiring by type from bean name 'projectService' via constructor to bean named 'userRepository'
2024-12-14T10:38:10.834+01:00 DEBUG 9844 --- [backend] [           main] o.s.b.f.s.DefaultListableBeanFactory     : Creating shared instance of singleton bean 'taskAssignmentController'
2024-12-14T10:38:10.837+01:00 DEBUG 9844 --- [backend] [           main] o.s.b.f.s.DefaultListableBeanFactory     : Creating shared instance of singleton bean 'taskAssignmentService'
2024-12-14T10:38:10.838+01:00 DEBUG 9844 --- [backend] [           main] o.s.b.f.s.DefaultListableBeanFactory     : Creating shared instance of singleton bean 'taskAssignmentRepository'
2024-12-14T10:38:10.841+01:00 DEBUG 9844 --- [backend] [           main] o.s.b.f.s.DefaultListableBeanFactory     : Creating shared instance of singleton bean 'jpa.named-queries#0'
2024-12-14T10:38:10.843+01:00 DEBUG 9844 --- [backend] [           main] o.s.b.f.s.DefaultListableBeanFactory     : Creating shared instance of singleton bean 'jpa.TaskAssignmentRepository.fragments#0'
2024-12-14T10:38:10.844+01:00 DEBUG 9844 --- [backend] [           main] tor$SharedEntityManagerInvocationHandler : Creating new EntityManager for shared EntityManager invocation
2024-12-14T10:38:10.861+01:00 DEBUG 9844 --- [backend] [           main] o.s.d.r.c.s.RepositoryFactorySupport     : Initializing repository instance for com.MyBackEnd.repository.TaskAssignmentRepository…
2024-12-14T10:38:10.862+01:00 DEBUG 9844 --- [backend] [           main] tor$SharedEntityManagerInvocationHandler : Creating new EntityManager for shared EntityManager invocation
2024-12-14T10:38:10.868+01:00 DEBUG 9844 --- [backend] [           main] o.s.d.jpa.repository.query.NamedQuery    : Looking up named query TaskAssignment.findByTask
2024-12-14T10:38:10.869+01:00 DEBUG 9844 --- [backend] [           main] o.s.d.jpa.repository.query.NamedQuery    : Did not find named query TaskAssignment.findByTask
2024-12-14T10:38:10.869+01:00 DEBUG 9844 --- [backend] [           main] tor$SharedEntityManagerInvocationHandler : Creating new EntityManager for shared EntityManager invocation
2024-12-14T10:38:10.871+01:00 DEBUG 9844 --- [backend] [           main] o.s.d.jpa.repository.query.NamedQuery    : Looking up named query TaskAssignment.findByUserAndTask
2024-12-14T10:38:10.872+01:00 DEBUG 9844 --- [backend] [           main] o.s.d.jpa.repository.query.NamedQuery    : Did not find named query TaskAssignment.findByUserAndTask
2024-12-14T10:38:10.872+01:00 DEBUG 9844 --- [backend] [           main] tor$SharedEntityManagerInvocationHandler : Creating new EntityManager for shared EntityManager invocation
2024-12-14T10:38:10.879+01:00 DEBUG 9844 --- [backend] [           main] o.s.d.r.c.s.RepositoryFactorySupport     : Finished creation of repository instance for com.MyBackEnd.repository.TaskAssignmentRepository.
2024-12-14T10:38:10.884+01:00 DEBUG 9844 --- [backend] [           main] o.s.b.f.s.DefaultListableBeanFactory     : Creating shared instance of singleton bean 'taskRepository'
2024-12-14T10:38:10.890+01:00 DEBUG 9844 --- [backend] [           main] o.s.b.f.s.DefaultListableBeanFactory     : Creating shared instance of singleton bean 'jpa.named-queries#2'
2024-12-14T10:38:10.892+01:00 DEBUG 9844 --- [backend] [           main] o.s.b.f.s.DefaultListableBeanFactory     : Creating shared instance of singleton bean 'jpa.TaskRepository.fragments#0'
2024-12-14T10:38:10.893+01:00 DEBUG 9844 --- [backend] [           main] tor$SharedEntityManagerInvocationHandler : Creating new EntityManager for shared EntityManager invocation
2024-12-14T10:38:10.899+01:00 DEBUG 9844 --- [backend] [           main] o.s.d.r.c.s.RepositoryFactorySupport     : Initializing repository instance for com.MyBackEnd.repository.TaskRepository…
2024-12-14T10:38:10.900+01:00 DEBUG 9844 --- [backend] [           main] tor$SharedEntityManagerInvocationHandler : Creating new EntityManager for shared EntityManager invocation
2024-12-14T10:38:10.904+01:00 DEBUG 9844 --- [backend] [           main] o.s.d.jpa.repository.query.NamedQuery    : Looking up named query Task.findByProject
2024-12-14T10:38:10.905+01:00 DEBUG 9844 --- [backend] [           main] o.s.d.jpa.repository.query.NamedQuery    : Did not find named query Task.findByProject
2024-12-14T10:38:10.905+01:00 DEBUG 9844 --- [backend] [           main] tor$SharedEntityManagerInvocationHandler : Creating new EntityManager for shared EntityManager invocation
2024-12-14T10:38:10.913+01:00 DEBUG 9844 --- [backend] [           main] o.s.d.r.c.s.RepositoryFactorySupport     : Finished creation of repository instance for com.MyBackEnd.repository.TaskRepository.
2024-12-14T10:38:10.915+01:00 DEBUG 9844 --- [backend] [           main] o.s.b.f.s.DefaultListableBeanFactory     : Autowiring by type from bean name 'taskAssignmentService' via constructor to bean named 'taskAssignmentRepository'
2024-12-14T10:38:10.916+01:00 DEBUG 9844 --- [backend] [           main] o.s.b.f.s.DefaultListableBeanFactory     : Autowiring by type from bean name 'taskAssignmentService' via constructor to bean named 'userRepository'
2024-12-14T10:38:10.916+01:00 DEBUG 9844 --- [backend] [           main] o.s.b.f.s.DefaultListableBeanFactory     : Autowiring by type from bean name 'taskAssignmentService' via constructor to bean named 'taskRepository'
2024-12-14T10:38:10.918+01:00 DEBUG 9844 --- [backend] [           main] o.s.b.f.s.DefaultListableBeanFactory     : Creating shared instance of singleton bean 'taskController'
2024-12-14T10:38:10.919+01:00 DEBUG 9844 --- [backend] [           main] o.s.b.f.s.DefaultListableBeanFactory     : Creating shared instance of singleton bean 'taskService'
2024-12-14T10:38:10.921+01:00 DEBUG 9844 --- [backend] [           main] o.s.b.f.s.DefaultListableBeanFactory     : Autowiring by type from bean name 'taskService' via constructor to bean named 'projectRepository'
2024-12-14T10:38:10.921+01:00 DEBUG 9844 --- [backend] [           main] o.s.b.f.s.DefaultListableBeanFactory     : Autowiring by type from bean name 'taskService' via constructor to bean named 'taskRepository'
2024-12-14T10:38:10.921+01:00 DEBUG 9844 --- [backend] [           main] o.s.b.f.s.DefaultListableBeanFactory     : Autowiring by type from bean name 'taskService' via constructor to bean named 'userRepository'
2024-12-14T10:38:10.921+01:00 DEBUG 9844 --- [backend] [           main] o.s.b.f.s.DefaultListableBeanFactory     : Autowiring by type from bean name 'taskService' via constructor to bean named 'taskAssignmentRepository'
2024-12-14T10:38:10.925+01:00 DEBUG 9844 --- [backend] [           main] o.s.b.f.s.DefaultListableBeanFactory     : Creating shared instance of singleton bean 'extractUserIDFromTokenHelper'
2024-12-14T10:38:10.930+01:00 DEBUG 9844 --- [backend] [           main] o.s.b.f.s.DefaultListableBeanFactory     : Creating shared instance of singleton bean 'org.springframework.security.config.annotation.web.configuration.WebSecurityConfiguration'
2024-12-14T10:38:10.935+01:00 DEBUG 9844 --- [backend] [           main] o.s.b.f.s.DefaultListableBeanFactory     : Creating shared instance of singleton bean 'org.springframework.security.config.annotation.web.configuration.HttpSecurityConfiguration'
2024-12-14T10:38:10.944+01:00 DEBUG 9844 --- [backend] [           main] o.s.b.f.s.DefaultListableBeanFactory     : Creating shared instance of singleton bean 'mvcContentNegotiationManager'
2024-12-14T10:38:10.947+01:00 DEBUG 9844 --- [backend] [           main] o.s.b.f.s.DefaultListableBeanFactory     : Creating shared instance of singleton bean 'org.springframework.boot.autoconfigure.web.servlet.WebMvcAutoConfiguration$EnableWebMvcConfiguration'
2024-12-14T10:38:10.950+01:00 DEBUG 9844 --- [backend] [           main] o.s.b.f.s.DefaultListableBeanFactory     : Creating shared instance of singleton bean 'spring.mvc-org.springframework.boot.autoconfigure.web.servlet.WebMvcProperties'
2024-12-14T10:38:10.959+01:00 DEBUG 9844 --- [backend] [           main] o.s.b.f.s.DefaultListableBeanFactory     : Creating shared instance of singleton bean 'spring.web-org.springframework.boot.autoconfigure.web.WebProperties'
2024-12-14T10:38:10.967+01:00 DEBUG 9844 --- [backend] [           main] o.s.b.f.s.DefaultListableBeanFactory     : Autowiring by type from bean name 'org.springframework.boot.autoconfigure.web.servlet.WebMvcAutoConfiguration$EnableWebMvcConfiguration' via constructor to bean named 'spring.mvc-org.springframework.boot.autoconfigure.web.servlet.WebMvcProperties'
2024-12-14T10:38:10.968+01:00 DEBUG 9844 --- [backend] [           main] o.s.b.f.s.DefaultListableBeanFactory     : Autowiring by type from bean name 'org.springframework.boot.autoconfigure.web.servlet.WebMvcAutoConfiguration$EnableWebMvcConfiguration' via constructor to bean named 'spring.web-org.springframework.boot.autoconfigure.web.WebProperties'
2024-12-14T10:38:10.968+01:00 DEBUG 9844 --- [backend] [           main] o.s.b.f.s.DefaultListableBeanFactory     : Autowiring by type from bean name 'org.springframework.boot.autoconfigure.web.servlet.WebMvcAutoConfiguration$EnableWebMvcConfiguration' via constructor to bean named 'org.springframework.beans.factory.support.DefaultListableBeanFactory@6a9287b1'
2024-12-14T10:38:10.977+01:00 DEBUG 9844 --- [backend] [           main] o.s.b.f.s.DefaultListableBeanFactory     : Creating shared instance of singleton bean 'org.springframework.security.config.annotation.web.configuration.WebMvcSecurityConfiguration'
2024-12-14T10:38:10.980+01:00 DEBUG 9844 --- [backend] [           main] o.s.b.f.s.DefaultListableBeanFactory     : Creating shared instance of singleton bean 'org.springframework.boot.autoconfigure.web.servlet.WebMvcAutoConfiguration$WebMvcAutoConfigurationAdapter'
2024-12-14T10:38:10.982+01:00 DEBUG 9844 --- [backend] [           main] o.s.b.f.s.DefaultListableBeanFactory     : Autowiring by type from bean name 'org.springframework.boot.autoconfigure.web.servlet.WebMvcAutoConfiguration$WebMvcAutoConfigurationAdapter' via constructor to bean named 'spring.web-org.springframework.boot.autoconfigure.web.WebProperties'
2024-12-14T10:38:10.982+01:00 DEBUG 9844 --- [backend] [           main] o.s.b.f.s.DefaultListableBeanFactory     : Autowiring by type from bean name 'org.springframework.boot.autoconfigure.web.servlet.WebMvcAutoConfiguration$WebMvcAutoConfigurationAdapter' via constructor to bean named 'spring.mvc-org.springframework.boot.autoconfigure.web.servlet.WebMvcProperties'
2024-12-14T10:38:10.982+01:00 DEBUG 9844 --- [backend] [           main] o.s.b.f.s.DefaultListableBeanFactory     : Autowiring by type from bean name 'org.springframework.boot.autoconfigure.web.servlet.WebMvcAutoConfiguration$WebMvcAutoConfigurationAdapter' via constructor to bean named 'org.springframework.beans.factory.support.DefaultListableBeanFactory@6a9287b1'
2024-12-14T10:38:10.988+01:00 DEBUG 9844 --- [backend] [           main] o.s.b.f.s.DefaultListableBeanFactory     : Creating shared instance of singleton bean 'openEntityManagerInViewInterceptorConfigurer'
2024-12-14T10:38:10.989+01:00 DEBUG 9844 --- [backend] [           main] o.s.b.f.s.DefaultListableBeanFactory     : Creating shared instance of singleton bean 'org.springframework.boot.autoconfigure.orm.jpa.JpaBaseConfiguration$JpaWebConfiguration'
2024-12-14T10:38:10.990+01:00 DEBUG 9844 --- [backend] [           main] o.s.b.f.s.DefaultListableBeanFactory     : Autowiring by type from bean name 'org.springframework.boot.autoconfigure.orm.jpa.JpaBaseConfiguration$JpaWebConfiguration' via constructor to bean named 'spring.jpa-org.springframework.boot.autoconfigure.orm.jpa.JpaProperties'
2024-12-14T10:38:10.992+01:00 DEBUG 9844 --- [backend] [           main] o.s.b.f.s.DefaultListableBeanFactory     : Creating shared instance of singleton bean 'openEntityManagerInViewInterceptor'
2024-12-14T10:38:10.992+01:00  WARN 9844 --- [backend] [           main] JpaBaseConfiguration$JpaWebConfiguration : spring.jpa.open-in-view is enabled by default. Therefore, database queries may be performed during view rendering. Explicitly configure spring.jpa.open-in-view to disable this warning
[...]
         - AnyNestedCondition 1 matched 2 did not; NestedCondition on ReactiveUserDetailsServiceAutoConfiguration.MissingAlternativeOrUserPropertiesConfigured.PasswordConfigured @ConditionalOnProperty (spring.security.user.password) did not find property 'password'; NestedCondition on ReactiveUserDetailsServiceAutoConfiguration.MissingAlternativeOrUserPropertiesConfigured.NameConfigured @ConditionalOnProperty (spring.security.user.name) did not find property 'name'; NestedCondition on ReactiveUserDetailsServiceAutoConfiguration.MissingAlternativeOrUserPropertiesConfigured.MissingAlternative @ConditionalOnMissingClass did not find unwanted classes 'org.springframework.security.oauth2.client.registration.ClientRegistrationRepository', 'org.springframework.security.oauth2.server.resource.introspection.ReactiveOpaqueTokenIntrospector' (ReactiveUserDetailsServiceAutoConfiguration.MissingAlternativeOrUserPropertiesConfigured)

   ReactiveWebServerFactoryAutoConfiguration:
      Did not match:
         - @ConditionalOnWebApplication did not find reactive web application classes (OnWebApplicationCondition)

   ReactorAutoConfiguration:
      Did not match:
         - @ConditionalOnClass did not find required class 'reactor.core.publisher.Hooks' (OnClassCondition)

   RedisAutoConfiguration:
      Did not match:
         - @ConditionalOnClass did not find required class 'org.springframework.data.redis.core.RedisOperations' (OnClassCondition)

   RedisCacheConfiguration:
      Did not match:
         - @ConditionalOnClass did not find required class 'org.springframework.data.redis.connection.RedisConnectionFactory' (OnClassCondition)

   RedisReactiveAutoConfiguration:
      Did not match:
         - @ConditionalOnClass did not find required class 'reactor.core.publisher.Flux' (OnClassCondition)

   RedisRepositoriesAutoConfiguration:
      Did not match:
         - @ConditionalOnClass did not find required class 'org.springframework.data.redis.repository.configuration.EnableRedisRepositories' (OnClassCondition)

   RepositoryRestMvcAutoConfiguration:
      Did not match:
         - @ConditionalOnClass did not find required class 'org.springframework.data.rest.webmvc.config.RepositoryRestMvcConfiguration' (OnClassCondition)

   Saml2RelyingPartyAutoConfiguration:
      Did not match:
         - @ConditionalOnClass did not find required class 'org.springframework.security.saml2.provider.service.registration.RelyingPartyRegistrationRepository' (OnClassCondition)

   SecurityDataConfiguration:
      Did not match:
         - @ConditionalOnClass did not find required class 'org.springframework.security.data.repository.query.SecurityEvaluationContextExtension' (OnClassCondition)

   SendGridAutoConfiguration:
      Did not match:
         - @ConditionalOnClass did not find required class 'com.sendgrid.SendGrid' (OnClassCondition)

   ServletWebServerFactoryAutoConfiguration.ForwardedHeaderFilterConfiguration:
      Did not match:
         - @ConditionalOnProperty (server.forward-headers-strategy=framework) did not find property 'server.forward-headers-strategy' (OnPropertyCondition)

   ServletWebServerFactoryConfiguration.EmbeddedJetty:
      Did not match:
         - @ConditionalOnClass did not find required classes 'org.eclipse.jetty.server.Server', 'org.eclipse.jetty.util.Loader', 'org.eclipse.jetty.ee10.webapp.WebAppContext' (OnClassCondition)

   ServletWebServerFactoryConfiguration.EmbeddedUndertow:
      Did not match:
         - @ConditionalOnClass did not find required classes 'io.undertow.Undertow', 'org.xnio.SslClientAuthMode' (OnClassCondition)

   SessionAutoConfiguration:
      Did not match:
         - @ConditionalOnClass did not find required class 'org.springframework.session.Session' (OnClassCondition)

   SpringApplicationAdminJmxAutoConfiguration:
      Did not match:
         - @ConditionalOnProperty (spring.application.admin.enabled=true) did not find property 'enabled' (OnPropertyCondition)

   SpringBootWebSecurityConfiguration.SecurityFilterChainConfiguration:
      Did not match:
         - AllNestedConditions 1 matched 1 did not; NestedCondition on DefaultWebSecurityCondition.Beans @ConditionalOnMissingBean (types: org.springframework.security.web.SecurityFilterChain; SearchStrategy: all) found beans of type 'org.springframework.security.web.SecurityFilterChain' securityFilterChain; NestedCondition on DefaultWebSecurityCondition.Classes @ConditionalOnClass found required classes 'org.springframework.security.web.SecurityFilterChain', 'org.springframework.security.config.annotation.web.builders.HttpSecurity' (DefaultWebSecurityCondition)

   SpringBootWebSecurityConfiguration.WebSecurityEnablerConfiguration:
      Did not match:
         - @ConditionalOnMissingBean (names: springSecurityFilterChain; SearchStrategy: all) found beans named springSecurityFilterChain (OnBeanCondition)
      Matched:
         - @ConditionalOnClass found required class 'org.springframework.security.config.annotation.web.configuration.EnableWebSecurity' (OnClassCondition)

   TaskExecutorConfigurations.SimpleAsyncTaskExecutorBuilderConfiguration#simpleAsyncTaskExecutorBuilderVirtualThreads:
      Did not match:
         - @ConditionalOnMissingBean (types: org.springframework.boot.task.SimpleAsyncTaskExecutorBuilder; SearchStrategy: all) found beans of type 'org.springframework.boot.task.SimpleAsyncTaskExecutorBuilder' simpleAsyncTaskExecutorBuilder (OnBeanCondition)

   TaskExecutorConfigurations.TaskExecutorConfiguration#applicationTaskExecutorVirtualThreads:
      Did not match:
         - @ConditionalOnThreading did not find VIRTUAL (OnThreadingCondition)

   TaskSchedulingAutoConfiguration#scheduledBeanLazyInitializationExcludeFilter:
      Did not match:
         - @ConditionalOnBean (names: org.springframework.context.annotation.internalScheduledAnnotationProcessor; SearchStrategy: all) did not find any beans named org.springframework.context.annotation.internalScheduledAnnotationProcessor (OnBeanCondition)

   TaskSchedulingConfigurations.SimpleAsyncTaskSchedulerBuilderConfiguration#simpleAsyncTaskSchedulerBuilderVirtualThreads:
      Did not match:
         - @ConditionalOnMissingBean (types: org.springframework.boot.task.SimpleAsyncTaskSchedulerBuilder; SearchStrategy: all) found beans of type 'org.springframework.boot.task.SimpleAsyncTaskSchedulerBuilder' simpleAsyncTaskSchedulerBuilder (OnBeanCondition)

   TaskSchedulingConfigurations.TaskSchedulerConfiguration:
      Did not match:
         - @ConditionalOnBean (names: org.springframework.context.annotation.internalScheduledAnnotationProcessor; SearchStrategy: all) did not find any beans named org.springframework.context.annotation.internalScheduledAnnotationProcessor (OnBeanCondition)

   ThymeleafAutoConfiguration:
      Did not match:
         - @ConditionalOnClass did not find required class 'org.thymeleaf.spring6.SpringTemplateEngine' (OnClassCondition)

   TransactionAutoConfiguration#transactionalOperator:
      Did not match:
         - @ConditionalOnSingleCandidate (types: org.springframework.transaction.ReactiveTransactionManager; SearchStrategy: all) did not find any beans (OnBeanCondition)

   TransactionAutoConfiguration.AspectJTransactionManagementConfiguration:
      Did not match:
         - @ConditionalOnBean (types: org.springframework.transaction.aspectj.AbstractTransactionAspect; SearchStrategy: all) did not find any beans of type org.springframework.transaction.aspectj.AbstractTransactionAspect (OnBeanCondition)

   TransactionAutoConfiguration.EnableTransactionManagementConfiguration.JdkDynamicAutoProxyConfiguration:
      Did not match:
         - @ConditionalOnProperty (spring.aop.proxy-target-class=false) did not find property 'proxy-target-class' (OnPropertyCondition)

   UserDetailsServiceAutoConfiguration:
      Did not match:
         - @ConditionalOnMissingBean (types: org.springframework.security.authentication.AuthenticationManager,org.springframework.security.authentication.AuthenticationProvider,org.springframework.security.core.userdetails.UserDetailsService,org.springframework.security.authentication.AuthenticationManagerResolver,org.springframework.security.oauth2.jwt.JwtDecoder; SearchStrategy: all) found beans of type 'org.springframework.security.authentication.AuthenticationManager' authenticationManager and found beans of type 'org.springframework.security.core.userdetails.UserDetailsService' myCustomUserDetailsService and found beans of type 'org.springframework.security.authentication.AuthenticationProvider' authenticationProvider (OnBeanCondition)
      Matched:
         - @ConditionalOnClass found required class 'org.springframework.security.authentication.AuthenticationManager' (OnClassCondition)
         - AnyNestedCondition 1 matched 2 did not; NestedCondition on UserDetailsServiceAutoConfiguration.MissingAlternativeOrUserPropertiesConfigured.PasswordConfigured @ConditionalOnProperty (spring.security.user.password) did not find property 'password'; NestedCondition on UserDetailsServiceAutoConfiguration.MissingAlternativeOrUserPropertiesConfigured.NameConfigured @ConditionalOnProperty (spring.security.user.name) did not find property 'name'; NestedCondition on UserDetailsServiceAutoConfiguration.MissingAlternativeOrUserPropertiesConfigured.MissingAlternative @ConditionalOnMissingClass did not find unwanted classes 'org.springframework.security.oauth2.client.registration.ClientRegistrationRepository', 'org.springframework.security.oauth2.server.resource.introspection.OpaqueTokenIntrospector', 'org.springframework.security.saml2.provider.service.registration.RelyingPartyRegistrationRepository' (UserDetailsServiceAutoConfiguration.MissingAlternativeOrUserPropertiesConfigured)

   ValidationAutoConfiguration:
      Did not match:
         - @ConditionalOnClass did not find required class 'jakarta.validation.executable.ExecutableValidator' (OnClassCondition)

   WebClientAutoConfiguration:
      Did not match:
         - @ConditionalOnClass did not find required class 'org.springframework.web.reactive.function.client.WebClient' (OnClassCondition)

   WebFluxAutoConfiguration:
      Did not match:
         - @ConditionalOnClass did not find required class 'org.springframework.web.reactive.config.WebFluxConfigurer' (OnClassCondition)

   WebMvcAutoConfiguration#hiddenHttpMethodFilter:
      Did not match:
         - @ConditionalOnProperty (spring.mvc.hiddenmethod.filter.enabled) did not find property 'enabled' (OnPropertyCondition)

   WebMvcAutoConfiguration.ProblemDetailsErrorHandlingConfiguration:
      Did not match:
         - @ConditionalOnProperty (spring.mvc.problemdetails.enabled=true) did not find property 'enabled' (OnPropertyCondition)

   WebMvcAutoConfiguration.ResourceChainCustomizerConfiguration:
      Did not match:
         - @ConditionalOnEnabledResourceChain did not find class org.webjars.WebJarAssetLocator (OnEnabledResourceChainCondition)

   WebMvcAutoConfiguration.WebMvcAutoConfigurationAdapter#beanNameViewResolver:
      Did not match:
         - @ConditionalOnBean (types: org.springframework.web.servlet.View; SearchStrategy: all) did not find any beans of type org.springframework.web.servlet.View (OnBeanCondition)

   WebServiceTemplateAutoConfiguration:
      Did not match:
         - @ConditionalOnClass did not find required class 'org.springframework.oxm.Marshaller' (OnClassCondition)

   WebServicesAutoConfiguration:
      Did not match:
         - @ConditionalOnClass did not find required class 'org.springframework.ws.transport.http.MessageDispatcherServlet' (OnClassCondition)

   WebSessionIdResolverAutoConfiguration:
      Did not match:
         - @ConditionalOnClass did not find required class 'reactor.core.publisher.Mono' (OnClassCondition)

   WebSocketMessagingAutoConfiguration:
      Did not match:
         - @ConditionalOnClass did not find required class 'org.springframework.web.socket.config.annotation.WebSocketMessageBrokerConfigurer' (OnClassCondition)

   WebSocketReactiveAutoConfiguration:
      Did not match:
         - @ConditionalOnWebApplication did not find reactive web application classes (OnWebApplicationCondition)

   WebSocketServletAutoConfiguration.JettyWebSocketConfiguration:
      Did not match:
         - @ConditionalOnClass did not find required class 'org.eclipse.jetty.ee10.websocket.jakarta.server.config.JakartaWebSocketServletContainerInitializer' (OnClassCondition)

   WebSocketServletAutoConfiguration.UndertowWebSocketConfiguration:
      Did not match:
         - @ConditionalOnClass did not find required class 'io.undertow.websockets.jsr.Bootstrap' (OnClassCondition)

   XADataSourceAutoConfiguration:
      Did not match:
         - @ConditionalOnBean (types: org.springframework.boot.jdbc.XADataSourceWrapper; SearchStrategy: all) did not find any beans of type org.springframework.boot.jdbc.XADataSourceWrapper (OnBeanCondition)
      Matched:
         - @ConditionalOnClass found required classes 'javax.sql.DataSource', 'jakarta.transaction.TransactionManager', 'org.springframework.jdbc.datasource.embedded.EmbeddedDatabaseType' (OnClassCondition)


Exclusions:
-----------

    None


Unconditional classes:
----------------------

    org.springframework.boot.autoconfigure.context.ConfigurationPropertiesAutoConfiguration

    org.springframework.boot.autoconfigure.ssl.SslAutoConfiguration

    org.springframework.boot.autoconfigure.context.LifecycleAutoConfiguration

    org.springframework.boot.autoconfigure.context.PropertyPlaceholderAutoConfiguration

    org.springframework.boot.autoconfigure.availability.ApplicationAvailabilityAutoConfiguration

    org.springframework.boot.autoconfigure.info.ProjectInfoAutoConfiguration



2024-12-14T10:38:13.234+01:00  INFO 9844 --- [backend] [           main] com.MyBackEnd.BackendApplicationTests    : Started BackendApplicationTests in 16.307 seconds (process running for 19.029)
2024-12-14T10:38:13.247+01:00 DEBUG 9844 --- [backend] [           main] o.s.b.a.ApplicationAvailabilityBean      : Application availability state LivenessState changed to CORRECT
2024-12-14T10:38:13.260+01:00 DEBUG 9844 --- [backend] [           main] o.s.b.a.ApplicationAvailabilityBean      : Application availability state ReadinessState changed to ACCEPTING_TRAFFIC
2024-12-14T10:38:13.266+01:00 DEBUG 9844 --- [backend] [           main] org.springframework.test.context.cache   : Spring test ApplicationContext cache statistics: [DefaultContextCache@12544a50 size = 1, maxSize = 32, parentContextCount = 0, hitCount = 0, missCount = 1, failureCount = 0]
2024-12-14T10:38:13.267+01:00 DEBUG 9844 --- [backend] [           main] o.s.t.c.w.ServletTestExecutionListener   : Setting up MockHttpServletRequest, MockHttpServletResponse, ServletWebRequest, and RequestContextHolder for test class com.MyBackEnd.BackendApplicationTests
2024-12-14T10:38:13.294+01:00 DEBUG 9844 --- [backend] [           main] DependencyInjectionTestExecutionListener : Performing dependency injection for test class com.MyBackEnd.BackendApplicationTests
2024-12-14T10:38:13.295+01:00 DEBUG 9844 --- [backend] [           main] org.springframework.test.context.cache   : Spring test ApplicationContext cache statistics: [DefaultContextCache@12544a50 size = 1, maxSize = 32, parentContextCount = 0, hitCount = 1, missCount = 1, failureCount = 0]
2024-12-14T10:38:13.297+01:00 DEBUG 9844 --- [backend] [           main] org.springframework.test.context.cache   : Spring test ApplicationContext cache statistics: [DefaultContextCache@12544a50 size = 1, maxSize = 32, parentContextCount = 0, hitCount = 2, missCount = 1, failureCount = 0]
2024-12-14T10:38:13.307+01:00 DEBUG 9844 --- [backend] [           main] sContextBeforeModesTestExecutionListener : Before test method: class [BackendApplicationTests], method [contextLoads], class annotated with @DirtiesContext [false] with mode [null], method annotated with @DirtiesContext [false] with mode [null]
2024-12-14T10:38:13.312+01:00 DEBUG 9844 --- [backend] [           main] org.springframework.test.context.cache   : Spring test ApplicationContext cache statistics: [DefaultContextCache@12544a50 size = 1, maxSize = 32, parentContextCount = 0, hitCount = 3, missCount = 1, failureCount = 0]
2024-12-14T10:38:13.313+01:00 DEBUG 9844 --- [backend] [           main] org.springframework.test.context.cache   : Spring test ApplicationContext cache statistics: [DefaultContextCache@12544a50 size = 1, maxSize = 32, parentContextCount = 0, hitCount = 4, missCount = 1, failureCount = 0]
2024-12-14T10:38:14.203+01:00 DEBUG 9844 --- [backend] [           main] org.springframework.test.context.cache   : Spring test ApplicationContext cache statistics: [DefaultContextCache@12544a50 size = 1, maxSize = 32, parentContextCount = 0, hitCount = 5, missCount = 1, failureCount = 0]
2024-12-14T10:38:14.214+01:00 DEBUG 9844 --- [backend] [           main] org.springframework.test.context.cache   : Spring test ApplicationContext cache statistics: [DefaultContextCache@12544a50 size = 1, maxSize = 32, parentContextCount = 0, hitCount = 6, missCount = 1, failureCount = 0]
2024-12-14T10:38:14.215+01:00 DEBUG 9844 --- [backend] [           main] org.springframework.test.context.cache   : Spring test ApplicationContext cache statistics: [DefaultContextCache@12544a50 size = 1, maxSize = 32, parentContextCount = 0, hitCount = 7, missCount = 1, failureCount = 0]
2024-12-14T10:38:14.215+01:00 DEBUG 9844 --- [backend] [           main] org.springframework.test.context.cache   : Spring test ApplicationContext cache statistics: [DefaultContextCache@12544a50 size = 1, maxSize = 32, parentContextCount = 0, hitCount = 8, missCount = 1, failureCount = 0]
2024-12-14T10:38:14.217+01:00 DEBUG 9844 --- [backend] [           main] org.springframework.test.context.cache   : Spring test ApplicationContext cache statistics: [DefaultContextCache@12544a50 size = 1, maxSize = 32, parentContextCount = 0, hitCount = 9, missCount = 1, failureCount = 0]
2024-12-14T10:38:14.218+01:00 DEBUG 9844 --- [backend] [           main] org.springframework.test.context.cache   : Spring test ApplicationContext cache statistics: [DefaultContextCache@12544a50 size = 1, maxSize = 32, parentContextCount = 0, hitCount = 10, missCount = 1, failureCount = 0]
2024-12-14T10:38:14.220+01:00 DEBUG 9844 --- [backend] [           main] org.springframework.test.context.cache   : Spring test ApplicationContext cache statistics: [DefaultContextCache@12544a50 size = 1, maxSize = 32, parentContextCount = 0, hitCount = 11, missCount = 1, failureCount = 0]
2024-12-14T10:38:14.222+01:00 DEBUG 9844 --- [backend] [           main] org.springframework.test.context.cache   : Spring test ApplicationContext cache statistics: [DefaultContextCache@12544a50 size = 1, maxSize = 32, parentContextCount = 0, hitCount = 12, missCount = 1, failureCount = 0]
2024-12-14T10:38:14.223+01:00 DEBUG 9844 --- [backend] [           main] .c.s.DirtiesContextTestExecutionListener : After test method: class [BackendApplicationTests], method [contextLoads], class annotated with @DirtiesContext [false] with mode [null], method annotated with @DirtiesContext [false] with mode [null]
2024-12-14T10:38:14.223+01:00 DEBUG 9844 --- [backend] [           main] o.s.t.c.w.ServletTestExecutionListener   : Resetting RequestContextHolder for test class com.MyBackEnd.BackendApplicationTests
]]></system-out>
    <system-err><![CDATA[WARNING: A Java agent has been loaded dynamically (C:\Users\hp\.m2\repository\net\bytebuddy\byte-buddy-agent\1.14.19\byte-buddy-agent-1.14.19.jar)
WARNING: If a serviceability tool is in use, please run with -XX:+EnableDynamicAgentLoading to hide this warning
WARNING: If a serviceability tool is not in use, please run with -Djdk.instrument.traceUsage for more information
WARNING: Dynamic loading of agents will be disallowed by default in a future release
]]></system-err>
  </testcase>
</testsuite>