<?xml version="1.0" encoding="UTF-8"?>
<testsuite xmlns:xsi="http://www.w3.org/2001/XMLSchema-instance" xsi:noNamespaceSchemaLocation="https://maven.apache.org/surefire/maven-surefire-plugin/xsd/surefire-test-report-3.0.xsd" version="3.0" name="com.MyBackEnd.BackendApplicationTests" time="24.11" tests="1" errors="0" skipped="0" failures="0">
  <properties>
[...]
</properties>
  <testcase name="contextLoads" classname="com.MyBackEnd.BackendApplicationTests" time="0.938">
    <system-out><![CDATA[22:32:44.094 [main] INFO org.springframework.test.context.support.AnnotationConfigContextLoaderUtils -- Could not detect default configuration classes for test class [com.MyBackEnd.BackendApplicationTests]: BackendApplicationTests does not declare any static, non-private, non-final, nested classes annotated with @Configuration.
22:32:44.346 [main] INFO org.springframework.boot.test.context.SpringBootTestContextBootstrapper -- Found @SpringBootConfiguration com.MyBackEnd.BackendApplication for test class com.MyBackEnd.BackendApplicationTests

  .   ____          _            __ _ _
 /\\ / ___'_ __ _ _(_)_ __  __ _ \ \ \ \
( ( )\___ | '_ | '_| | '_ \/ _` | \ \ \ \
 \\/  ___)| |_)| | | | | || (_| |  ) ) ) )
  '  |____| .__|_| |_|_| |_\__, | / / / /
 =========|_|==============|___/=/_/_/_/

 :: Spring Boot ::                (v3.3.5)

2024-12-11T22:32:45.253+01:00  INFO 25272 --- [backend] [           main] com.MyBackEnd.BackendApplicationTests    : Starting BackendApplicationTests using Java 21.0.2 with PID 25272 (started by hp in C:\Users\hp\Desktop\coding_programing\W1W_backend_SpringBoot)
2024-12-11T22:32:45.256+01:00  INFO 25272 --- [backend] [           main] com.MyBackEnd.BackendApplicationTests    : No active profile set, falling back to 1 default profile: "default"
2024-12-11T22:32:45.258+01:00 DEBUG 25272 --- [backend] [           main] o.s.boot.SpringApplication               : Loading source class com.MyBackEnd.BackendApplication
2024-12-11T22:32:45.326+01:00 DEBUG 25272 --- [backend] [           main] o.s.w.c.s.GenericWebApplicationContext   : Refreshing org.springframework.web.context.support.GenericWebApplicationContext@1c807b1d
2024-12-11T22:32:45.353+01:00 DEBUG 25272 --- [backend] [           main] o.s.b.f.s.DefaultListableBeanFactory     : Creating shared instance of singleton bean 'org.springframework.context.annotation.internalConfigurationAnnotationProcessor'
2024-12-11T22:32:45.381+01:00 DEBUG 25272 --- [backend] [           main] o.s.b.f.s.DefaultListableBeanFactory     : Creating shared instance of singleton bean 'org.springframework.boot.autoconfigure.internalCachingMetadataReaderFactory'
2024-12-11T22:32:45.505+01:00 DEBUG 25272 --- [backend] [           main] o.s.c.a.ClassPathBeanDefinitionScanner   : Identified candidate component class: file [C:\Users\hp\Desktop\coding_programing\W1W_backend_SpringBoot\target\classes\com\MyBackEnd\config\filters\JWTAuthFilter.class]
2024-12-11T22:32:45.522+01:00 DEBUG 25272 --- [backend] [           main] o.s.c.a.ClassPathBeanDefinitionScanner   : Identified candidate component class: file [C:\Users\hp\Desktop\coding_programing\W1W_backend_SpringBoot\target\classes\com\MyBackEnd\config\security\SecurityConfig.class]
2024-12-11T22:32:45.553+01:00 DEBUG 25272 --- [backend] [           main] o.s.c.a.ClassPathBeanDefinitionScanner   : Identified candidate component class: file [C:\Users\hp\Desktop\coding_programing\W1W_backend_SpringBoot\target\classes\com\MyBackEnd\controllers\AuthController.class]
2024-12-11T22:32:45.562+01:00 DEBUG 25272 --- [backend] [           main] o.s.c.a.ClassPathBeanDefinitionScanner   : Identified candidate component class: file [C:\Users\hp\Desktop\coding_programing\W1W_backend_SpringBoot\target\classes\com\MyBackEnd\controllers\ContributorsController.class]
2024-12-11T22:32:45.566+01:00 DEBUG 25272 --- [backend] [           main] o.s.c.a.ClassPathBeanDefinitionScanner   : Identified candidate component class: file [C:\Users\hp\Desktop\coding_programing\W1W_backend_SpringBoot\target\classes\com\MyBackEnd\controllers\IndexController.class]
2024-12-11T22:32:45.571+01:00 DEBUG 25272 --- [backend] [           main] o.s.c.a.ClassPathBeanDefinitionScanner   : Identified candidate component class: file [C:\Users\hp\Desktop\coding_programing\W1W_backend_SpringBoot\target\classes\com\MyBackEnd\controllers\ProjectController.class]
2024-12-11T22:32:45.573+01:00 DEBUG 25272 --- [backend] [           main] o.s.c.a.ClassPathBeanDefinitionScanner   : Identified candidate component class: file [C:\Users\hp\Desktop\coding_programing\W1W_backend_SpringBoot\target\classes\com\MyBackEnd\controllers\TaskAssignmentController.class]
2024-12-11T22:32:45.575+01:00 DEBUG 25272 --- [backend] [           main] o.s.c.a.ClassPathBeanDefinitionScanner   : Identified candidate component class: file [C:\Users\hp\Desktop\coding_programing\W1W_backend_SpringBoot\target\classes\com\MyBackEnd\controllers\TaskController.class]
2024-12-11T22:32:45.578+01:00 DEBUG 25272 --- [backend] [           main] o.s.c.a.ClassPathBeanDefinitionScanner   : Identified candidate component class: file [C:\Users\hp\Desktop\coding_programing\W1W_backend_SpringBoot\target\classes\com\MyBackEnd\helpers\ExtractUserIDFromTokenHelper.class]
2024-12-11T22:32:45.599+01:00 DEBUG 25272 --- [backend] [           main] o.s.c.a.ClassPathBeanDefinitionScanner   : Ignored because not a concrete top-level class: file [C:\Users\hp\Desktop\coding_programing\W1W_backend_SpringBoot\target\classes\com\MyBackEnd\repository\ProjectRepository.class]
2024-12-11T22:32:45.601+01:00 DEBUG 25272 --- [backend] [           main] o.s.c.a.ClassPathBeanDefinitionScanner   : Ignored because not a concrete top-level class: file [C:\Users\hp\Desktop\coding_programing\W1W_backend_SpringBoot\target\classes\com\MyBackEnd\repository\TaskAssignmentRepository.class]
2024-12-11T22:32:45.602+01:00 DEBUG 25272 --- [backend] [           main] o.s.c.a.ClassPathBeanDefinitionScanner   : Ignored because not a concrete top-level class: file [C:\Users\hp\Desktop\coding_programing\W1W_backend_SpringBoot\target\classes\com\MyBackEnd\repository\TaskRepository.class]
2024-12-11T22:32:45.605+01:00 DEBUG 25272 --- [backend] [           main] o.s.c.a.ClassPathBeanDefinitionScanner   : Ignored because not a concrete top-level class: file [C:\Users\hp\Desktop\coding_programing\W1W_backend_SpringBoot\target\classes\com\MyBackEnd\repository\UserProjectRoleRepository.class]
2024-12-11T22:32:45.607+01:00 DEBUG 25272 --- [backend] [           main] o.s.c.a.ClassPathBeanDefinitionScanner   : Ignored because not a concrete top-level class: file [C:\Users\hp\Desktop\coding_programing\W1W_backend_SpringBoot\target\classes\com\MyBackEnd\repository\UserRepository.class]
2024-12-11T22:32:45.610+01:00 DEBUG 25272 --- [backend] [           main] o.s.c.a.ClassPathBeanDefinitionScanner   : Identified candidate component class: file [C:\Users\hp\Desktop\coding_programing\W1W_backend_SpringBoot\target\classes\com\MyBackEnd\services\auth\MyCustomUserDetailsService.class]
2024-12-11T22:32:45.614+01:00 DEBUG 25272 --- [backend] [           main] o.s.c.a.ClassPathBeanDefinitionScanner   : Identified candidate component class: file [C:\Users\hp\Desktop\coding_programing\W1W_backend_SpringBoot\target\classes\com\MyBackEnd\services\auth\UserService.class]
2024-12-11T22:32:45.617+01:00 DEBUG 25272 --- [backend] [           main] o.s.c.a.ClassPathBeanDefinitionScanner   : Identified candidate component class: file [C:\Users\hp\Desktop\coding_programing\W1W_backend_SpringBoot\target\classes\com\MyBackEnd\services\ContributorsService.class]
2024-12-11T22:32:45.619+01:00 DEBUG 25272 --- [backend] [           main] o.s.c.a.ClassPathBeanDefinitionScanner   : Identified candidate component class: file [C:\Users\hp\Desktop\coding_programing\W1W_backend_SpringBoot\target\classes\com\MyBackEnd\services\JwtTokenServices.class]
2024-12-11T22:32:45.629+01:00 DEBUG 25272 --- [backend] [           main] o.s.c.a.ClassPathBeanDefinitionScanner   : Identified candidate component class: file [C:\Users\hp\Desktop\coding_programing\W1W_backend_SpringBoot\target\classes\com\MyBackEnd\services\ProjectService.class]
2024-12-11T22:32:45.635+01:00 DEBUG 25272 --- [backend] [           main] o.s.c.a.ClassPathBeanDefinitionScanner   : Identified candidate component class: file [C:\Users\hp\Desktop\coding_programing\W1W_backend_SpringBoot\target\classes\com\MyBackEnd\services\TaskAssignmentService.class]
2024-12-11T22:32:45.639+01:00 DEBUG 25272 --- [backend] [           main] o.s.c.a.ClassPathBeanDefinitionScanner   : Identified candidate component class: file [C:\Users\hp\Desktop\coding_programing\W1W_backend_SpringBoot\target\classes\com\MyBackEnd\services\TaskService.class]
2024-12-11T22:32:47.007+01:00  INFO 25272 --- [backend] [           main] .s.d.r.c.RepositoryConfigurationDelegate : Bootstrapping Spring Data JPA repositories in DEFAULT mode.
2024-12-11T22:32:47.022+01:00 DEBUG 25272 --- [backend] [           main] o.s.b.f.s.DefaultListableBeanFactory     : Creating shared instance of singleton bean 'org.springframework.boot.autoconfigure.AutoConfigurationPackages'
2024-12-11T22:32:47.036+01:00 DEBUG 25272 --- [backend] [           main] o.s.b.a.AutoConfigurationPackages        : @EnableAutoConfiguration was declared on a class in the package 'com.MyBackEnd'. Automatic @Repository and @Entity scanning is enabled.
2024-12-11T22:32:47.038+01:00 DEBUG 25272 --- [backend] [           main] .s.d.r.c.RepositoryConfigurationDelegate : Scanning for JPA repositories in packages com.MyBackEnd.
2024-12-11T22:32:47.065+01:00 DEBUG 25272 --- [backend] [           main] o.s.d.r.c.RepositoryComponentProvider    : Identified candidate component class: file [C:\Users\hp\Desktop\coding_programing\W1W_backend_SpringBoot\target\classes\com\MyBackEnd\repository\ProjectRepository.class]
2024-12-11T22:32:47.066+01:00 DEBUG 25272 --- [backend] [           main] o.s.d.r.c.RepositoryComponentProvider    : Identified candidate component class: file [C:\Users\hp\Desktop\coding_programing\W1W_backend_SpringBoot\target\classes\com\MyBackEnd\repository\TaskAssignmentRepository.class]
2024-12-11T22:32:47.066+01:00 DEBUG 25272 --- [backend] [           main] o.s.d.r.c.RepositoryComponentProvider    : Identified candidate component class: file [C:\Users\hp\Desktop\coding_programing\W1W_backend_SpringBoot\target\classes\com\MyBackEnd\repository\TaskRepository.class]
2024-12-11T22:32:47.067+01:00 DEBUG 25272 --- [backend] [           main] o.s.d.r.c.RepositoryComponentProvider    : Identified candidate component class: file [C:\Users\hp\Desktop\coding_programing\W1W_backend_SpringBoot\target\classes\com\MyBackEnd\repository\UserProjectRoleRepository.class]
2024-12-11T22:32:47.067+01:00 DEBUG 25272 --- [backend] [           main] o.s.d.r.c.RepositoryComponentProvider    : Identified candidate component class: file [C:\Users\hp\Desktop\coding_programing\W1W_backend_SpringBoot\target\classes\com\MyBackEnd\repository\UserRepository.class]
2024-12-11T22:32:47.142+01:00  INFO 25272 --- [backend] [           main] .s.d.r.c.RepositoryConfigurationDelegate : Finished Spring Data repository scanning in 101 ms. Found 5 JPA repository interfaces.
2024-12-11T22:32:47.417+01:00 DEBUG 25272 --- [backend] [           main] o.s.b.f.s.DefaultListableBeanFactory     : Creating shared instance of singleton bean 'springSecurityHandlerMappingIntrospectorBeanDefinitionRegistryPostProcessor'
2024-12-11T22:32:47.685+01:00 DEBUG 25272 --- [backend] [           main] o.s.b.f.s.DefaultListableBeanFactory     : Creating shared instance of singleton bean 'propertySourcesPlaceholderConfigurer'
2024-12-11T22:32:47.692+01:00 DEBUG 25272 --- [backend] [           main] o.s.b.f.s.DefaultListableBeanFactory     : Creating shared instance of singleton bean 'org.springframework.boot.test.mock.mockito.MockitoPostProcessor'
2024-12-11T22:32:47.694+01:00 DEBUG 25272 --- [backend] [           main] o.s.b.f.s.DefaultListableBeanFactory     : Creating shared instance of singleton bean 'emBeanDefinitionRegistrarPostProcessor'
2024-12-11T22:32:47.695+01:00 DEBUG 25272 --- [backend] [           main] o.s.b.f.s.DefaultListableBeanFactory     : Creating shared instance of singleton bean 'org.springframework.boot.sql.init.dependency.DatabaseInitializationDependencyConfigurer$DependsOnDatabaseInitializationPostProcessor'
2024-12-11T22:32:47.812+01:00 DEBUG 25272 --- [backend] [           main] o.s.b.f.s.DefaultListableBeanFactory     : Creating shared instance of singleton bean 'org.springframework.context.event.internalEventListenerProcessor'
2024-12-11T22:32:47.814+01:00 DEBUG 25272 --- [backend] [           main] o.s.b.f.s.DefaultListableBeanFactory     : Creating shared instance of singleton bean 'conversionServicePostProcessor'
2024-12-11T22:32:47.834+01:00 DEBUG 25272 --- [backend] [           main] o.s.b.f.s.DefaultListableBeanFactory     : Creating shared instance of singleton bean 'preserveErrorControllerTargetClassPostProcessor'
2024-12-11T22:32:47.836+01:00 DEBUG 25272 --- [backend] [           main] o.s.b.f.s.DefaultListableBeanFactory     : Creating shared instance of singleton bean 'org.springframework.context.event.internalEventListenerFactory'
2024-12-11T22:32:47.837+01:00 DEBUG 25272 --- [backend] [           main] o.s.b.f.s.DefaultListableBeanFactory     : Creating shared instance of singleton bean 'org.springframework.transaction.config.internalTransactionalEventListenerFactory'
2024-12-11T22:32:47.844+01:00 DEBUG 25272 --- [backend] [           main] o.s.b.f.s.DefaultListableBeanFactory     : Creating shared instance of singleton bean 'org.springframework.boot.test.mock.mockito.MockitoPostProcessor$SpyPostProcessor'
2024-12-11T22:32:47.846+01:00 DEBUG 25272 --- [backend] [           main] o.s.b.f.s.DefaultListableBeanFactory     : Creating shared instance of singleton bean 'org.springframework.context.annotation.internalAutowiredAnnotationProcessor'
2024-12-11T22:32:47.849+01:00 DEBUG 25272 --- [backend] [           main] o.s.b.f.s.DefaultListableBeanFactory     : Creating shared instance of singleton bean 'org.springframework.context.annotation.internalCommonAnnotationProcessor'
2024-12-11T22:32:47.854+01:00 DEBUG 25272 --- [backend] [           main] o.s.b.f.s.DefaultListableBeanFactory     : Creating shared instance of singleton bean 'org.springframework.context.annotation.internalPersistenceAnnotationProcessor'
2024-12-11T22:32:47.855+01:00 DEBUG 25272 --- [backend] [           main] o.s.b.f.s.DefaultListableBeanFactory     : Creating shared instance of singleton bean 'org.springframework.boot.context.properties.ConfigurationPropertiesBindingPostProcessor'
2024-12-11T22:32:47.856+01:00 DEBUG 25272 --- [backend] [           main] o.s.b.f.s.DefaultListableBeanFactory     : Creating shared instance of singleton bean 'org.springframework.boot.context.internalConfigurationPropertiesBinder'
2024-12-11T22:32:47.859+01:00 DEBUG 25272 --- [backend] [           main] o.s.b.f.s.DefaultListableBeanFactory     : Creating shared instance of singleton bean 'jdbcConnectionDetailsHikariBeanPostProcessor'
2024-12-11T22:32:47.866+01:00 DEBUG 25272 --- [backend] [           main] o.s.b.f.s.DefaultListableBeanFactory     : Creating shared instance of singleton bean 'org.springframework.aop.config.internalAutoProxyCreator'
2024-12-11T22:32:47.922+01:00 DEBUG 25272 --- [backend] [           main] o.s.b.f.s.DefaultListableBeanFactory     : Creating shared instance of singleton bean 'persistenceExceptionTranslationPostProcessor'
2024-12-11T22:32:47.968+01:00 DEBUG 25272 --- [backend] [           main] o.s.b.f.s.DefaultListableBeanFactory     : Autowiring by type from bean name 'persistenceExceptionTranslationPostProcessor' via factory method to bean named 'environment'
2024-12-11T22:32:47.984+01:00 DEBUG 25272 --- [backend] [           main] o.s.b.f.s.DefaultListableBeanFactory     : Creating shared instance of singleton bean 'webServerFactoryCustomizerBeanPostProcessor'
2024-12-11T22:32:47.986+01:00 DEBUG 25272 --- [backend] [           main] o.s.b.f.s.DefaultListableBeanFactory     : Creating shared instance of singleton bean 'errorPageRegistrarBeanPostProcessor'
2024-12-11T22:32:47.988+01:00 DEBUG 25272 --- [backend] [           main] o.s.b.f.s.DefaultListableBeanFactory     : Creating shared instance of singleton bean 'projectingArgumentResolverBeanPostProcessor'
2024-12-11T22:32:47.991+01:00 DEBUG 25272 --- [backend] [           main] o.s.b.f.s.DefaultListableBeanFactory     : Creating shared instance of singleton bean 'org.springframework.transaction.config.internalTransactionAdvisor'
2024-12-11T22:32:47.992+01:00 DEBUG 25272 --- [backend] [           main] o.s.b.f.s.DefaultListableBeanFactory     : Creating shared instance of singleton bean 'org.springframework.transaction.annotation.ProxyTransactionManagementConfiguration'
2024-12-11T22:32:48.019+01:00 DEBUG 25272 --- [backend] [           main] o.s.b.f.s.DefaultListableBeanFactory     : Creating shared instance of singleton bean 'transactionAttributeSource'
2024-12-11T22:32:48.023+01:00 DEBUG 25272 --- [backend] [           main] o.s.b.f.s.DefaultListableBeanFactory     : Creating shared instance of singleton bean 'transactionInterceptor'
2024-12-11T22:32:48.025+01:00 DEBUG 25272 --- [backend] [           main] o.s.b.f.s.DefaultListableBeanFactory     : Autowiring by type from bean name 'transactionInterceptor' via factory method to bean named 'transactionAttributeSource'
2024-12-11T22:32:48.037+01:00 DEBUG 25272 --- [backend] [           main] o.s.b.f.s.DefaultListableBeanFactory     : Autowiring by type from bean name 'org.springframework.transaction.config.internalTransactionAdvisor' via factory method to bean named 'transactionAttributeSource'
2024-12-11T22:32:48.037+01:00 DEBUG 25272 --- [backend] [           main] o.s.b.f.s.DefaultListableBeanFactory     : Autowiring by type from bean name 'org.springframework.transaction.config.internalTransactionAdvisor' via factory method to bean named 'transactionInterceptor'
2024-12-11T22:32:48.088+01:00 DEBUG 25272 --- [backend] [           main] o.s.u.c.s.UiApplicationContextUtils      : Unable to locate ThemeSource with name 'themeSource': using default [org.springframework.ui.context.support.ResourceBundleThemeSource@427a12b6]
2024-12-11T22:32:48.091+01:00 DEBUG 25272 --- [backend] [           main] o.s.b.f.s.DefaultListableBeanFactory     : Creating shared instance of singleton bean 'dataSourceScriptDatabaseInitializer'
2024-12-11T22:32:48.091+01:00 DEBUG 25272 --- [backend] [           main] o.s.b.f.s.DefaultListableBeanFactory     : Creating shared instance of singleton bean 'org.springframework.boot.autoconfigure.sql.init.DataSourceInitializationConfiguration'
2024-12-11T22:32:48.094+01:00 DEBUG 25272 --- [backend] [           main] o.s.b.f.s.DefaultListableBeanFactory     : Creating shared instance of singleton bean 'dataSource'
2024-12-11T22:32:48.094+01:00 DEBUG 25272 --- [backend] [           main] o.s.b.f.s.DefaultListableBeanFactory     : Creating shared instance of singleton bean 'org.springframework.boot.autoconfigure.jdbc.DataSourceConfiguration$Hikari'
2024-12-11T22:32:48.097+01:00 DEBUG 25272 --- [backend] [           main] o.s.b.f.s.DefaultListableBeanFactory     : Creating shared instance of singleton bean 'spring.datasource-org.springframework.boot.autoconfigure.jdbc.DataSourceProperties'
2024-12-11T22:32:48.099+01:00 DEBUG 25272 --- [backend] [           main] o.s.b.f.s.DefaultListableBeanFactory     : Creating shared instance of singleton bean 'org.springframework.boot.context.properties.BoundConfigurationProperties'
2024-12-11T22:32:48.154+01:00 DEBUG 25272 --- [backend] [           main] o.s.b.f.s.DefaultListableBeanFactory     : Creating shared instance of singleton bean 'jdbcConnectionDetails'
2024-12-11T22:32:48.155+01:00 DEBUG 25272 --- [backend] [           main] o.s.b.f.s.DefaultListableBeanFactory     : Creating shared instance of singleton bean 'org.springframework.boot.autoconfigure.jdbc.DataSourceAutoConfiguration$PooledDataSourceConfiguration'
2024-12-11T22:32:48.158+01:00 DEBUG 25272 --- [backend] [           main] o.s.b.f.s.DefaultListableBeanFactory     : Autowiring by type from bean name 'jdbcConnectionDetails' via factory method to bean named 'spring.datasource-org.springframework.boot.autoconfigure.jdbc.DataSourceProperties'
2024-12-11T22:32:48.162+01:00 DEBUG 25272 --- [backend] [           main] o.s.b.f.s.DefaultListableBeanFactory     : Autowiring by type from bean name 'dataSource' via factory method to bean named 'spring.datasource-org.springframework.boot.autoconfigure.jdbc.DataSourceProperties'
2024-12-11T22:32:48.162+01:00 DEBUG 25272 --- [backend] [           main] o.s.b.f.s.DefaultListableBeanFactory     : Autowiring by type from bean name 'dataSource' via factory method to bean named 'jdbcConnectionDetails'
2024-12-11T22:32:48.250+01:00 DEBUG 25272 --- [backend] [           main] o.s.b.f.s.DefaultListableBeanFactory     : Creating shared instance of singleton bean 'spring.sql.init-org.springframework.boot.autoconfigure.sql.init.SqlInitializationProperties'
2024-12-11T22:32:48.259+01:00 DEBUG 25272 --- [backend] [           main] o.s.b.f.s.DefaultListableBeanFactory     : Autowiring by type from bean name 'dataSourceScriptDatabaseInitializer' via factory method to bean named 'dataSource'
2024-12-11T22:32:48.259+01:00 DEBUG 25272 --- [backend] [           main] o.s.b.f.s.DefaultListableBeanFactory     : Autowiring by type from bean name 'dataSourceScriptDatabaseInitializer' via factory method to bean named 'spring.sql.init-org.springframework.boot.autoconfigure.sql.init.SqlInitializationProperties'
2024-12-11T22:32:48.279+01:00 DEBUG 25272 --- [backend] [           main] o.s.b.f.s.DefaultListableBeanFactory     : Creating shared instance of singleton bean 'entityManagerFactory'
2024-12-11T22:32:48.280+01:00 DEBUG 25272 --- [backend] [           main] o.s.b.f.s.DefaultListableBeanFactory     : Creating shared instance of singleton bean 'org.springframework.boot.autoconfigure.orm.jpa.HibernateJpaConfiguration'
2024-12-11T22:32:48.284+01:00 DEBUG 25272 --- [backend] [           main] o.s.b.f.s.DefaultListableBeanFactory     : Creating shared instance of singleton bean 'spring.jpa-org.springframework.boot.autoconfigure.orm.jpa.JpaProperties'
2024-12-11T22:32:48.299+01:00 DEBUG 25272 --- [backend] [           main] o.s.b.f.s.DefaultListableBeanFactory     : Creating shared instance of singleton bean 'spring.jpa.hibernate-org.springframework.boot.autoconfigure.orm.jpa.HibernateProperties'
2024-12-11T22:32:48.307+01:00 DEBUG 25272 --- [backend] [           main] o.s.b.f.s.DefaultListableBeanFactory     : Autowiring by type from bean name 'org.springframework.boot.autoconfigure.orm.jpa.HibernateJpaConfiguration' via constructor to bean named 'dataSource'
2024-12-11T22:32:48.307+01:00 DEBUG 25272 --- [backend] [           main] o.s.b.f.s.DefaultListableBeanFactory     : Autowiring by type from bean name 'org.springframework.boot.autoconfigure.orm.jpa.HibernateJpaConfiguration' via constructor to bean named 'spring.jpa-org.springframework.boot.autoconfigure.orm.jpa.JpaProperties'
2024-12-11T22:32:48.307+01:00 DEBUG 25272 --- [backend] [           main] o.s.b.f.s.DefaultListableBeanFactory     : Autowiring by type from bean name 'org.springframework.boot.autoconfigure.orm.jpa.HibernateJpaConfiguration' via constructor to bean named 'org.springframework.beans.factory.support.DefaultListableBeanFactory@6a9287b1'
2024-12-11T22:32:48.307+01:00 DEBUG 25272 --- [backend] [           main] o.s.b.f.s.DefaultListableBeanFactory     : Autowiring by type from bean name 'org.springframework.boot.autoconfigure.orm.jpa.HibernateJpaConfiguration' via constructor to bean named 'spring.jpa.hibernate-org.springframework.boot.autoconfigure.orm.jpa.HibernateProperties'
2024-12-11T22:32:48.319+01:00 DEBUG 25272 --- [backend] [           main] o.s.b.f.s.DefaultListableBeanFactory     : Creating shared instance of singleton bean 'hikariPoolDataSourceMetadataProvider'
2024-12-11T22:32:48.320+01:00 DEBUG 25272 --- [backend] [           main] o.s.b.f.s.DefaultListableBeanFactory     : Creating shared instance of singleton bean 'org.springframework.boot.autoconfigure.jdbc.metadata.DataSourcePoolMetadataProvidersConfiguration$HikariPoolDataSourceMetadataProviderConfiguration'
2024-12-11T22:32:48.341+01:00 DEBUG 25272 --- [backend] [           main] o.s.b.f.s.DefaultListableBeanFactory     : Creating shared instance of singleton bean 'entityManagerFactoryBuilder'
2024-12-11T22:32:48.344+01:00 DEBUG 25272 --- [backend] [           main] o.s.b.f.s.DefaultListableBeanFactory     : Creating shared instance of singleton bean 'jpaVendorAdapter'
2024-12-11T22:32:48.418+01:00 DEBUG 25272 --- [backend] [           main] o.s.b.f.s.DefaultListableBeanFactory     : Autowiring by type from bean name 'entityManagerFactoryBuilder' via factory method to bean named 'jpaVendorAdapter'
2024-12-11T22:32:48.435+01:00 DEBUG 25272 --- [backend] [           main] o.s.b.f.s.DefaultListableBeanFactory     : Creating shared instance of singleton bean 'persistenceManagedTypes'
2024-12-11T22:32:48.442+01:00 DEBUG 25272 --- [backend] [           main] o.s.b.f.s.DefaultListableBeanFactory     : Autowiring by type from bean name 'persistenceManagedTypes' via factory method to bean named 'org.springframework.beans.factory.support.DefaultListableBeanFactory@6a9287b1'
2024-12-11T22:32:48.442+01:00 DEBUG 25272 --- [backend] [           main] o.s.b.f.s.DefaultListableBeanFactory     : Autowiring by type from bean name 'persistenceManagedTypes' via factory method to bean named 'org.springframework.web.context.support.GenericWebApplicationContext@1c807b1d'
2024-12-11T22:32:48.493+01:00 DEBUG 25272 --- [backend] [           main] o.s.b.f.s.DefaultListableBeanFactory     : Autowiring by type from bean name 'entityManagerFactory' via factory method to bean named 'entityManagerFactoryBuilder'
2024-12-11T22:32:48.494+01:00 DEBUG 25272 --- [backend] [           main] o.s.b.f.s.DefaultListableBeanFactory     : Autowiring by type from bean name 'entityManagerFactory' via factory method to bean named 'persistenceManagedTypes'
2024-12-11T22:32:48.562+01:00 DEBUG 25272 --- [backend] [           main] j.LocalContainerEntityManagerFactoryBean : Building JPA container EntityManagerFactory for persistence unit 'default'
2024-12-11T22:32:48.693+01:00  INFO 25272 --- [backend] [           main] o.hibernate.jpa.internal.util.LogHelper  : HHH000204: Processing PersistenceUnitInfo [name: default]
2024-12-11T22:32:48.876+01:00  INFO 25272 --- [backend] [           main] org.hibernate.Version                    : HHH000412: Hibernate ORM core version 6.5.3.Final
2024-12-11T22:32:48.964+01:00  INFO 25272 --- [backend] [           main] o.h.c.internal.RegionFactoryInitiator    : HHH000026: Second-level cache disabled
2024-12-11T22:32:49.832+01:00  INFO 25272 --- [backend] [           main] o.s.o.j.p.SpringPersistenceUnitInfo      : No LoadTimeWeaver setup: ignoring JPA class transformer
2024-12-11T22:32:49.925+01:00  INFO 25272 --- [backend] [           main] com.zaxxer.hikari.HikariDataSource       : HikariPool-1 - Starting...
2024-12-11T22:32:53.157+01:00  INFO 25272 --- [backend] [           main] com.zaxxer.hikari.pool.HikariPool        : HikariPool-1 - Added connection org.postgresql.jdbc.PgConnection@65af05b2
2024-12-11T22:32:53.160+01:00  INFO 25272 --- [backend] [           main] com.zaxxer.hikari.HikariDataSource       : HikariPool-1 - Start completed.
2024-12-11T22:32:53.431+01:00  WARN 25272 --- [backend] [           main] org.hibernate.orm.deprecation            : HHH90000025: PostgreSQLDialect does not need to be specified explicitly using 'hibernate.dialect' (remove the property setting and it will be selected by default)
2024-12-11T22:32:56.013+01:00  INFO 25272 --- [backend] [           main] o.h.e.t.j.p.i.JtaPlatformInitiator       : HHH000489: No JTA platform available (set 'hibernate.transaction.jta.platform' to enable JTA platform integration)
2024-12-11T22:33:03.228+01:00  INFO 25272 --- [backend] [           main] j.LocalContainerEntityManagerFactoryBean : Initialized JPA EntityManagerFactory for persistence unit 'default'
2024-12-11T22:33:03.234+01:00 DEBUG 25272 --- [backend] [           main] o.s.b.f.s.DefaultListableBeanFactory     : Creating shared instance of singleton bean 'backendApplication'
2024-12-11T22:33:03.237+01:00 DEBUG 25272 --- [backend] [           main] o.s.b.f.s.DefaultListableBeanFactory     : Creating shared instance of singleton bean 'JWTAuthFilter'
2024-12-11T22:33:03.241+01:00 DEBUG 25272 --- [backend] [           main] o.s.b.f.s.DefaultListableBeanFactory     : Creating shared instance of singleton bean 'jwtTokenServices'
2024-12-11T22:33:03.245+01:00 DEBUG 25272 --- [backend] [           main] o.s.b.f.s.DefaultListableBeanFactory     : Creating shared instance of singleton bean 'myCustomUserDetailsService'
2024-12-11T22:33:03.246+01:00 DEBUG 25272 --- [backend] [           main] o.s.b.f.s.DefaultListableBeanFactory     : Creating shared instance of singleton bean 'userService'
2024-12-11T22:33:03.247+01:00 DEBUG 25272 --- [backend] [           main] o.s.b.f.s.DefaultListableBeanFactory     : Creating shared instance of singleton bean 'userRepository'
2024-12-11T22:33:03.255+01:00 DEBUG 25272 --- [backend] [           main] o.s.b.f.s.DefaultListableBeanFactory     : Creating shared instance of singleton bean 'jpa.named-queries#2'
2024-12-11T22:33:03.260+01:00 DEBUG 25272 --- [backend] [           main] o.s.b.f.s.DefaultListableBeanFactory     : Creating shared instance of singleton bean 'jpa.UserRepository.fragments#0'
2024-12-11T22:33:03.268+01:00 DEBUG 25272 --- [backend] [           main] o.s.b.f.s.DefaultListableBeanFactory     : Creating shared instance of singleton bean 'jpaSharedEM_entityManagerFactory'
2024-12-11T22:33:03.344+01:00 DEBUG 25272 --- [backend] [           main] o.s.b.f.s.DefaultListableBeanFactory     : Creating shared instance of singleton bean 'jpaMappingContext'
2024-12-11T22:33:03.345+01:00 DEBUG 25272 --- [backend] [           main] .c.JpaMetamodelMappingContextFactoryBean : Initializing JpaMetamodelMappingContext…
2024-12-11T22:33:03.392+01:00 DEBUG 25272 --- [backend] [           main] .c.JpaMetamodelMappingContextFactoryBean : Finished initializing JpaMetamodelMappingContext
2024-12-11T22:33:03.470+01:00 DEBUG 25272 --- [backend] [           main] tor$SharedEntityManagerInvocationHandler : Creating new EntityManager for shared EntityManager invocation
2024-12-11T22:33:03.604+01:00 DEBUG 25272 --- [backend] [           main] tor$SharedEntityManagerInvocationHandler : Creating new EntityManager for shared EntityManager invocation
2024-12-11T22:33:03.696+01:00 DEBUG 25272 --- [backend] [           main] o.s.d.r.c.s.RepositoryFactorySupport     : Initializing repository instance for com.MyBackEnd.repository.UserRepository…
2024-12-11T22:33:03.735+01:00 DEBUG 25272 --- [backend] [           main] tor$SharedEntityManagerInvocationHandler : Creating new EntityManager for shared EntityManager invocation
2024-12-11T22:33:03.873+01:00 DEBUG 25272 --- [backend] [           main] o.s.d.jpa.repository.query.NamedQuery    : Looking up named query User.findByEmail
2024-12-11T22:33:03.882+01:00 DEBUG 25272 --- [backend] [           main] o.s.d.jpa.repository.query.NamedQuery    : Did not find named query User.findByEmail
2024-12-11T22:33:03.887+01:00 DEBUG 25272 --- [backend] [           main] tor$SharedEntityManagerInvocationHandler : Creating new EntityManager for shared EntityManager invocation
2024-12-11T22:33:04.044+01:00 DEBUG 25272 --- [backend] [           main] o.s.d.jpa.repository.query.NamedQuery    : Looking up named query User.existsByEmail
2024-12-11T22:33:04.045+01:00 DEBUG 25272 --- [backend] [           main] o.s.d.jpa.repository.query.NamedQuery    : Did not find named query User.existsByEmail
2024-12-11T22:33:04.045+01:00 DEBUG 25272 --- [backend] [           main] tor$SharedEntityManagerInvocationHandler : Creating new EntityManager for shared EntityManager invocation
2024-12-11T22:33:04.056+01:00 DEBUG 25272 --- [backend] [           main] o.s.d.r.c.s.RepositoryFactorySupport     : Finished creation of repository instance for com.MyBackEnd.repository.UserRepository.
2024-12-11T22:33:04.063+01:00 DEBUG 25272 --- [backend] [           main] o.s.b.f.s.DefaultListableBeanFactory     : Creating shared instance of singleton bean 'securityConfig'
2024-12-11T22:33:04.067+01:00 DEBUG 25272 --- [backend] [           main] o.s.b.f.s.DefaultListableBeanFactory     : Creating shared instance of singleton bean 'authController'
2024-12-11T22:33:04.073+01:00 DEBUG 25272 --- [backend] [           main] o.s.b.f.s.DefaultListableBeanFactory     : Creating shared instance of singleton bean 'passwordEncoder'
2024-12-11T22:33:04.077+01:00 DEBUG 25272 --- [backend] [           main] o.s.b.f.s.DefaultListableBeanFactory     : Creating shared instance of singleton bean 'authenticationManager'
2024-12-11T22:33:04.078+01:00 DEBUG 25272 --- [backend] [           main] o.s.b.f.s.DefaultListableBeanFactory     : Creating shared instance of singleton bean 'org.springframework.security.config.annotation.authentication.configuration.AuthenticationConfiguration'
2024-12-11T22:33:04.083+01:00 DEBUG 25272 --- [backend] [           main] o.s.b.f.s.DefaultListableBeanFactory     : Creating shared instance of singleton bean 'enableGlobalAuthenticationAutowiredConfigurer'
2024-12-11T22:33:04.085+01:00 DEBUG 25272 --- [backend] [           main] o.s.b.f.s.DefaultListableBeanFactory     : Autowiring by type from bean name 'enableGlobalAuthenticationAutowiredConfigurer' via factory method to bean named 'org.springframework.web.context.support.GenericWebApplicationContext@1c807b1d'
2024-12-11T22:33:04.087+01:00 DEBUG 25272 --- [backend] [           main] o.s.b.f.s.DefaultListableBeanFactory     : Creating shared instance of singleton bean 'initializeUserDetailsBeanManagerConfigurer'
2024-12-11T22:33:04.087+01:00 DEBUG 25272 --- [backend] [           main] o.s.b.f.s.DefaultListableBeanFactory     : Autowiring by type from bean name 'initializeUserDetailsBeanManagerConfigurer' via factory method to bean named 'org.springframework.web.context.support.GenericWebApplicationContext@1c807b1d'
2024-12-11T22:33:04.089+01:00 DEBUG 25272 --- [backend] [           main] o.s.b.f.s.DefaultListableBeanFactory     : Creating shared instance of singleton bean 'initializeAuthenticationProviderBeanManagerConfigurer'
2024-12-11T22:33:04.090+01:00 DEBUG 25272 --- [backend] [           main] o.s.b.f.s.DefaultListableBeanFactory     : Autowiring by type from bean name 'initializeAuthenticationProviderBeanManagerConfigurer' via factory method to bean named 'org.springframework.web.context.support.GenericWebApplicationContext@1c807b1d'
2024-12-11T22:33:04.096+01:00 DEBUG 25272 --- [backend] [           main] o.s.b.f.s.DefaultListableBeanFactory     : Creating shared instance of singleton bean 'objectPostProcessor'
2024-12-11T22:33:04.096+01:00 DEBUG 25272 --- [backend] [           main] o.s.b.f.s.DefaultListableBeanFactory     : Creating shared instance of singleton bean 'org.springframework.security.config.annotation.configuration.ObjectPostProcessorConfiguration'
2024-12-11T22:33:04.098+01:00 DEBUG 25272 --- [backend] [           main] o.s.b.f.s.DefaultListableBeanFactory     : Autowiring by type from bean name 'objectPostProcessor' via factory method to bean named 'org.springframework.beans.factory.support.DefaultListableBeanFactory@6a9287b1'
2024-12-11T22:33:04.102+01:00 DEBUG 25272 --- [backend] [           main] o.s.b.f.s.DefaultListableBeanFactory     : Autowiring by type from bean name 'authenticationManager' via factory method to bean named 'org.springframework.security.config.annotation.authentication.configuration.AuthenticationConfiguration'
2024-12-11T22:33:04.103+01:00 DEBUG 25272 --- [backend] [           main] o.s.b.f.s.DefaultListableBeanFactory     : Creating shared instance of singleton bean 'authenticationManagerBuilder'
2024-12-11T22:33:04.104+01:00 DEBUG 25272 --- [backend] [           main] o.s.b.f.s.DefaultListableBeanFactory     : Autowiring by type from bean name 'authenticationManagerBuilder' via factory method to bean named 'objectPostProcessor'
2024-12-11T22:33:04.104+01:00 DEBUG 25272 --- [backend] [           main] o.s.b.f.s.DefaultListableBeanFactory     : Autowiring by type from bean name 'authenticationManagerBuilder' via factory method to bean named 'org.springframework.web.context.support.GenericWebApplicationContext@1c807b1d'
2024-12-11T22:33:04.108+01:00 DEBUG 25272 --- [backend] [           main] o.s.b.f.s.DefaultListableBeanFactory     : Creating shared instance of singleton bean 'authenticationEventPublisher'
2024-12-11T22:33:04.108+01:00 DEBUG 25272 --- [backend] [           main] o.s.b.f.s.DefaultListableBeanFactory     : Creating shared instance of singleton bean 'org.springframework.boot.autoconfigure.security.servlet.SecurityAutoConfiguration'
2024-12-11T22:33:04.110+01:00 DEBUG 25272 --- [backend] [           main] o.s.b.f.s.DefaultListableBeanFactory     : Autowiring by type from bean name 'authenticationEventPublisher' via factory method to bean named 'org.springframework.web.context.support.GenericWebApplicationContext@1c807b1d'
2024-12-11T22:33:04.155+01:00 DEBUG 25272 --- [backend] [           main] o.s.b.f.s.DefaultListableBeanFactory     : Creating shared instance of singleton bean 'authenticationProvider'
2024-12-11T22:33:04.195+01:00  INFO 25272 --- [backend] [           main] eAuthenticationProviderManagerConfigurer : Global AuthenticationManager configured with AuthenticationProvider bean with name authenticationProvider
2024-12-11T22:33:04.199+01:00  WARN 25272 --- [backend] [           main] r$InitializeUserDetailsManagerConfigurer : Global AuthenticationManager configured with an AuthenticationProvider bean. UserDetailsService beans will not be used for username/password login. Consider removing the AuthenticationProvider bean. Alternatively, consider using the UserDetailsService in a manually instantiated DaoAuthenticationProvider.
2024-12-11T22:33:04.204+01:00 DEBUG 25272 --- [backend] [           main] o.s.b.f.s.DefaultListableBeanFactory     : Creating shared instance of singleton bean 'contributorsController'
2024-12-11T22:33:04.210+01:00 DEBUG 25272 --- [backend] [           main] o.s.b.f.s.DefaultListableBeanFactory     : Creating shared instance of singleton bean 'contributorsService'
2024-12-11T22:33:04.212+01:00 DEBUG 25272 --- [backend] [           main] o.s.b.f.s.DefaultListableBeanFactory     : Creating shared instance of singleton bean 'userProjectRoleRepository'
2024-12-11T22:33:04.215+01:00 DEBUG 25272 --- [backend] [           main] o.s.b.f.s.DefaultListableBeanFactory     : Creating shared instance of singleton bean 'jpa.named-queries#3'
2024-12-11T22:33:04.218+01:00 DEBUG 25272 --- [backend] [           main] o.s.b.f.s.DefaultListableBeanFactory     : Creating shared instance of singleton bean 'jpa.UserProjectRoleRepository.fragments#0'
2024-12-11T22:33:04.220+01:00 DEBUG 25272 --- [backend] [           main] tor$SharedEntityManagerInvocationHandler : Creating new EntityManager for shared EntityManager invocation
2024-12-11T22:33:04.246+01:00 DEBUG 25272 --- [backend] [           main] o.s.d.r.c.s.RepositoryFactorySupport     : Initializing repository instance for com.MyBackEnd.repository.UserProjectRoleRepository…
2024-12-11T22:33:04.247+01:00 DEBUG 25272 --- [backend] [           main] tor$SharedEntityManagerInvocationHandler : Creating new EntityManager for shared EntityManager invocation
2024-12-11T22:33:04.252+01:00 DEBUG 25272 --- [backend] [           main] o.s.d.jpa.repository.query.NamedQuery    : Looking up named query UserProjectRole.findByUserAndProject
2024-12-11T22:33:04.252+01:00 DEBUG 25272 --- [backend] [           main] o.s.d.jpa.repository.query.NamedQuery    : Did not find named query UserProjectRole.findByUserAndProject
2024-12-11T22:33:04.253+01:00 DEBUG 25272 --- [backend] [           main] tor$SharedEntityManagerInvocationHandler : Creating new EntityManager for shared EntityManager invocation
2024-12-11T22:33:04.260+01:00 DEBUG 25272 --- [backend] [           main] o.s.d.jpa.repository.query.NamedQuery    : Looking up named query UserProjectRole.findByProject
2024-12-11T22:33:04.261+01:00 DEBUG 25272 --- [backend] [           main] o.s.d.jpa.repository.query.NamedQuery    : Did not find named query UserProjectRole.findByProject
2024-12-11T22:33:04.262+01:00 DEBUG 25272 --- [backend] [           main] tor$SharedEntityManagerInvocationHandler : Creating new EntityManager for shared EntityManager invocation
2024-12-11T22:33:04.264+01:00 DEBUG 25272 --- [backend] [           main] o.s.d.jpa.repository.query.NamedQuery    : Looking up named query UserProjectRole.findByUser
2024-12-11T22:33:04.265+01:00 DEBUG 25272 --- [backend] [           main] o.s.d.jpa.repository.query.NamedQuery    : Did not find named query UserProjectRole.findByUser
2024-12-11T22:33:04.265+01:00 DEBUG 25272 --- [backend] [           main] tor$SharedEntityManagerInvocationHandler : Creating new EntityManager for shared EntityManager invocation
2024-12-11T22:33:04.271+01:00 DEBUG 25272 --- [backend] [           main] o.s.d.r.c.s.RepositoryFactorySupport     : Finished creation of repository instance for com.MyBackEnd.repository.UserProjectRoleRepository.
2024-12-11T22:33:04.273+01:00 DEBUG 25272 --- [backend] [           main] o.s.b.f.s.DefaultListableBeanFactory     : Creating shared instance of singleton bean 'projectRepository'
2024-12-11T22:33:04.275+01:00 DEBUG 25272 --- [backend] [           main] o.s.b.f.s.DefaultListableBeanFactory     : Creating shared instance of singleton bean 'jpa.named-queries#0'
2024-12-11T22:33:04.277+01:00 DEBUG 25272 --- [backend] [           main] o.s.b.f.s.DefaultListableBeanFactory     : Creating shared instance of singleton bean 'jpa.ProjectRepository.fragments#0'
2024-12-11T22:33:04.279+01:00 DEBUG 25272 --- [backend] [           main] tor$SharedEntityManagerInvocationHandler : Creating new EntityManager for shared EntityManager invocation
2024-12-11T22:33:04.280+01:00 DEBUG 25272 --- [backend] [           main] o.s.d.r.c.s.RepositoryFactorySupport     : Initializing repository instance for com.MyBackEnd.repository.ProjectRepository…
2024-12-11T22:33:04.281+01:00 DEBUG 25272 --- [backend] [           main] tor$SharedEntityManagerInvocationHandler : Creating new EntityManager for shared EntityManager invocation
2024-12-11T22:33:04.288+01:00 DEBUG 25272 --- [backend] [           main] o.s.d.jpa.repository.query.NamedQuery    : Looking up named query Project.findByStatusAndCreatorId
2024-12-11T22:33:04.289+01:00 DEBUG 25272 --- [backend] [           main] o.s.d.jpa.repository.query.NamedQuery    : Did not find named query Project.findByStatusAndCreatorId
2024-12-11T22:33:04.290+01:00 DEBUG 25272 --- [backend] [           main] tor$SharedEntityManagerInvocationHandler : Creating new EntityManager for shared EntityManager invocation
2024-12-11T22:33:04.323+01:00  INFO 25272 --- [backend] [           main] o.s.d.j.r.query.QueryEnhancerFactory     : Hibernate is in classpath; If applicable, HQL parser will be used.
2024-12-11T22:33:04.330+01:00 DEBUG 25272 --- [backend] [           main] o.s.d.jpa.repository.query.NamedQuery    : Did not find named query Project.findProjectByIdAndUserId.count
2024-12-11T22:33:04.331+01:00 DEBUG 25272 --- [backend] [           main] tor$SharedEntityManagerInvocationHandler : Creating new EntityManager for shared EntityManager invocation
2024-12-11T22:33:04.338+01:00 DEBUG 25272 --- [backend] [           main] o.s.d.jpa.repository.query.NamedQuery    : Looking up named query Project.existsByIdAndCreatorId
2024-12-11T22:33:04.339+01:00 DEBUG 25272 --- [backend] [           main] o.s.d.jpa.repository.query.NamedQuery    : Did not find named query Project.existsByIdAndCreatorId
2024-12-11T22:33:04.339+01:00 DEBUG 25272 --- [backend] [           main] tor$SharedEntityManagerInvocationHandler : Creating new EntityManager for shared EntityManager invocation
2024-12-11T22:33:04.341+01:00 DEBUG 25272 --- [backend] [           main] o.s.d.jpa.repository.query.NamedQuery    : Looking up named query Project.deleteByIdAndCreatorId
2024-12-11T22:33:04.343+01:00 DEBUG 25272 --- [backend] [           main] o.s.d.jpa.repository.query.NamedQuery    : Did not find named query Project.deleteByIdAndCreatorId
2024-12-11T22:33:04.344+01:00 DEBUG 25272 --- [backend] [           main] tor$SharedEntityManagerInvocationHandler : Creating new EntityManager for shared EntityManager invocation
2024-12-11T22:33:04.348+01:00 DEBUG 25272 --- [backend] [           main] o.s.d.jpa.repository.query.NamedQuery    : Looking up named query Project.findByCreatorId
2024-12-11T22:33:04.349+01:00 DEBUG 25272 --- [backend] [           main] o.s.d.jpa.repository.query.NamedQuery    : Did not find named query Project.findByCreatorId
2024-12-11T22:33:04.350+01:00 DEBUG 25272 --- [backend] [           main] tor$SharedEntityManagerInvocationHandler : Creating new EntityManager for shared EntityManager invocation
2024-12-11T22:33:04.362+01:00 DEBUG 25272 --- [backend] [           main] o.s.d.jpa.repository.query.NamedQuery    : Looking up named query Project.findByTitleContainingIgnoreCaseAndCreatorId
2024-12-11T22:33:04.364+01:00 DEBUG 25272 --- [backend] [           main] o.s.d.jpa.repository.query.NamedQuery    : Did not find named query Project.findByTitleContainingIgnoreCaseAndCreatorId
2024-12-11T22:33:04.364+01:00 DEBUG 25272 --- [backend] [           main] tor$SharedEntityManagerInvocationHandler : Creating new EntityManager for shared EntityManager invocation
2024-12-11T22:33:04.374+01:00 DEBUG 25272 --- [backend] [           main] o.s.d.jpa.repository.query.NamedQuery    : Looking up named query Project.findByCreatorIdOrderByCreatedAtDesc
2024-12-11T22:33:04.376+01:00 DEBUG 25272 --- [backend] [           main] o.s.d.jpa.repository.query.NamedQuery    : Did not find named query Project.findByCreatorIdOrderByCreatedAtDesc
2024-12-11T22:33:04.377+01:00 DEBUG 25272 --- [backend] [           main] tor$SharedEntityManagerInvocationHandler : Creating new EntityManager for shared EntityManager invocation
2024-12-11T22:33:04.393+01:00 DEBUG 25272 --- [backend] [           main] o.s.d.jpa.repository.query.NamedQuery    : Looking up named query Project.countByCreatorId
2024-12-11T22:33:04.394+01:00 DEBUG 25272 --- [backend] [           main] o.s.d.jpa.repository.query.NamedQuery    : Did not find named query Project.countByCreatorId
2024-12-11T22:33:04.395+01:00 DEBUG 25272 --- [backend] [           main] tor$SharedEntityManagerInvocationHandler : Creating new EntityManager for shared EntityManager invocation
2024-12-11T22:33:04.404+01:00 DEBUG 25272 --- [backend] [           main] o.s.d.r.c.s.RepositoryFactorySupport     : Finished creation of repository instance for com.MyBackEnd.repository.ProjectRepository.
2024-12-11T22:33:04.406+01:00 DEBUG 25272 --- [backend] [           main] o.s.b.f.s.DefaultListableBeanFactory     : Autowiring by type from bean name 'contributorsService' via constructor to bean named 'userProjectRoleRepository'
2024-12-11T22:33:04.406+01:00 DEBUG 25272 --- [backend] [           main] o.s.b.f.s.DefaultListableBeanFactory     : Autowiring by type from bean name 'contributorsService' via constructor to bean named 'userRepository'
2024-12-11T22:33:04.406+01:00 DEBUG 25272 --- [backend] [           main] o.s.b.f.s.DefaultListableBeanFactory     : Autowiring by type from bean name 'contributorsService' via constructor to bean named 'projectRepository'
2024-12-11T22:33:04.411+01:00 DEBUG 25272 --- [backend] [           main] o.s.b.f.s.DefaultListableBeanFactory     : Creating shared instance of singleton bean 'indexController'
2024-12-11T22:33:04.413+01:00 DEBUG 25272 --- [backend] [           main] o.s.b.f.s.DefaultListableBeanFactory     : Creating shared instance of singleton bean 'projectController'
2024-12-11T22:33:04.418+01:00 DEBUG 25272 --- [backend] [           main] o.s.b.f.s.DefaultListableBeanFactory     : Creating shared instance of singleton bean 'projectService'
2024-12-11T22:33:04.419+01:00 DEBUG 25272 --- [backend] [           main] o.s.b.f.s.DefaultListableBeanFactory     : Autowiring by type from bean name 'projectService' via constructor to bean named 'projectRepository'
2024-12-11T22:33:04.419+01:00 DEBUG 25272 --- [backend] [           main] o.s.b.f.s.DefaultListableBeanFactory     : Autowiring by type from bean name 'projectService' via constructor to bean named 'userProjectRoleRepository'
2024-12-11T22:33:04.419+01:00 DEBUG 25272 --- [backend] [           main] o.s.b.f.s.DefaultListableBeanFactory     : Autowiring by type from bean name 'projectService' via constructor to bean named 'userRepository'
2024-12-11T22:33:04.479+01:00 DEBUG 25272 --- [backend] [           main] o.s.b.f.s.DefaultListableBeanFactory     : Creating shared instance of singleton bean 'taskAssignmentController'
2024-12-11T22:33:04.481+01:00 DEBUG 25272 --- [backend] [           main] o.s.b.f.s.DefaultListableBeanFactory     : Creating shared instance of singleton bean 'taskAssignmentService'
2024-12-11T22:33:04.483+01:00 DEBUG 25272 --- [backend] [           main] o.s.b.f.s.DefaultListableBeanFactory     : Creating shared instance of singleton bean 'taskAssignmentRepository'
2024-12-11T22:33:04.484+01:00 DEBUG 25272 --- [backend] [           main] o.s.b.f.s.DefaultListableBeanFactory     : Creating shared instance of singleton bean 'jpa.named-queries#1'
2024-12-11T22:33:04.485+01:00 DEBUG 25272 --- [backend] [           main] o.s.b.f.s.DefaultListableBeanFactory     : Creating shared instance of singleton bean 'jpa.TaskAssignmentRepository.fragments#0'
2024-12-11T22:33:04.486+01:00 DEBUG 25272 --- [backend] [           main] tor$SharedEntityManagerInvocationHandler : Creating new EntityManager for shared EntityManager invocation
2024-12-11T22:33:04.501+01:00 DEBUG 25272 --- [backend] [           main] o.s.d.r.c.s.RepositoryFactorySupport     : Initializing repository instance for com.MyBackEnd.repository.TaskAssignmentRepository…
2024-12-11T22:33:04.502+01:00 DEBUG 25272 --- [backend] [           main] tor$SharedEntityManagerInvocationHandler : Creating new EntityManager for shared EntityManager invocation
2024-12-11T22:33:04.505+01:00 DEBUG 25272 --- [backend] [           main] o.s.d.jpa.repository.query.NamedQuery    : Looking up named query TaskAssignment.findByUserAndTask
2024-12-11T22:33:04.506+01:00 DEBUG 25272 --- [backend] [           main] o.s.d.jpa.repository.query.NamedQuery    : Did not find named query TaskAssignment.findByUserAndTask
2024-12-11T22:33:04.506+01:00 DEBUG 25272 --- [backend] [           main] tor$SharedEntityManagerInvocationHandler : Creating new EntityManager for shared EntityManager invocation
2024-12-11T22:33:04.509+01:00 DEBUG 25272 --- [backend] [           main] o.s.d.jpa.repository.query.NamedQuery    : Looking up named query TaskAssignment.findByTask
2024-12-11T22:33:04.510+01:00 DEBUG 25272 --- [backend] [           main] o.s.d.jpa.repository.query.NamedQuery    : Did not find named query TaskAssignment.findByTask
2024-12-11T22:33:04.510+01:00 DEBUG 25272 --- [backend] [           main] tor$SharedEntityManagerInvocationHandler : Creating new EntityManager for shared EntityManager invocation
2024-12-11T22:33:04.516+01:00 DEBUG 25272 --- [backend] [           main] o.s.d.r.c.s.RepositoryFactorySupport     : Finished creation of repository instance for com.MyBackEnd.repository.TaskAssignmentRepository.
2024-12-11T22:33:04.517+01:00 DEBUG 25272 --- [backend] [           main] o.s.b.f.s.DefaultListableBeanFactory     : Creating shared instance of singleton bean 'taskRepository'
2024-12-11T22:33:04.519+01:00 DEBUG 25272 --- [backend] [           main] o.s.b.f.s.DefaultListableBeanFactory     : Creating shared instance of singleton bean 'jpa.named-queries#4'
2024-12-11T22:33:04.520+01:00 DEBUG 25272 --- [backend] [           main] o.s.b.f.s.DefaultListableBeanFactory     : Creating shared instance of singleton bean 'jpa.TaskRepository.fragments#0'
2024-12-11T22:33:04.521+01:00 DEBUG 25272 --- [backend] [           main] tor$SharedEntityManagerInvocationHandler : Creating new EntityManager for shared EntityManager invocation
2024-12-11T22:33:04.522+01:00 DEBUG 25272 --- [backend] [           main] o.s.d.r.c.s.RepositoryFactorySupport     : Initializing repository instance for com.MyBackEnd.repository.TaskRepository…
2024-12-11T22:33:04.523+01:00 DEBUG 25272 --- [backend] [           main] tor$SharedEntityManagerInvocationHandler : Creating new EntityManager for shared EntityManager invocation
2024-12-11T22:33:04.527+01:00 DEBUG 25272 --- [backend] [           main] o.s.d.jpa.repository.query.NamedQuery    : Looking up named query Task.findByProject
2024-12-11T22:33:04.528+01:00 DEBUG 25272 --- [backend] [           main] o.s.d.jpa.repository.query.NamedQuery    : Did not find named query Task.findByProject
2024-12-11T22:33:04.528+01:00 DEBUG 25272 --- [backend] [           main] tor$SharedEntityManagerInvocationHandler : Creating new EntityManager for shared EntityManager invocation
2024-12-11T22:33:04.535+01:00 DEBUG 25272 --- [backend] [           main] o.s.d.r.c.s.RepositoryFactorySupport     : Finished creation of repository instance for com.MyBackEnd.repository.TaskRepository.
2024-12-11T22:33:04.536+01:00 DEBUG 25272 --- [backend] [           main] o.s.b.f.s.DefaultListableBeanFactory     : Autowiring by type from bean name 'taskAssignmentService' via constructor to bean named 'taskAssignmentRepository'
2024-12-11T22:33:04.536+01:00 DEBUG 25272 --- [backend] [           main] o.s.b.f.s.DefaultListableBeanFactory     : Autowiring by type from bean name 'taskAssignmentService' via constructor to bean named 'userRepository'
2024-12-11T22:33:04.536+01:00 DEBUG 25272 --- [backend] [           main] o.s.b.f.s.DefaultListableBeanFactory     : Autowiring by type from bean name 'taskAssignmentService' via constructor to bean named 'taskRepository'
2024-12-11T22:33:04.537+01:00 DEBUG 25272 --- [backend] [           main] o.s.b.f.s.DefaultListableBeanFactory     : Creating shared instance of singleton bean 'taskController'
2024-12-11T22:33:04.539+01:00 DEBUG 25272 --- [backend] [           main] o.s.b.f.s.DefaultListableBeanFactory     : Creating shared instance of singleton bean 'taskService'
2024-12-11T22:33:04.540+01:00 DEBUG 25272 --- [backend] [           main] o.s.b.f.s.DefaultListableBeanFactory     : Autowiring by type from bean name 'taskService' via constructor to bean named 'projectRepository'
2024-12-11T22:33:04.540+01:00 DEBUG 25272 --- [backend] [           main] o.s.b.f.s.DefaultListableBeanFactory     : Autowiring by type from bean name 'taskService' via constructor to bean named 'taskRepository'
2024-12-11T22:33:04.540+01:00 DEBUG 25272 --- [backend] [           main] o.s.b.f.s.DefaultListableBeanFactory     : Autowiring by type from bean name 'taskService' via constructor to bean named 'userRepository'
2024-12-11T22:33:04.540+01:00 DEBUG 25272 --- [backend] [           main] o.s.b.f.s.DefaultListableBeanFactory     : Autowiring by type from bean name 'taskService' via constructor to bean named 'taskAssignmentRepository'
2024-12-11T22:33:04.543+01:00 DEBUG 25272 --- [backend] [           main] o.s.b.f.s.DefaultListableBeanFactory     : Creating shared instance of singleton bean 'extractUserIDFromTokenHelper'
2024-12-11T22:33:04.544+01:00 DEBUG 25272 --- [backend] [           main] o.s.b.f.s.DefaultListableBeanFactory     : Creating shared instance of singleton bean 'org.springframework.security.config.annotation.web.configuration.WebSecurityConfiguration'
2024-12-11T22:33:04.547+01:00 DEBUG 25272 --- [backend] [           main] o.s.b.f.s.DefaultListableBeanFactory     : Creating shared instance of singleton bean 'org.springframework.security.config.annotation.web.configuration.HttpSecurityConfiguration'
2024-12-11T22:33:04.555+01:00 DEBUG 25272 --- [backend] [           main] o.s.b.f.s.DefaultListableBeanFactory     : Creating shared instance of singleton bean 'mvcContentNegotiationManager'
2024-12-11T22:33:04.555+01:00 DEBUG 25272 --- [backend] [           main] o.s.b.f.s.DefaultListableBeanFactory     : Creating shared instance of singleton bean 'org.springframework.boot.autoconfigure.web.servlet.WebMvcAutoConfiguration$EnableWebMvcConfiguration'
2024-12-11T22:33:04.556+01:00 DEBUG 25272 --- [backend] [           main] o.s.b.f.s.DefaultListableBeanFactory     : Creating shared instance of singleton bean 'spring.mvc-org.springframework.boot.autoconfigure.web.servlet.WebMvcProperties'
2024-12-11T22:33:04.566+01:00 DEBUG 25272 --- [backend] [           main] o.s.b.f.s.DefaultListableBeanFactory     : Creating shared instance of singleton bean 'spring.web-org.springframework.boot.autoconfigure.web.WebProperties'
2024-12-11T22:33:04.587+01:00 DEBUG 25272 --- [backend] [           main] o.s.b.f.s.DefaultListableBeanFactory     : Autowiring by type from bean name 'org.springframework.boot.autoconfigure.web.servlet.WebMvcAutoConfiguration$EnableWebMvcConfiguration' via constructor to bean named 'spring.mvc-org.springframework.boot.autoconfigure.web.servlet.WebMvcProperties'
2024-12-11T22:33:04.591+01:00 DEBUG 25272 --- [backend] [           main] o.s.b.f.s.DefaultListableBeanFactory     : Autowiring by type from bean name 'org.springframework.boot.autoconfigure.web.servlet.WebMvcAutoConfiguration$EnableWebMvcConfiguration' via constructor to bean named 'spring.web-org.springframework.boot.autoconfigure.web.WebProperties'
2024-12-11T22:33:04.591+01:00 DEBUG 25272 --- [backend] [           main] o.s.b.f.s.DefaultListableBeanFactory     : Autowiring by type from bean name 'org.springframework.boot.autoconfigure.web.servlet.WebMvcAutoConfiguration$EnableWebMvcConfiguration' via constructor to bean named 'org.springframework.beans.factory.support.DefaultListableBeanFactory@6a9287b1'
2024-12-11T22:33:04.618+01:00 DEBUG 25272 --- [backend] [           main] o.s.b.f.s.DefaultListableBeanFactory     : Creating shared instance of singleton bean 'org.springframework.security.config.annotation.web.configuration.WebMvcSecurityConfiguration'
2024-12-11T22:33:04.620+01:00 DEBUG 25272 --- [backend] [           main] o.s.b.f.s.DefaultListableBeanFactory     : Creating shared instance of singleton bean 'org.springframework.boot.autoconfigure.web.servlet.WebMvcAutoConfiguration$WebMvcAutoConfigurationAdapter'
2024-12-11T22:33:04.621+01:00 DEBUG 25272 --- [backend] [           main] o.s.b.f.s.DefaultListableBeanFactory     : Autowiring by type from bean name 'org.springframework.boot.autoconfigure.web.servlet.WebMvcAutoConfiguration$WebMvcAutoConfigurationAdapter' via constructor to bean named 'spring.web-org.springframework.boot.autoconfigure.web.WebProperties'
2024-12-11T22:33:04.622+01:00 DEBUG 25272 --- [backend] [           main] o.s.b.f.s.DefaultListableBeanFactory     : Autowiring by type from bean name 'org.springframework.boot.autoconfigure.web.servlet.WebMvcAutoConfiguration$WebMvcAutoConfigurationAdapter' via constructor to bean named 'spring.mvc-org.springframework.boot.autoconfigure.web.servlet.WebMvcProperties'
2024-12-11T22:33:04.622+01:00 DEBUG 25272 --- [backend] [           main] o.s.b.f.s.DefaultListableBeanFactory     : Autowiring by type from bean name 'org.springframework.boot.autoconfigure.web.servlet.WebMvcAutoConfiguration$WebMvcAutoConfigurationAdapter' via constructor to bean named 'org.springframework.beans.factory.support.DefaultListableBeanFactory@6a9287b1'
2024-12-11T22:33:04.629+01:00 DEBUG 25272 --- [backend] [           main] o.s.b.f.s.DefaultListableBeanFactory     : Creating shared instance of singleton bean 'openEntityManagerInViewInterceptorConfigurer'
2024-12-11T22:33:04.629+01:00 DEBUG 25272 --- [backend] [           main] o.s.b.f.s.DefaultListableBeanFactory     : Creating shared instance of singleton bean 'org.springframework.boot.autoconfigure.orm.jpa.JpaBaseConfiguration$JpaWebConfiguration'
2024-12-11T22:33:04.631+01:00 DEBUG 25272 --- [backend] [           main] o.s.b.f.s.DefaultListableBeanFactory     : Autowiring by type from bean name 'org.springframework.boot.autoconfigure.orm.jpa.JpaBaseConfiguration$JpaWebConfiguration' via constructor to bean named 'spring.jpa-org.springframework.boot.autoconfigure.orm.jpa.JpaProperties'
2024-12-11T22:33:04.632+01:00 DEBUG 25272 --- [backend] [           main] o.s.b.f.s.DefaultListableBeanFactory     : Creating shared instance of singleton bean 'openEntityManagerInViewInterceptor'
2024-12-11T22:33:04.633+01:00  WARN 25272 --- [backend] [           main] JpaBaseConfiguration$JpaWebConfiguration : spring.jpa.open-in-view is enabled by default. Therefore, database queries may be performed during view rendering. Explicitly configure spring.jpa.open-in-view to disable this warning
2024-12-11T22:33:04.643+01:00 DEBUG 25272 --- [backend] [           main] o.s.b.f.s.DefaultListableBeanFactory     : Autowiring by type from bean name 'openEntityManagerInViewInterceptorConfigurer' via factory method to bean named 'openEntityManagerInViewInterceptor'
2024-12-11T22:33:04.645+01:00 DEBUG 25272 --- [backend] [           main] o.s.b.f.s.DefaultListableBeanFactory     : Creating shared instance of singleton bean 'org.springframework.data.web.config.SpringDataWebConfiguration'
2024-12-11T22:33:04.648+01:00 DEBUG 25272 --- [backend] [           main] o.s.b.f.s.DefaultListableBeanFactory     : Autowiring by type from bean name 'org.springframework.data.web.config.SpringDataWebConfiguration' via constructor to bean named 'org.springframework.web.context.support.GenericWebApplicationContext@1c807b1d'
2024-12-11T22:33:04.822+01:00 DEBUG 25272 --- [backend] [           main] o.s.b.f.s.DefaultListableBeanFactory     : Creating shared instance of singleton bean 'mvcHandlerMappingIntrospectorRequestTransformer'
2024-12-11T22:33:04.823+01:00 DEBUG 25272 --- [backend] [           main] o.s.b.f.s.DefaultListableBeanFactory     : Creating shared instance of singleton bean 'mvcHandlerMappingIntrospector'
2024-12-11T22:33:04.841+01:00 DEBUG 25272 --- [backend] [           main] o.s.b.f.s.DefaultListableBeanFactory     : Creating shared instance of singleton bean 'welcomePageHandlerMapping'
2024-12-11T22:33:04.845+01:00 DEBUG 25272 --- [backend] [           main] o.s.b.f.s.DefaultListableBeanFactory     : Creating shared instance of singleton bean 'mvcConversionService'
2024-12-11T22:33:04.899+01:00 DEBUG 25272 --- [backend] [           main] o.s.b.f.s.DefaultListableBeanFactory     : Creating shared instance of singleton bean 'mvcResourceUrlProvider'
2024-12-11T22:33:04.908+01:00 DEBUG 25272 --- [backend] [           main] o.s.b.f.s.DefaultListableBeanFactory     : Autowiring by type from bean name 'welcomePageHandlerMapping' via factory method to bean named 'org.springframework.web.context.support.GenericWebApplicationContext@1c807b1d'
2024-12-11T22:33:04.909+01:00 DEBUG 25272 --- [backend] [           main] o.s.b.f.s.DefaultListableBeanFactory     : Autowiring by type from bean name 'welcomePageHandlerMapping' via factory method to bean named 'mvcConversionService'
2024-12-11T22:33:04.909+01:00 DEBUG 25272 --- [backend] [           main] o.s.b.f.s.DefaultListableBeanFactory     : Autowiring by type from bean name 'welcomePageHandlerMapping' via factory method to bean named 'mvcResourceUrlProvider'
2024-12-11T22:33:04.962+01:00 DEBUG 25272 --- [backend] [           main] o.s.b.f.s.DefaultListableBeanFactory     : Creating shared instance of singleton bean 'welcomePageNotAcceptableHandlerMapping'
2024-12-11T22:33:04.963+01:00 DEBUG 25272 --- [backend] [           main] o.s.b.f.s.DefaultListableBeanFactory     : Autowiring by type from bean name 'welcomePageNotAcceptableHandlerMapping' via factory method to bean named 'org.springframework.web.context.support.GenericWebApplicationContext@1c807b1d'
2024-12-11T22:33:04.963+01:00 DEBUG 25272 --- [backend] [           main] o.s.b.f.s.DefaultListableBeanFactory     : Autowiring by type from bean name 'welcomePageNotAcceptableHandlerMapping' via factory method to bean named 'mvcConversionService'
2024-12-11T22:33:04.963+01:00 DEBUG 25272 --- [backend] [           main] o.s.b.f.s.DefaultListableBeanFactory     : Autowiring by type from bean name 'welcomePageNotAcceptableHandlerMapping' via factory method to bean named 'mvcResourceUrlProvider'
2024-12-11T22:33:04.978+01:00 DEBUG 25272 --- [backend] [           main] o.s.b.f.s.DefaultListableBeanFactory     : Creating shared instance of singleton bean 'requestMappingHandlerMapping'
2024-12-11T22:33:04.982+01:00 DEBUG 25272 --- [backend] [           main] o.s.b.f.s.DefaultListableBeanFactory     : Autowiring by type from bean name 'requestMappingHandlerMapping' via factory method to bean named 'mvcContentNegotiationManager'
2024-12-11T22:33:04.982+01:00 DEBUG 25272 --- [backend] [           main] o.s.b.f.s.DefaultListableBeanFactory     : Autowiring by type from bean name 'requestMappingHandlerMapping' via factory method to bean named 'mvcConversionService'
2024-12-11T22:33:04.982+01:00 DEBUG 25272 --- [backend] [           main] o.s.b.f.s.DefaultListableBeanFactory     : Autowiring by type from bean name 'requestMappingHandlerMapping' via factory method to bean named 'mvcResourceUrlProvider'
2024-12-11T22:33:05.125+01:00 DEBUG 25272 --- [backend] [           main] s.w.s.m.m.a.RequestMappingHandlerMapping : 27 mappings in 'requestMappingHandlerMapping'
2024-12-11T22:33:05.136+01:00 DEBUG 25272 --- [backend] [           main] o.s.b.f.s.DefaultListableBeanFactory     : Creating shared instance of singleton bean 'viewControllerHandlerMapping'
2024-12-11T22:33:05.138+01:00 DEBUG 25272 --- [backend] [           main] o.s.b.f.s.DefaultListableBeanFactory     : Autowiring by type from bean name 'viewControllerHandlerMapping' via factory method to bean named 'mvcConversionService'
2024-12-11T22:33:05.138+01:00 DEBUG 25272 --- [backend] [           main] o.s.b.f.s.DefaultListableBeanFactory     : Autowiring by type from bean name 'viewControllerHandlerMapping' via factory method to bean named 'mvcResourceUrlProvider'
2024-12-11T22:33:05.140+01:00 DEBUG 25272 --- [backend] [           main] o.s.b.f.s.DefaultListableBeanFactory     : Creating shared instance of singleton bean 'beanNameHandlerMapping'
2024-12-11T22:33:05.143+01:00 DEBUG 25272 --- [backend] [           main] o.s.b.f.s.DefaultListableBeanFactory     : Autowiring by type from bean name 'beanNameHandlerMapping' via factory method to bean named 'mvcConversionService'
2024-12-11T22:33:05.143+01:00 DEBUG 25272 --- [backend] [           main] o.s.b.f.s.DefaultListableBeanFactory     : Autowiring by type from bean name 'beanNameHandlerMapping' via factory method to bean named 'mvcResourceUrlProvider'
2024-12-11T22:33:05.150+01:00 DEBUG 25272 --- [backend] [           main] o.s.b.f.s.DefaultListableBeanFactory     : Creating shared instance of singleton bean 'routerFunctionMapping'
2024-12-11T22:33:05.152+01:00 DEBUG 25272 --- [backend] [           main] o.s.b.f.s.DefaultListableBeanFactory     : Autowiring by type from bean name 'routerFunctionMapping' via factory method to bean named 'mvcConversionService'
2024-12-11T22:33:05.152+01:00 DEBUG 25272 --- [backend] [           main] o.s.b.f.s.DefaultListableBeanFactory     : Autowiring by type from bean name 'routerFunctionMapping' via factory method to bean named 'mvcResourceUrlProvider'
2024-12-11T22:33:05.155+01:00 DEBUG 25272 --- [backend] [           main] o.s.b.f.s.DefaultListableBeanFactory     : Creating shared instance of singleton bean 'messageConverters'
2024-12-11T22:33:05.155+01:00 DEBUG 25272 --- [backend] [           main] o.s.b.f.s.DefaultListableBeanFactory     : Creating shared instance of singleton bean 'org.springframework.boot.autoconfigure.http.HttpMessageConvertersAutoConfiguration'
2024-12-11T22:33:05.164+01:00 DEBUG 25272 --- [backend] [           main] o.s.b.f.s.DefaultListableBeanFactory     : Creating shared instance of singleton bean 'stringHttpMessageConverter'
2024-12-11T22:33:05.165+01:00 DEBUG 25272 --- [backend] [           main] o.s.b.f.s.DefaultListableBeanFactory     : Creating shared instance of singleton bean 'org.springframework.boot.autoconfigure.http.HttpMessageConvertersAutoConfiguration$StringHttpMessageConverterConfiguration'
2024-12-11T22:33:05.167+01:00 DEBUG 25272 --- [backend] [           main] o.s.b.f.s.DefaultListableBeanFactory     : Autowiring by type from bean name 'stringHttpMessageConverter' via factory method to bean named 'environment'
2024-12-11T22:33:05.180+01:00 DEBUG 25272 --- [backend] [           main] o.s.b.f.s.DefaultListableBeanFactory     : Creating shared instance of singleton bean 'mappingJackson2HttpMessageConverter'
2024-12-11T22:33:05.180+01:00 DEBUG 25272 --- [backend] [           main] o.s.b.f.s.DefaultListableBeanFactory     : Creating shared instance of singleton bean 'org.springframework.boot.autoconfigure.http.JacksonHttpMessageConvertersConfiguration$MappingJackson2HttpMessageConverterConfiguration'
2024-12-11T22:33:05.183+01:00 DEBUG 25272 --- [backend] [           main] o.s.b.f.s.DefaultListableBeanFactory     : Creating shared instance of singleton bean 'jacksonObjectMapper'
2024-12-11T22:33:05.183+01:00 DEBUG 25272 --- [backend] [           main] o.s.b.f.s.DefaultListableBeanFactory     : Creating shared instance of singleton bean 'org.springframework.boot.autoconfigure.jackson.JacksonAutoConfiguration$JacksonObjectMapperConfiguration'
2024-12-11T22:33:05.185+01:00 DEBUG 25272 --- [backend] [           main] o.s.b.f.s.DefaultListableBeanFactory     : Creating shared instance of singleton bean 'org.springframework.boot.autoconfigure.jackson.JacksonAutoConfiguration$JacksonObjectMapperBuilderConfiguration'
2024-12-11T22:33:05.188+01:00 DEBUG 25272 --- [backend] [           main] o.s.b.f.s.DefaultListableBeanFactory     : Creating shared instance of singleton bean 'standardJacksonObjectMapperBuilderCustomizer'
2024-12-11T22:33:05.188+01:00 DEBUG 25272 --- [backend] [           main] o.s.b.f.s.DefaultListableBeanFactory     : Creating shared instance of singleton bean 'org.springframework.boot.autoconfigure.jackson.JacksonAutoConfiguration$Jackson2ObjectMapperBuilderCustomizerConfiguration'
2024-12-11T22:33:05.191+01:00 DEBUG 25272 --- [backend] [           main] o.s.b.f.s.DefaultListableBeanFactory     : Creating shared instance of singleton bean 'spring.jackson-org.springframework.boot.autoconfigure.jackson.JacksonProperties'
2024-12-11T22:33:05.201+01:00 DEBUG 25272 --- [backend] [           main] o.s.b.f.s.DefaultListableBeanFactory     : Autowiring by type from bean name 'standardJacksonObjectMapperBuilderCustomizer' via factory method to bean named 'spring.jackson-org.springframework.boot.autoconfigure.jackson.JacksonProperties'
2024-12-11T22:33:05.205+01:00 DEBUG 25272 --- [backend] [           main] o.s.b.f.s.DefaultListableBeanFactory     : Creating shared instance of singleton bean 'parameterNamesModule'
2024-12-11T22:33:05.206+01:00 DEBUG 25272 --- [backend] [           main] o.s.b.f.s.DefaultListableBeanFactory     : Creating shared instance of singleton bean 'org.springframework.boot.autoconfigure.jackson.JacksonAutoConfiguration$ParameterNamesModuleConfiguration'
2024-12-11T22:33:05.222+01:00 DEBUG 25272 --- [backend] [           main] o.s.b.f.s.DefaultListableBeanFactory     : Creating shared instance of singleton bean 'jsonMixinModule'
2024-12-11T22:33:05.222+01:00 DEBUG 25272 --- [backend] [           main] o.s.b.f.s.DefaultListableBeanFactory     : Creating shared instance of singleton bean 'org.springframework.boot.autoconfigure.jackson.JacksonAutoConfiguration$JacksonMixinConfiguration'
2024-12-11T22:33:05.225+01:00 DEBUG 25272 --- [backend] [           main] o.s.b.f.s.DefaultListableBeanFactory     : Creating shared instance of singleton bean 'jsonMixinModuleEntries'
2024-12-11T22:33:05.225+01:00 DEBUG 25272 --- [backend] [           main] o.s.b.f.s.DefaultListableBeanFactory     : Autowiring by type from bean name 'jsonMixinModuleEntries' via factory method to bean named 'org.springframework.web.context.support.GenericWebApplicationContext@1c807b1d'
2024-12-11T22:33:05.253+01:00 DEBUG 25272 --- [backend] [           main] o.s.b.f.s.DefaultListableBeanFactory     : Autowiring by type from bean name 'jsonMixinModule' via factory method to bean named 'org.springframework.web.context.support.GenericWebApplicationContext@1c807b1d'
2024-12-11T22:33:05.253+01:00 DEBUG 25272 --- [backend] [           main] o.s.b.f.s.DefaultListableBeanFactory     : Autowiring by type from bean name 'jsonMixinModule' via factory method to bean named 'jsonMixinModuleEntries'
2024-12-11T22:33:05.257+01:00 DEBUG 25272 --- [backend] [           main] o.s.b.f.s.DefaultListableBeanFactory     : Creating shared instance of singleton bean 'jsonComponentModule'
2024-12-11T22:33:05.258+01:00 DEBUG 25272 --- [backend] [           main] o.s.b.f.s.DefaultListableBeanFactory     : Creating shared instance of singleton bean 'org.springframework.boot.autoconfigure.jackson.JacksonAutoConfiguration'
2024-12-11T22:33:05.267+01:00 DEBUG 25272 --- [backend] [           main] o.s.b.f.s.DefaultListableBeanFactory     : Creating shared instance of singleton bean 'jacksonGeoModule'
2024-12-11T22:33:05.267+01:00 DEBUG 25272 --- [backend] [           main] o.s.b.f.s.DefaultListableBeanFactory     : Creating shared instance of singleton bean 'org.springframework.data.web.config.SpringDataJacksonConfiguration'
2024-12-11T22:33:05.280+01:00 DEBUG 25272 --- [backend] [           main] o.s.b.f.s.DefaultListableBeanFactory     : Creating shared instance of singleton bean 'pageModule'
2024-12-11T22:33:05.287+01:00 DEBUG 25272 --- [backend] [           main] o.s.b.f.s.DefaultListableBeanFactory     : Autowiring by type from bean name 'jacksonObjectMapperBuilder' via factory method to bean named 'org.springframework.web.context.support.GenericWebApplicationContext@1c807b1d'
2024-12-11T22:33:05.287+01:00 DEBUG 25272 --- [backend] [           main] o.s.b.f.s.DefaultListableBeanFactory     : Autowiring by type from bean name 'jacksonObjectMapperBuilder' via factory method to bean named 'standardJacksonObjectMapperBuilderCustomizer'
2024-12-11T22:33:05.295+01:00 DEBUG 25272 --- [backend] [           main] o.s.b.f.s.DefaultListableBeanFactory     : Autowiring by type from bean name 'jacksonObjectMapper' via factory method to bean named 'jacksonObjectMapperBuilder'
2024-12-11T22:33:05.334+01:00 DEBUG 25272 --- [backend] [           main] o.s.b.f.s.DefaultListableBeanFactory     : Autowiring by type from bean name 'mappingJackson2HttpMessageConverter' via factory method to bean named 'jacksonObjectMapper'
2024-12-11T22:33:05.470+01:00 DEBUG 25272 --- [backend] [           main] o.s.b.f.s.DefaultListableBeanFactory     : Creating shared instance of singleton bean 'resourceHandlerMapping'
2024-12-11T22:33:05.471+01:00 DEBUG 25272 --- [backend] [           main] o.s.b.f.s.DefaultListableBeanFactory     : Autowiring by type from bean name 'resourceHandlerMapping' via factory method to bean named 'mvcContentNegotiationManager'
2024-12-11T22:33:05.472+01:00 DEBUG 25272 --- [backend] [           main] o.s.b.f.s.DefaultListableBeanFactory     : Autowiring by type from bean name 'resourceHandlerMapping' via factory method to bean named 'mvcConversionService'
2024-12-11T22:33:05.472+01:00 DEBUG 25272 --- [backend] [           main] o.s.b.f.s.DefaultListableBeanFactory     : Autowiring by type from bean name 'resourceHandlerMapping' via factory method to bean named 'mvcResourceUrlProvider'
2024-12-11T22:33:05.524+01:00 DEBUG 25272 --- [backend] [           main] o.s.w.s.handler.SimpleUrlHandlerMapping  : Patterns [/webjars/**, /**] in 'resourceHandlerMapping'
2024-12-11T22:33:05.528+01:00 DEBUG 25272 --- [backend] [           main] o.s.b.f.s.DefaultListableBeanFactory     : Creating shared instance of singleton bean 'defaultServletHandlerMapping'
2024-12-11T22:33:05.546+01:00 DEBUG 25272 --- [backend] [           main] o.s.b.f.s.DefaultListableBeanFactory     : Creating shared instance of singleton bean 'securityFilterChain'
2024-12-11T22:33:05.547+01:00 DEBUG 25272 --- [backend] [           main] o.s.b.f.s.DefaultListableBeanFactory     : Autowiring by type from bean name 'securityFilterChain' via factory method to bean named 'org.springframework.security.config.annotation.web.configuration.HttpSecurityConfiguration.httpSecurity'
2024-12-11T22:33:05.662+01:00 DEBUG 25272 --- [backend] [           main] o.s.s.web.DefaultSecurityFilterChain     : Will secure any request with filters: DisableEncodeUrlFilter, WebAsyncManagerIntegrationFilter, SecurityContextHolderFilter, HeaderWriterFilter, LogoutFilter, JWTAuthFilter, RequestCacheAwareFilter, SecurityContextHolderAwareRequestFilter, AnonymousAuthenticationFilter, SessionManagementFilter, ExceptionTranslationFilter, AuthorizationFilter
2024-12-11T22:33:05.669+01:00 DEBUG 25272 --- [backend] [           main] o.s.b.f.s.DefaultListableBeanFactory     : Creating shared instance of singleton bean 'delegatingApplicationListener'
2024-12-11T22:33:05.670+01:00 DEBUG 25272 --- [backend] [           main] o.s.b.f.s.DefaultListableBeanFactory     : Creating shared instance of singleton bean 'springSecurityFilterChain'
2024-12-11T22:33:05.705+01:00 DEBUG 25272 --- [backend] [           main] o.s.b.f.s.DefaultListableBeanFactory     : Creating shared instance of singleton bean 'webSecurityExpressionHandler'
2024-12-11T22:33:05.708+01:00 DEBUG 25272 --- [backend] [           main] o.s.b.f.s.DefaultListableBeanFactory     : Creating shared instance of singleton bean 'privilegeEvaluator'
2024-12-11T22:33:05.710+01:00 DEBUG 25272 --- [backend] [           main] o.s.b.f.s.DefaultListableBeanFactory     : Creating shared instance of singleton bean 'requestDataValueProcessor'
2024-12-11T22:33:05.713+01:00 DEBUG 25272 --- [backend] [           main] o.s.b.f.s.DefaultListableBeanFactory     : Creating shared instance of singleton bean 'org.springframework.boot.autoconfigure.context.PropertyPlaceholderAutoConfiguration'
2024-12-11T22:33:05.714+01:00 DEBUG 25272 --- [backend] [           main] o.s.b.f.s.DefaultListableBeanFactory     : Creating shared instance of singleton bean 'org.springframework.boot.autoconfigure.ssl.SslAutoConfiguration'
2024-12-11T22:33:05.717+01:00 DEBUG 25272 --- [backend] [           main] o.s.b.f.s.DefaultListableBeanFactory     : Creating shared instance of singleton bean 'spring.ssl-org.springframework.boot.autoconfigure.ssl.SslProperties'
2024-12-11T22:33:05.722+01:00 DEBUG 25272 --- [backend] [           main] o.s.b.f.s.DefaultListableBeanFactory     : Autowiring by type from bean name 'org.springframework.boot.autoconfigure.ssl.SslAutoConfiguration' via constructor to bean named 'org.springframework.web.context.support.GenericWebApplicationContext@1c807b1d'
2024-12-11T22:33:05.722+01:00 DEBUG 25272 --- [backend] [           main] o.s.b.f.s.DefaultListableBeanFactory     : Autowiring by type from bean name 'org.springframework.boot.autoconfigure.ssl.SslAutoConfiguration' via constructor to bean named 'spring.ssl-org.springframework.boot.autoconfigure.ssl.SslProperties'
2024-12-11T22:33:05.724+01:00 DEBUG 25272 --- [backend] [           main] o.s.b.f.s.DefaultListableBeanFactory     : Creating shared instance of singleton bean 'fileWatcher'
2024-12-11T22:33:05.728+01:00 DEBUG 25272 --- [backend] [           main] o.s.b.f.s.DefaultListableBeanFactory     : Creating shared instance of singleton bean 'sslPropertiesSslBundleRegistrar'
[...]
         - AnyNestedCondition 1 matched 2 did not; NestedCondition on ReactiveUserDetailsServiceAutoConfiguration.MissingAlternativeOrUserPropertiesConfigured.PasswordConfigured @ConditionalOnProperty (spring.security.user.password) did not find property 'password'; NestedCondition on ReactiveUserDetailsServiceAutoConfiguration.MissingAlternativeOrUserPropertiesConfigured.NameConfigured @ConditionalOnProperty (spring.security.user.name) did not find property 'name'; NestedCondition on ReactiveUserDetailsServiceAutoConfiguration.MissingAlternativeOrUserPropertiesConfigured.MissingAlternative @ConditionalOnMissingClass did not find unwanted classes 'org.springframework.security.oauth2.client.registration.ClientRegistrationRepository', 'org.springframework.security.oauth2.server.resource.introspection.ReactiveOpaqueTokenIntrospector' (ReactiveUserDetailsServiceAutoConfiguration.MissingAlternativeOrUserPropertiesConfigured)

   ReactiveWebServerFactoryAutoConfiguration:
      Did not match:
         - @ConditionalOnWebApplication did not find reactive web application classes (OnWebApplicationCondition)

   ReactorAutoConfiguration:
      Did not match:
         - @ConditionalOnClass did not find required class 'reactor.core.publisher.Hooks' (OnClassCondition)

   RedisAutoConfiguration:
      Did not match:
         - @ConditionalOnClass did not find required class 'org.springframework.data.redis.core.RedisOperations' (OnClassCondition)

   RedisCacheConfiguration:
      Did not match:
         - @ConditionalOnClass did not find required class 'org.springframework.data.redis.connection.RedisConnectionFactory' (OnClassCondition)

   RedisReactiveAutoConfiguration:
      Did not match:
         - @ConditionalOnClass did not find required class 'reactor.core.publisher.Flux' (OnClassCondition)

   RedisRepositoriesAutoConfiguration:
      Did not match:
         - @ConditionalOnClass did not find required class 'org.springframework.data.redis.repository.configuration.EnableRedisRepositories' (OnClassCondition)

   RepositoryRestMvcAutoConfiguration:
      Did not match:
         - @ConditionalOnClass did not find required class 'org.springframework.data.rest.webmvc.config.RepositoryRestMvcConfiguration' (OnClassCondition)

   Saml2RelyingPartyAutoConfiguration:
      Did not match:
         - @ConditionalOnClass did not find required class 'org.springframework.security.saml2.provider.service.registration.RelyingPartyRegistrationRepository' (OnClassCondition)

   SecurityDataConfiguration:
      Did not match:
         - @ConditionalOnClass did not find required class 'org.springframework.security.data.repository.query.SecurityEvaluationContextExtension' (OnClassCondition)

   SendGridAutoConfiguration:
      Did not match:
         - @ConditionalOnClass did not find required class 'com.sendgrid.SendGrid' (OnClassCondition)

   ServletWebServerFactoryAutoConfiguration.ForwardedHeaderFilterConfiguration:
      Did not match:
         - @ConditionalOnProperty (server.forward-headers-strategy=framework) did not find property 'server.forward-headers-strategy' (OnPropertyCondition)

   ServletWebServerFactoryConfiguration.EmbeddedJetty:
      Did not match:
         - @ConditionalOnClass did not find required classes 'org.eclipse.jetty.server.Server', 'org.eclipse.jetty.util.Loader', 'org.eclipse.jetty.ee10.webapp.WebAppContext' (OnClassCondition)

   ServletWebServerFactoryConfiguration.EmbeddedUndertow:
      Did not match:
         - @ConditionalOnClass did not find required classes 'io.undertow.Undertow', 'org.xnio.SslClientAuthMode' (OnClassCondition)

   SessionAutoConfiguration:
      Did not match:
         - @ConditionalOnClass did not find required class 'org.springframework.session.Session' (OnClassCondition)

   SpringApplicationAdminJmxAutoConfiguration:
      Did not match:
         - @ConditionalOnProperty (spring.application.admin.enabled=true) did not find property 'enabled' (OnPropertyCondition)

   SpringBootWebSecurityConfiguration.SecurityFilterChainConfiguration:
      Did not match:
         - AllNestedConditions 1 matched 1 did not; NestedCondition on DefaultWebSecurityCondition.Beans @ConditionalOnMissingBean (types: org.springframework.security.web.SecurityFilterChain; SearchStrategy: all) found beans of type 'org.springframework.security.web.SecurityFilterChain' securityFilterChain; NestedCondition on DefaultWebSecurityCondition.Classes @ConditionalOnClass found required classes 'org.springframework.security.web.SecurityFilterChain', 'org.springframework.security.config.annotation.web.builders.HttpSecurity' (DefaultWebSecurityCondition)

   SpringBootWebSecurityConfiguration.WebSecurityEnablerConfiguration:
      Did not match:
         - @ConditionalOnMissingBean (names: springSecurityFilterChain; SearchStrategy: all) found beans named springSecurityFilterChain (OnBeanCondition)
      Matched:
         - @ConditionalOnClass found required class 'org.springframework.security.config.annotation.web.configuration.EnableWebSecurity' (OnClassCondition)

   TaskExecutorConfigurations.SimpleAsyncTaskExecutorBuilderConfiguration#simpleAsyncTaskExecutorBuilderVirtualThreads:
      Did not match:
         - @ConditionalOnMissingBean (types: org.springframework.boot.task.SimpleAsyncTaskExecutorBuilder; SearchStrategy: all) found beans of type 'org.springframework.boot.task.SimpleAsyncTaskExecutorBuilder' simpleAsyncTaskExecutorBuilder (OnBeanCondition)

   TaskExecutorConfigurations.TaskExecutorConfiguration#applicationTaskExecutorVirtualThreads:
      Did not match:
         - @ConditionalOnThreading did not find VIRTUAL (OnThreadingCondition)

   TaskSchedulingAutoConfiguration#scheduledBeanLazyInitializationExcludeFilter:
      Did not match:
         - @ConditionalOnBean (names: org.springframework.context.annotation.internalScheduledAnnotationProcessor; SearchStrategy: all) did not find any beans named org.springframework.context.annotation.internalScheduledAnnotationProcessor (OnBeanCondition)

   TaskSchedulingConfigurations.SimpleAsyncTaskSchedulerBuilderConfiguration#simpleAsyncTaskSchedulerBuilderVirtualThreads:
      Did not match:
         - @ConditionalOnMissingBean (types: org.springframework.boot.task.SimpleAsyncTaskSchedulerBuilder; SearchStrategy: all) found beans of type 'org.springframework.boot.task.SimpleAsyncTaskSchedulerBuilder' simpleAsyncTaskSchedulerBuilder (OnBeanCondition)

   TaskSchedulingConfigurations.TaskSchedulerConfiguration:
      Did not match:
         - @ConditionalOnBean (names: org.springframework.context.annotation.internalScheduledAnnotationProcessor; SearchStrategy: all) did not find any beans named org.springframework.context.annotation.internalScheduledAnnotationProcessor (OnBeanCondition)

   ThymeleafAutoConfiguration:
      Did not match:
         - @ConditionalOnClass did not find required class 'org.thymeleaf.spring6.SpringTemplateEngine' (OnClassCondition)

   TransactionAutoConfiguration#transactionalOperator:
      Did not match:
         - @ConditionalOnSingleCandidate (types: org.springframework.transaction.ReactiveTransactionManager; SearchStrategy: all) did not find any beans (OnBeanCondition)

   TransactionAutoConfiguration.AspectJTransactionManagementConfiguration:
      Did not match:
         - @ConditionalOnBean (types: org.springframework.transaction.aspectj.AbstractTransactionAspect; SearchStrategy: all) did not find any beans of type org.springframework.transaction.aspectj.AbstractTransactionAspect (OnBeanCondition)

   TransactionAutoConfiguration.EnableTransactionManagementConfiguration.JdkDynamicAutoProxyConfiguration:
      Did not match:
         - @ConditionalOnProperty (spring.aop.proxy-target-class=false) did not find property 'proxy-target-class' (OnPropertyCondition)

   UserDetailsServiceAutoConfiguration:
      Did not match:
         - @ConditionalOnMissingBean (types: org.springframework.security.authentication.AuthenticationManager,org.springframework.security.authentication.AuthenticationProvider,org.springframework.security.core.userdetails.UserDetailsService,org.springframework.security.authentication.AuthenticationManagerResolver,org.springframework.security.oauth2.jwt.JwtDecoder; SearchStrategy: all) found beans of type 'org.springframework.security.authentication.AuthenticationManager' authenticationManager and found beans of type 'org.springframework.security.core.userdetails.UserDetailsService' myCustomUserDetailsService and found beans of type 'org.springframework.security.authentication.AuthenticationProvider' authenticationProvider (OnBeanCondition)
      Matched:
         - @ConditionalOnClass found required class 'org.springframework.security.authentication.AuthenticationManager' (OnClassCondition)
         - AnyNestedCondition 1 matched 2 did not; NestedCondition on UserDetailsServiceAutoConfiguration.MissingAlternativeOrUserPropertiesConfigured.PasswordConfigured @ConditionalOnProperty (spring.security.user.password) did not find property 'password'; NestedCondition on UserDetailsServiceAutoConfiguration.MissingAlternativeOrUserPropertiesConfigured.NameConfigured @ConditionalOnProperty (spring.security.user.name) did not find property 'name'; NestedCondition on UserDetailsServiceAutoConfiguration.MissingAlternativeOrUserPropertiesConfigured.MissingAlternative @ConditionalOnMissingClass did not find unwanted classes 'org.springframework.security.oauth2.client.registration.ClientRegistrationRepository', 'org.springframework.security.oauth2.server.resource.introspection.OpaqueTokenIntrospector', 'org.springframework.security.saml2.provider.service.registration.RelyingPartyRegistrationRepository' (UserDetailsServiceAutoConfiguration.MissingAlternativeOrUserPropertiesConfigured)

   ValidationAutoConfiguration:
      Did not match:
         - @ConditionalOnClass did not find required class 'jakarta.validation.executable.ExecutableValidator' (OnClassCondition)

   WebClientAutoConfiguration:
      Did not match:
         - @ConditionalOnClass did not find required class 'org.springframework.web.reactive.function.client.WebClient' (OnClassCondition)

   WebFluxAutoConfiguration:
      Did not match:
         - @ConditionalOnClass did not find required class 'org.springframework.web.reactive.config.WebFluxConfigurer' (OnClassCondition)

   WebMvcAutoConfiguration#hiddenHttpMethodFilter:
      Did not match:
         - @ConditionalOnProperty (spring.mvc.hiddenmethod.filter.enabled) did not find property 'enabled' (OnPropertyCondition)

   WebMvcAutoConfiguration.ProblemDetailsErrorHandlingConfiguration:
      Did not match:
         - @ConditionalOnProperty (spring.mvc.problemdetails.enabled=true) did not find property 'enabled' (OnPropertyCondition)

   WebMvcAutoConfiguration.ResourceChainCustomizerConfiguration:
      Did not match:
         - @ConditionalOnEnabledResourceChain did not find class org.webjars.WebJarAssetLocator (OnEnabledResourceChainCondition)

   WebMvcAutoConfiguration.WebMvcAutoConfigurationAdapter#beanNameViewResolver:
      Did not match:
         - @ConditionalOnBean (types: org.springframework.web.servlet.View; SearchStrategy: all) did not find any beans of type org.springframework.web.servlet.View (OnBeanCondition)

   WebServiceTemplateAutoConfiguration:
      Did not match:
         - @ConditionalOnClass did not find required class 'org.springframework.oxm.Marshaller' (OnClassCondition)

   WebServicesAutoConfiguration:
      Did not match:
         - @ConditionalOnClass did not find required class 'org.springframework.ws.transport.http.MessageDispatcherServlet' (OnClassCondition)

   WebSessionIdResolverAutoConfiguration:
      Did not match:
         - @ConditionalOnClass did not find required class 'reactor.core.publisher.Mono' (OnClassCondition)

   WebSocketMessagingAutoConfiguration:
      Did not match:
         - @ConditionalOnClass did not find required class 'org.springframework.web.socket.config.annotation.WebSocketMessageBrokerConfigurer' (OnClassCondition)

   WebSocketReactiveAutoConfiguration:
      Did not match:
         - @ConditionalOnWebApplication did not find reactive web application classes (OnWebApplicationCondition)

   WebSocketServletAutoConfiguration.JettyWebSocketConfiguration:
      Did not match:
         - @ConditionalOnClass did not find required class 'org.eclipse.jetty.ee10.websocket.jakarta.server.config.JakartaWebSocketServletContainerInitializer' (OnClassCondition)

   WebSocketServletAutoConfiguration.UndertowWebSocketConfiguration:
      Did not match:
         - @ConditionalOnClass did not find required class 'io.undertow.websockets.jsr.Bootstrap' (OnClassCondition)

   XADataSourceAutoConfiguration:
      Did not match:
         - @ConditionalOnBean (types: org.springframework.boot.jdbc.XADataSourceWrapper; SearchStrategy: all) did not find any beans of type org.springframework.boot.jdbc.XADataSourceWrapper (OnBeanCondition)
      Matched:
         - @ConditionalOnClass found required classes 'javax.sql.DataSource', 'jakarta.transaction.TransactionManager', 'org.springframework.jdbc.datasource.embedded.EmbeddedDatabaseType' (OnClassCondition)


Exclusions:
-----------

    None


Unconditional classes:
----------------------

    org.springframework.boot.autoconfigure.context.ConfigurationPropertiesAutoConfiguration

    org.springframework.boot.autoconfigure.ssl.SslAutoConfiguration

    org.springframework.boot.autoconfigure.context.LifecycleAutoConfiguration

    org.springframework.boot.autoconfigure.context.PropertyPlaceholderAutoConfiguration

    org.springframework.boot.autoconfigure.availability.ApplicationAvailabilityAutoConfiguration

    org.springframework.boot.autoconfigure.info.ProjectInfoAutoConfiguration



2024-12-11T22:33:06.723+01:00  INFO 25272 --- [backend] [           main] com.MyBackEnd.BackendApplicationTests    : Started BackendApplicationTests in 21.997 seconds (process running for 41.004)
2024-12-11T22:33:06.727+01:00 DEBUG 25272 --- [backend] [           main] o.s.b.a.ApplicationAvailabilityBean      : Application availability state LivenessState changed to CORRECT
2024-12-11T22:33:06.735+01:00 DEBUG 25272 --- [backend] [           main] o.s.b.a.ApplicationAvailabilityBean      : Application availability state ReadinessState changed to ACCEPTING_TRAFFIC
2024-12-11T22:33:06.740+01:00 DEBUG 25272 --- [backend] [           main] org.springframework.test.context.cache   : Spring test ApplicationContext cache statistics: [DefaultContextCache@9742012 size = 1, maxSize = 32, parentContextCount = 0, hitCount = 0, missCount = 1, failureCount = 0]
2024-12-11T22:33:06.741+01:00 DEBUG 25272 --- [backend] [           main] o.s.t.c.w.ServletTestExecutionListener   : Setting up MockHttpServletRequest, MockHttpServletResponse, ServletWebRequest, and RequestContextHolder for test class com.MyBackEnd.BackendApplicationTests
2024-12-11T22:33:06.778+01:00 DEBUG 25272 --- [backend] [           main] DependencyInjectionTestExecutionListener : Performing dependency injection for test class com.MyBackEnd.BackendApplicationTests
2024-12-11T22:33:06.778+01:00 DEBUG 25272 --- [backend] [           main] org.springframework.test.context.cache   : Spring test ApplicationContext cache statistics: [DefaultContextCache@9742012 size = 1, maxSize = 32, parentContextCount = 0, hitCount = 1, missCount = 1, failureCount = 0]
2024-12-11T22:33:06.781+01:00 DEBUG 25272 --- [backend] [           main] org.springframework.test.context.cache   : Spring test ApplicationContext cache statistics: [DefaultContextCache@9742012 size = 1, maxSize = 32, parentContextCount = 0, hitCount = 2, missCount = 1, failureCount = 0]
2024-12-11T22:33:06.795+01:00 DEBUG 25272 --- [backend] [           main] sContextBeforeModesTestExecutionListener : Before test method: class [BackendApplicationTests], method [contextLoads], class annotated with @DirtiesContext [false] with mode [null], method annotated with @DirtiesContext [false] with mode [null]
2024-12-11T22:33:06.801+01:00 DEBUG 25272 --- [backend] [           main] org.springframework.test.context.cache   : Spring test ApplicationContext cache statistics: [DefaultContextCache@9742012 size = 1, maxSize = 32, parentContextCount = 0, hitCount = 3, missCount = 1, failureCount = 0]
2024-12-11T22:33:06.803+01:00 DEBUG 25272 --- [backend] [           main] org.springframework.test.context.cache   : Spring test ApplicationContext cache statistics: [DefaultContextCache@9742012 size = 1, maxSize = 32, parentContextCount = 0, hitCount = 4, missCount = 1, failureCount = 0]
2024-12-11T22:33:07.693+01:00 DEBUG 25272 --- [backend] [           main] org.springframework.test.context.cache   : Spring test ApplicationContext cache statistics: [DefaultContextCache@9742012 size = 1, maxSize = 32, parentContextCount = 0, hitCount = 5, missCount = 1, failureCount = 0]
2024-12-11T22:33:07.699+01:00 DEBUG 25272 --- [backend] [           main] org.springframework.test.context.cache   : Spring test ApplicationContext cache statistics: [DefaultContextCache@9742012 size = 1, maxSize = 32, parentContextCount = 0, hitCount = 6, missCount = 1, failureCount = 0]
2024-12-11T22:33:07.700+01:00 DEBUG 25272 --- [backend] [           main] org.springframework.test.context.cache   : Spring test ApplicationContext cache statistics: [DefaultContextCache@9742012 size = 1, maxSize = 32, parentContextCount = 0, hitCount = 7, missCount = 1, failureCount = 0]
2024-12-11T22:33:07.700+01:00 DEBUG 25272 --- [backend] [           main] org.springframework.test.context.cache   : Spring test ApplicationContext cache statistics: [DefaultContextCache@9742012 size = 1, maxSize = 32, parentContextCount = 0, hitCount = 8, missCount = 1, failureCount = 0]
2024-12-11T22:33:07.702+01:00 DEBUG 25272 --- [backend] [           main] org.springframework.test.context.cache   : Spring test ApplicationContext cache statistics: [DefaultContextCache@9742012 size = 1, maxSize = 32, parentContextCount = 0, hitCount = 9, missCount = 1, failureCount = 0]
2024-12-11T22:33:07.703+01:00 DEBUG 25272 --- [backend] [           main] org.springframework.test.context.cache   : Spring test ApplicationContext cache statistics: [DefaultContextCache@9742012 size = 1, maxSize = 32, parentContextCount = 0, hitCount = 10, missCount = 1, failureCount = 0]
2024-12-11T22:33:07.704+01:00 DEBUG 25272 --- [backend] [           main] org.springframework.test.context.cache   : Spring test ApplicationContext cache statistics: [DefaultContextCache@9742012 size = 1, maxSize = 32, parentContextCount = 0, hitCount = 11, missCount = 1, failureCount = 0]
2024-12-11T22:33:07.706+01:00 DEBUG 25272 --- [backend] [           main] org.springframework.test.context.cache   : Spring test ApplicationContext cache statistics: [DefaultContextCache@9742012 size = 1, maxSize = 32, parentContextCount = 0, hitCount = 12, missCount = 1, failureCount = 0]
2024-12-11T22:33:07.709+01:00 DEBUG 25272 --- [backend] [           main] .c.s.DirtiesContextTestExecutionListener : After test method: class [BackendApplicationTests], method [contextLoads], class annotated with @DirtiesContext [false] with mode [null], method annotated with @DirtiesContext [false] with mode [null]
2024-12-11T22:33:07.709+01:00 DEBUG 25272 --- [backend] [           main] o.s.t.c.w.ServletTestExecutionListener   : Resetting RequestContextHolder for test class com.MyBackEnd.BackendApplicationTests
]]></system-out>
    <system-err><![CDATA[WARNING: A Java agent has been loaded dynamically (C:\Users\hp\.m2\repository\net\bytebuddy\byte-buddy-agent\1.14.19\byte-buddy-agent-1.14.19.jar)
WARNING: If a serviceability tool is in use, please run with -XX:+EnableDynamicAgentLoading to hide this warning
WARNING: If a serviceability tool is not in use, please run with -Djdk.instrument.traceUsage for more information
WARNING: Dynamic loading of agents will be disallowed by default in a future release
]]></system-err>
  </testcase>
</testsuite>